{"/Users/adarshpastakia/Workspace/Personal/aurelia-ui-framework/source/src/aurelia-ui-framework.ts": {"path":"/Users/adarshpastakia/Workspace/Personal/aurelia-ui-framework/source/src/aurelia-ui-framework.ts","statementMap":{"0":{"start":{"line":8,"column":0},"end":{"line":8,"column":79}},"1":{"start":{"line":9,"column":0},"end":{"line":9,"column":22}},"2":{"start":{"line":10,"column":0},"end":{"line":10,"column":25}},"3":{"start":{"line":11,"column":0},"end":{"line":11,"column":23}},"4":{"start":{"line":12,"column":0},"end":{"line":12,"column":23}},"5":{"start":{"line":13,"column":0},"end":{"line":13,"column":51}},"6":{"start":{"line":15,"column":0},"end":{"line":15,"column":44}},"7":{"start":{"line":15,"column":9},"end":{"line":15,"column":18}},"8":{"start":{"line":16,"column":0},"end":{"line":16,"column":46}},"9":{"start":{"line":16,"column":9},"end":{"line":16,"column":19}},"10":{"start":{"line":17,"column":0},"end":{"line":17,"column":44}},"11":{"start":{"line":17,"column":9},"end":{"line":17,"column":18}},"12":{"start":{"line":18,"column":0},"end":{"line":18,"column":42}},"13":{"start":{"line":19,"column":0},"end":{"line":19,"column":37}},"14":{"start":{"line":20,"column":0},"end":{"line":20,"column":36}},"15":{"start":{"line":21,"column":0},"end":{"line":21,"column":34}},"16":{"start":{"line":22,"column":0},"end":{"line":22,"column":32}},"17":{"start":{"line":24,"column":18},"end":{"line":26,"column":1}},"18":{"start":{"line":27,"column":0},"end":{"line":27,"column":54}},"19":{"start":{"line":28,"column":0},"end":{"line":28,"column":77}},"20":{"start":{"line":29,"column":0},"end":{"line":29,"column":41}},"21":{"start":{"line":30,"column":0},"end":{"line":30,"column":36}},"22":{"start":{"line":31,"column":0},"end":{"line":31,"column":36}},"23":{"start":{"line":42,"column":0},"end":{"line":143,"column":0}},"24":{"start":{"line":105,"column":2},"end":{"line":116,"column":2}},"25":{"start":{"line":105,"column":22},"end":{"line":105,"column":54}},"26":{"start":{"line":43,"column":9},"end":{"line":103,"column":4}},"27":{"start":{"line":45,"column":6},"end":{"line":50,"column":19}},"28":{"start":{"line":54,"column":6},"end":{"line":54,"column":70}},"29":{"start":{"line":55,"column":6},"end":{"line":55,"column":76}},"30":{"start":{"line":56,"column":6},"end":{"line":56,"column":69}},"31":{"start":{"line":57,"column":6},"end":{"line":57,"column":72}},"32":{"start":{"line":58,"column":6},"end":{"line":58,"column":74}},"33":{"start":{"line":59,"column":6},"end":{"line":59,"column":22}},"34":{"start":{"line":63,"column":6},"end":{"line":63,"column":66}},"35":{"start":{"line":64,"column":6},"end":{"line":64,"column":67}},"36":{"start":{"line":65,"column":6},"end":{"line":65,"column":70}},"37":{"start":{"line":66,"column":6},"end":{"line":66,"column":67}},"38":{"start":{"line":67,"column":6},"end":{"line":67,"column":70}},"39":{"start":{"line":68,"column":6},"end":{"line":68,"column":68}},"40":{"start":{"line":69,"column":6},"end":{"line":69,"column":66}},"41":{"start":{"line":70,"column":6},"end":{"line":70,"column":70}},"42":{"start":{"line":71,"column":6},"end":{"line":71,"column":67}},"43":{"start":{"line":72,"column":6},"end":{"line":72,"column":68}},"44":{"start":{"line":73,"column":6},"end":{"line":73,"column":66}},"45":{"start":{"line":74,"column":6},"end":{"line":74,"column":72}},"46":{"start":{"line":75,"column":6},"end":{"line":75,"column":74}},"47":{"start":{"line":76,"column":6},"end":{"line":76,"column":74}},"48":{"start":{"line":77,"column":6},"end":{"line":77,"column":22}},"49":{"start":{"line":81,"column":6},"end":{"line":81,"column":67}},"50":{"start":{"line":82,"column":6},"end":{"line":82,"column":68}},"51":{"start":{"line":83,"column":6},"end":{"line":83,"column":67}},"52":{"start":{"line":84,"column":6},"end":{"line":84,"column":72}},"53":{"start":{"line":85,"column":6},"end":{"line":85,"column":72}},"54":{"start":{"line":86,"column":6},"end":{"line":86,"column":68}},"55":{"start":{"line":87,"column":6},"end":{"line":87,"column":69}},"56":{"start":{"line":88,"column":6},"end":{"line":88,"column":22}},"57":{"start":{"line":92,"column":6},"end":{"line":92,"column":65}},"58":{"start":{"line":93,"column":6},"end":{"line":93,"column":68}},"59":{"start":{"line":94,"column":6},"end":{"line":94,"column":69}},"60":{"start":{"line":95,"column":6},"end":{"line":95,"column":22}},"61":{"start":{"line":99,"column":6},"end":{"line":99,"column":71}},"62":{"start":{"line":100,"column":6},"end":{"line":100,"column":71}},"63":{"start":{"line":101,"column":6},"end":{"line":101,"column":22}},"64":{"start":{"line":106,"column":4},"end":{"line":106,"column":67}},"65":{"start":{"line":107,"column":4},"end":{"line":107,"column":69}},"66":{"start":{"line":108,"column":4},"end":{"line":108,"column":63}},"67":{"start":{"line":109,"column":4},"end":{"line":109,"column":63}},"68":{"start":{"line":110,"column":4},"end":{"line":110,"column":63}},"69":{"start":{"line":112,"column":4},"end":{"line":112,"column":72}},"70":{"start":{"line":114,"column":4},"end":{"line":114,"column":77}},"71":{"start":{"line":115,"column":4},"end":{"line":115,"column":75}},"72":{"start":{"line":118,"column":9},"end":{"line":121,"column":3}},"73":{"start":{"line":119,"column":4},"end":{"line":119,"column":37}},"74":{"start":{"line":120,"column":4},"end":{"line":120,"column":16}},"75":{"start":{"line":122,"column":9},"end":{"line":125,"column":3}},"76":{"start":{"line":123,"column":4},"end":{"line":123,"column":40}},"77":{"start":{"line":124,"column":4},"end":{"line":124,"column":16}},"78":{"start":{"line":126,"column":9},"end":{"line":129,"column":3}},"79":{"start":{"line":127,"column":4},"end":{"line":127,"column":39}},"80":{"start":{"line":128,"column":4},"end":{"line":128,"column":16}},"81":{"start":{"line":131,"column":9},"end":{"line":134,"column":3}},"82":{"start":{"line":132,"column":4},"end":{"line":132,"column":39}},"83":{"start":{"line":133,"column":4},"end":{"line":133,"column":16}},"84":{"start":{"line":135,"column":9},"end":{"line":138,"column":3}},"85":{"start":{"line":136,"column":4},"end":{"line":136,"column":39}},"86":{"start":{"line":137,"column":4},"end":{"line":137,"column":16}},"87":{"start":{"line":140,"column":10},"end":{"line":142,"column":3}},"88":{"start":{"line":141,"column":4},"end":{"line":141,"column":46}},"89":{"start":{"line":143,"column":0},"end":{"line":143,"column":1}},"90":{"start":{"line":42,"column":13},"end":{"line":42,"column":30}},"91":{"start":{"line":149,"column":2},"end":{"line":149,"column":42}},"92":{"start":{"line":151,"column":17},"end":{"line":151,"column":48}},"93":{"start":{"line":152,"column":2},"end":{"line":156,"column":3}},"94":{"start":{"line":153,"column":4},"end":{"line":153,"column":27}},"95":{"start":{"line":155,"column":4},"end":{"line":155,"column":21}},"96":{"start":{"line":158,"column":2},"end":{"line":158,"column":45}},"97":{"start":{"line":145,"column":0},"end":{"line":159,"column":1}}},"fnMap":{"0":{"name":"(anonymous_1)","decl":{"start":{"line":24,"column":18},"end":{"line":null,"column":-1}},"loc":{"start":{"line":24,"column":18},"end":{"line":26,"column":1}}},"1":{"name":"(anonymous_2)","decl":{"start":{"line":42,"column":0},"end":{"line":null,"column":-1}},"loc":{"start":{"line":42,"column":0},"end":{"line":42,"column":-1}}},"2":{"name":"UIFrameworkConfig","decl":{"start":{"line":105,"column":2},"end":{"line":105,"column":21}},"loc":{"start":{"line":105,"column":54},"end":{"line":116,"column":3}}},"3":{"name":"(anonymous_4)","decl":{"start":{"line":44,"column":9},"end":{"line":null,"column":-1}},"loc":{"start":{"line":44,"column":9},"end":{"line":51,"column":5}}},"4":{"name":"(anonymous_5)","decl":{"start":{"line":53,"column":13},"end":{"line":null,"column":-1}},"loc":{"start":{"line":53,"column":13},"end":{"line":60,"column":5}}},"5":{"name":"(anonymous_6)","decl":{"start":{"line":62,"column":11},"end":{"line":null,"column":-1}},"loc":{"start":{"line":62,"column":11},"end":{"line":78,"column":5}}},"6":{"name":"(anonymous_7)","decl":{"start":{"line":80,"column":12},"end":{"line":null,"column":-1}},"loc":{"start":{"line":80,"column":12},"end":{"line":89,"column":5}}},"7":{"name":"(anonymous_8)","decl":{"start":{"line":91,"column":11},"end":{"line":null,"column":-1}},"loc":{"start":{"line":91,"column":11},"end":{"line":96,"column":5}}},"8":{"name":"(anonymous_9)","decl":{"start":{"line":98,"column":13},"end":{"line":null,"column":-1}},"loc":{"start":{"line":98,"column":13},"end":{"line":102,"column":5}}},"9":{"name":"(anonymous_10)","decl":{"start":{"line":118,"column":2},"end":{"line":118,"column":17}},"loc":{"start":{"line":118,"column":27},"end":{"line":121,"column":3}}},"10":{"name":"(anonymous_11)","decl":{"start":{"line":122,"column":2},"end":{"line":122,"column":20}},"loc":{"start":{"line":122,"column":30},"end":{"line":125,"column":3}}},"11":{"name":"(anonymous_12)","decl":{"start":{"line":126,"column":2},"end":{"line":126,"column":19}},"loc":{"start":{"line":126,"column":29},"end":{"line":129,"column":3}}},"12":{"name":"(anonymous_13)","decl":{"start":{"line":131,"column":2},"end":{"line":131,"column":22}},"loc":{"start":{"line":131,"column":32},"end":{"line":134,"column":3}}},"13":{"name":"(anonymous_14)","decl":{"start":{"line":135,"column":2},"end":{"line":135,"column":22}},"loc":{"start":{"line":135,"column":43},"end":{"line":138,"column":3}}},"14":{"name":"(anonymous_15)","decl":{"start":{"line":140,"column":2},"end":{"line":140,"column":24}},"loc":{"start":{"line":140,"column":35},"end":{"line":142,"column":3}}},"15":{"name":"configure","decl":{"start":{"line":145,"column":16},"end":{"line":145,"column":25}},"loc":{"start":{"line":147,"column":53},"end":{"line":159,"column":1}}}},"branchMap":{"0":{"loc":{"start":{"line":152,"column":2},"end":{"line":156,"column":3}},"type":"if","locations":[{"start":{"line":152,"column":2},"end":{"line":156,"column":3}},{"start":{"line":152,"column":2},"end":{"line":156,"column":3}}]}},"s":{"0":12,"1":12,"2":12,"3":12,"4":12,"5":12,"6":12,"7":12,"8":12,"9":12,"10":12,"11":12,"12":12,"13":12,"14":12,"15":12,"16":12,"17":12,"18":12,"19":12,"20":12,"21":12,"22":12,"23":12,"24":11,"25":11,"26":11,"27":11,"28":11,"29":11,"30":11,"31":11,"32":11,"33":11,"34":11,"35":11,"36":11,"37":11,"38":11,"39":11,"40":11,"41":11,"42":11,"43":11,"44":11,"45":11,"46":11,"47":11,"48":11,"49":11,"50":11,"51":11,"52":11,"53":11,"54":11,"55":11,"56":11,"57":11,"58":11,"59":11,"60":11,"61":11,"62":11,"63":11,"64":11,"65":11,"66":11,"67":11,"68":11,"69":11,"70":11,"71":11,"72":12,"73":1,"74":1,"75":12,"76":1,"77":1,"78":12,"79":1,"80":1,"81":12,"82":1,"83":1,"84":12,"85":1,"86":1,"87":12,"88":429,"89":12,"90":12,"91":11,"92":11,"93":11,"94":1,"95":10,"96":11,"97":12},"f":{"0":7,"1":12,"2":11,"3":11,"4":11,"5":11,"6":11,"7":11,"8":11,"9":1,"10":1,"11":1,"12":1,"13":1,"14":429,"15":11},"b":{"0":[1,10]}}
,"/Users/adarshpastakia/Workspace/Personal/aurelia-ui-framework/source/src/appbars/ui-sidebar.ts": {"path":"/Users/adarshpastakia/Workspace/Personal/aurelia-ui-framework/source/src/appbars/ui-sidebar.ts","statementMap":{"0":{"start":{"line":8,"column":0},"end":{"line":15,"column":26}},"1":{"start":{"line":16,"column":0},"end":{"line":16,"column":49}},"2":{"start":{"line":20,"column":0},"end":{"line":61,"column":0}},"3":{"start":{"line":45,"column":2},"end":{"line":49,"column":2}},"4":{"start":{"line":45,"column":22},"end":{"line":45,"column":38}},"5":{"start":{"line":22,"column":9},"end":{"line":22,"column":33}},"6":{"start":{"line":26,"column":9},"end":{"line":26,"column":33}},"7":{"start":{"line":28,"column":9},"end":{"line":28,"column":35}},"8":{"start":{"line":38,"column":9},"end":{"line":38,"column":36}},"9":{"start":{"line":40,"column":12},"end":{"line":40,"column":34}},"10":{"start":{"line":41,"column":12},"end":{"line":41,"column":41}},"11":{"start":{"line":46,"column":4},"end":{"line":46,"column":59}},"12":{"start":{"line":48,"column":4},"end":{"line":48,"column":98}},"13":{"start":{"line":48,"column":77},"end":{"line":48,"column":96}},"14":{"start":{"line":51,"column":12},"end":{"line":55,"column":3}},"15":{"start":{"line":52,"column":4},"end":{"line":54,"column":5}},"16":{"start":{"line":53,"column":6},"end":{"line":53,"column":29}},"17":{"start":{"line":58,"column":2},"end":{"line":60,"column":3}},"18":{"start":{"line":59,"column":4},"end":{"line":59,"column":69}},"19":{"start":{"line":22,"column":2},"end":{"line":22,"column":33}},"20":{"start":{"line":24,"column":2},"end":{"line":24,"column":23}},"21":{"start":{"line":26,"column":2},"end":{"line":26,"column":33}},"22":{"start":{"line":28,"column":2},"end":{"line":28,"column":35}},"23":{"start":{"line":31,"column":2},"end":{"line":31,"column":25}},"24":{"start":{"line":33,"column":2},"end":{"line":33,"column":28}},"25":{"start":{"line":35,"column":2},"end":{"line":35,"column":29}},"26":{"start":{"line":38,"column":2},"end":{"line":38,"column":36}},"27":{"start":{"line":20,"column":13},"end":{"line":61,"column":1}},"28":{"start":{"line":61,"column":0},"end":{"line":61,"column":1}},"29":{"start":{"line":20,"column":13},"end":{"line":20,"column":22}}},"fnMap":{"0":{"name":"(anonymous_2)","decl":{"start":{"line":20,"column":0},"end":{"line":null,"column":-1}},"loc":{"start":{"line":20,"column":0},"end":{"line":20,"column":-1}}},"1":{"name":"UISidebar","decl":{"start":{"line":45,"column":2},"end":{"line":45,"column":21}},"loc":{"start":{"line":45,"column":38},"end":{"line":49,"column":3}}},"2":{"name":"(anonymous_4)","decl":{"start":{"line":48,"column":71},"end":{"line":48,"column":76}},"loc":{"start":{"line":48,"column":71},"end":{"line":48,"column":96}}},"3":{"name":"(anonymous_5)","decl":{"start":{"line":51,"column":2},"end":{"line":null,"column":-1}},"loc":{"start":{"line":51,"column":2},"end":{"line":55,"column":3}}},"4":{"name":"(anonymous_6)","decl":{"start":{"line":58,"column":2},"end":{"line":null,"column":-1}},"loc":{"start":{"line":58,"column":2},"end":{"line":60,"column":3}}}},"branchMap":{"0":{"loc":{"start":{"line":52,"column":4},"end":{"line":54,"column":5}},"type":"if","locations":[{"start":{"line":52,"column":4},"end":{"line":54,"column":5}},{"start":{"line":52,"column":4},"end":{"line":54,"column":5}}]},"1":{"loc":{"start":{"line":59,"column":31},"end":{"line":59,"column":39}},"type":"cond-expr","locations":[{"start":{"line":59,"column":31},"end":{"line":59,"column":39}},{"start":{"line":59,"column":42},"end":{"line":59,"column":52}}]}},"s":{"0":11,"1":11,"2":11,"3":0,"4":0,"5":0,"6":0,"7":0,"8":0,"9":0,"10":0,"11":0,"12":0,"13":0,"14":11,"15":0,"16":0,"17":22,"18":0,"19":11,"20":11,"21":11,"22":11,"23":11,"24":11,"25":11,"26":11,"27":11,"28":11,"29":11},"f":{"0":11,"1":0,"2":0,"3":0,"4":0},"b":{"0":[0,0],"1":[0,0]}}
,"/Users/adarshpastakia/Workspace/Personal/aurelia-ui-framework/source/src/appbars/ui-toolbar.ts": {"path":"/Users/adarshpastakia/Workspace/Personal/aurelia-ui-framework/source/src/appbars/ui-toolbar.ts","statementMap":{"0":{"start":{"line":8,"column":0},"end":{"line":8,"column":73}},"1":{"start":{"line":13,"column":0},"end":{"line":15,"column":0}},"2":{"start":{"line":14,"column":22},"end":{"line":14,"column":38}},"3":{"start":{"line":13,"column":13},"end":{"line":15,"column":1}},"4":{"start":{"line":15,"column":0},"end":{"line":15,"column":1}},"5":{"start":{"line":13,"column":13},"end":{"line":13,"column":22}}},"fnMap":{"0":{"name":"(anonymous_2)","decl":{"start":{"line":13,"column":0},"end":{"line":null,"column":-1}},"loc":{"start":{"line":13,"column":0},"end":{"line":13,"column":-1}}},"1":{"name":"UIToolbar","decl":{"start":{"line":14,"column":2},"end":{"line":14,"column":21}},"loc":{"start":{"line":14,"column":38},"end":{"line":14,"column":42}}}},"branchMap":{},"s":{"0":11,"1":11,"2":1,"3":11,"4":11,"5":11},"f":{"0":11,"1":1},"b":{}}
,"/Users/adarshpastakia/Workspace/Personal/aurelia-ui-framework/source/src/attributes/ui-badge.ts": {"path":"/Users/adarshpastakia/Workspace/Personal/aurelia-ui-framework/source/src/attributes/ui-badge.ts","statementMap":{"0":{"start":{"line":7,"column":0},"end":{"line":7,"column":73}},"1":{"start":{"line":8,"column":0},"end":{"line":8,"column":49}},"2":{"start":{"line":12,"column":0},"end":{"line":37,"column":0}},"3":{"start":{"line":22,"column":24},"end":{"line":22,"column":40}},"4":{"start":{"line":14,"column":12},"end":{"line":14,"column":31}},"5":{"start":{"line":16,"column":12},"end":{"line":16,"column":30}},"6":{"start":{"line":18,"column":12},"end":{"line":18,"column":31}},"7":{"start":{"line":20,"column":12},"end":{"line":20,"column":33}},"8":{"start":{"line":24,"column":12},"end":{"line":36,"column":3}},"9":{"start":{"line":25,"column":4},"end":{"line":35,"column":5}},"10":{"start":{"line":26,"column":17},"end":{"line":26,"column":43}},"11":{"start":{"line":27,"column":19},"end":{"line":32,"column":7}},"12":{"start":{"line":33,"column":6},"end":{"line":33,"column":96}},"13":{"start":{"line":34,"column":6},"end":{"line":34,"column":22}},"14":{"start":{"line":14,"column":2},"end":{"line":14,"column":31}},"15":{"start":{"line":16,"column":2},"end":{"line":16,"column":30}},"16":{"start":{"line":18,"column":2},"end":{"line":18,"column":31}},"17":{"start":{"line":20,"column":2},"end":{"line":20,"column":33}},"18":{"start":{"line":12,"column":13},"end":{"line":37,"column":1}},"19":{"start":{"line":37,"column":0},"end":{"line":37,"column":1}},"20":{"start":{"line":12,"column":13},"end":{"line":12,"column":20}}},"fnMap":{"0":{"name":"(anonymous_2)","decl":{"start":{"line":12,"column":0},"end":{"line":null,"column":-1}},"loc":{"start":{"line":12,"column":0},"end":{"line":12,"column":-1}}},"1":{"name":"UIBadge","decl":{"start":{"line":22,"column":2},"end":{"line":22,"column":23}},"loc":{"start":{"line":22,"column":40},"end":{"line":22,"column":44}}},"2":{"name":"(anonymous_4)","decl":{"start":{"line":24,"column":2},"end":{"line":null,"column":-1}},"loc":{"start":{"line":24,"column":2},"end":{"line":36,"column":3}}}},"branchMap":{"0":{"loc":{"start":{"line":25,"column":4},"end":{"line":35,"column":5}},"type":"if","locations":[{"start":{"line":25,"column":4},"end":{"line":35,"column":5}},{"start":{"line":25,"column":4},"end":{"line":35,"column":5}}]},"1":{"loc":{"start":{"line":25,"column":8},"end":{"line":25,"column":18}},"type":"binary-expr","locations":[{"start":{"line":25,"column":8},"end":{"line":25,"column":18}},{"start":{"line":25,"column":22},"end":{"line":25,"column":31}}]},"2":{"loc":{"start":{"line":33,"column":26},"end":{"line":33,"column":36}},"type":"cond-expr","locations":[{"start":{"line":33,"column":26},"end":{"line":33,"column":36}},{"start":{"line":33,"column":39},"end":{"line":33,"column":67}}]},"3":{"loc":{"start":{"line":33,"column":7},"end":{"line":33,"column":9}},"type":"binary-expr","locations":[{"start":{"line":33,"column":7},"end":{"line":33,"column":9}},{"start":{"line":33,"column":13},"end":{"line":33,"column":23}}]},"4":{"loc":{"start":{"line":33,"column":39},"end":{"line":33,"column":51}},"type":"binary-expr","locations":[{"start":{"line":33,"column":39},"end":{"line":33,"column":51}},{"start":{"line":33,"column":55},"end":{"line":33,"column":67}}]}},"s":{"0":11,"1":11,"2":11,"3":0,"4":0,"5":0,"6":0,"7":0,"8":11,"9":0,"10":0,"11":0,"12":0,"13":0,"14":11,"15":11,"16":11,"17":11,"18":11,"19":11,"20":11},"f":{"0":11,"1":0,"2":0},"b":{"0":[0,0],"1":[0,0],"2":[0,0],"3":[0,0],"4":[0,0]}}
,"/Users/adarshpastakia/Workspace/Personal/aurelia-ui-framework/source/src/attributes/ui-helpers.ts": {"path":"/Users/adarshpastakia/Workspace/Personal/aurelia-ui-framework/source/src/attributes/ui-helpers.ts","statementMap":{"0":{"start":{"line":8,"column":0},"end":{"line":8,"column":63}},"1":{"start":{"line":11,"column":0},"end":{"line":47,"column":0}},"2":{"start":{"line":17,"column":24},"end":{"line":17,"column":40}},"3":{"start":{"line":12,"column":12},"end":{"line":12,"column":32}},"4":{"start":{"line":13,"column":12},"end":{"line":13,"column":38}},"5":{"start":{"line":14,"column":12},"end":{"line":14,"column":41}},"6":{"start":{"line":15,"column":12},"end":{"line":15,"column":38}},"7":{"start":{"line":19,"column":12},"end":{"line":21,"column":3}},"8":{"start":{"line":20,"column":4},"end":{"line":20,"column":23}},"9":{"start":{"line":23,"column":12},"end":{"line":25,"column":3}},"10":{"start":{"line":24,"column":4},"end":{"line":24,"column":23}},"11":{"start":{"line":27,"column":12},"end":{"line":46,"column":3}},"12":{"start":{"line":27,"column":2},"end":{"line":46,"column":2}},"13":{"start":{"line":28,"column":13},"end":{"line":28,"column":25}},"14":{"start":{"line":29,"column":15},"end":{"line":29,"column":41}},"15":{"start":{"line":30,"column":4},"end":{"line":32,"column":5}},"16":{"start":{"line":31,"column":6},"end":{"line":31,"column":24}},"17":{"start":{"line":33,"column":4},"end":{"line":45,"column":5}},"18":{"start":{"line":34,"column":6},"end":{"line":38,"column":7}},"19":{"start":{"line":35,"column":8},"end":{"line":35,"column":98}},"20":{"start":{"line":35,"column":46},"end":{"line":35,"column":96}},"21":{"start":{"line":37,"column":8},"end":{"line":37,"column":46}},"22":{"start":{"line":39,"column":6},"end":{"line":39,"column":33}},"23":{"start":{"line":40,"column":6},"end":{"line":44,"column":7}},"24":{"start":{"line":41,"column":8},"end":{"line":41,"column":92}},"25":{"start":{"line":41,"column":43},"end":{"line":41,"column":90}},"26":{"start":{"line":42,"column":13},"end":{"line":44,"column":7}},"27":{"start":{"line":43,"column":8},"end":{"line":43,"column":43}},"28":{"start":{"line":11,"column":6},"end":{"line":47,"column":1}},"29":{"start":{"line":47,"column":0},"end":{"line":47,"column":1}},"30":{"start":{"line":51,"column":0},"end":{"line":51,"column":42}},"31":{"start":{"line":51,"column":29},"end":{"line":51,"column":42}},"32":{"start":{"line":49,"column":0},"end":{"line":53,"column":0}},"33":{"start":{"line":52,"column":12},"end":{"line":52,"column":32}},"34":{"start":{"line":51,"column":13},"end":{"line":53,"column":1}},"35":{"start":{"line":53,"column":0},"end":{"line":53,"column":1}},"36":{"start":{"line":51,"column":13},"end":{"line":51,"column":20}},"37":{"start":{"line":57,"column":0},"end":{"line":57,"column":39}},"38":{"start":{"line":57,"column":26},"end":{"line":57,"column":39}},"39":{"start":{"line":55,"column":0},"end":{"line":59,"column":0}},"40":{"start":{"line":58,"column":12},"end":{"line":58,"column":29}},"41":{"start":{"line":57,"column":13},"end":{"line":59,"column":1}},"42":{"start":{"line":59,"column":0},"end":{"line":59,"column":1}},"43":{"start":{"line":57,"column":13},"end":{"line":57,"column":17}},"44":{"start":{"line":63,"column":0},"end":{"line":63,"column":42}},"45":{"start":{"line":63,"column":29},"end":{"line":63,"column":42}},"46":{"start":{"line":61,"column":0},"end":{"line":65,"column":0}},"47":{"start":{"line":64,"column":12},"end":{"line":64,"column":32}},"48":{"start":{"line":63,"column":13},"end":{"line":65,"column":1}},"49":{"start":{"line":65,"column":0},"end":{"line":65,"column":1}},"50":{"start":{"line":63,"column":13},"end":{"line":63,"column":20}},"51":{"start":{"line":69,"column":0},"end":{"line":69,"column":42}},"52":{"start":{"line":69,"column":29},"end":{"line":69,"column":42}},"53":{"start":{"line":67,"column":0},"end":{"line":71,"column":0}},"54":{"start":{"line":70,"column":12},"end":{"line":70,"column":32}},"55":{"start":{"line":69,"column":13},"end":{"line":71,"column":1}},"56":{"start":{"line":71,"column":0},"end":{"line":71,"column":1}},"57":{"start":{"line":69,"column":13},"end":{"line":69,"column":20}},"58":{"start":{"line":75,"column":0},"end":{"line":75,"column":44}},"59":{"start":{"line":75,"column":31},"end":{"line":75,"column":44}},"60":{"start":{"line":73,"column":0},"end":{"line":77,"column":0}},"61":{"start":{"line":76,"column":12},"end":{"line":76,"column":34}},"62":{"start":{"line":75,"column":13},"end":{"line":77,"column":1}},"63":{"start":{"line":77,"column":0},"end":{"line":77,"column":1}},"64":{"start":{"line":75,"column":13},"end":{"line":75,"column":22}},"65":{"start":{"line":81,"column":0},"end":{"line":81,"column":43}},"66":{"start":{"line":81,"column":30},"end":{"line":81,"column":43}},"67":{"start":{"line":79,"column":0},"end":{"line":83,"column":0}},"68":{"start":{"line":82,"column":12},"end":{"line":82,"column":33}},"69":{"start":{"line":81,"column":13},"end":{"line":83,"column":1}},"70":{"start":{"line":83,"column":0},"end":{"line":83,"column":1}},"71":{"start":{"line":81,"column":13},"end":{"line":81,"column":21}},"72":{"start":{"line":87,"column":0},"end":{"line":87,"column":43}},"73":{"start":{"line":87,"column":30},"end":{"line":87,"column":43}},"74":{"start":{"line":85,"column":0},"end":{"line":89,"column":0}},"75":{"start":{"line":88,"column":12},"end":{"line":88,"column":33}},"76":{"start":{"line":87,"column":13},"end":{"line":89,"column":1}},"77":{"start":{"line":89,"column":0},"end":{"line":89,"column":1}},"78":{"start":{"line":87,"column":13},"end":{"line":87,"column":21}},"79":{"start":{"line":93,"column":0},"end":{"line":93,"column":41}},"80":{"start":{"line":93,"column":28},"end":{"line":93,"column":41}},"81":{"start":{"line":91,"column":0},"end":{"line":95,"column":0}},"82":{"start":{"line":94,"column":12},"end":{"line":94,"column":31}},"83":{"start":{"line":93,"column":13},"end":{"line":95,"column":1}},"84":{"start":{"line":95,"column":0},"end":{"line":95,"column":1}},"85":{"start":{"line":93,"column":13},"end":{"line":93,"column":19}},"86":{"start":{"line":99,"column":0},"end":{"line":99,"column":43}},"87":{"start":{"line":99,"column":30},"end":{"line":99,"column":43}},"88":{"start":{"line":97,"column":0},"end":{"line":101,"column":0}},"89":{"start":{"line":100,"column":12},"end":{"line":100,"column":33}},"90":{"start":{"line":99,"column":13},"end":{"line":101,"column":1}},"91":{"start":{"line":101,"column":0},"end":{"line":101,"column":1}},"92":{"start":{"line":99,"column":13},"end":{"line":99,"column":21}},"93":{"start":{"line":105,"column":0},"end":{"line":105,"column":41}},"94":{"start":{"line":105,"column":28},"end":{"line":105,"column":41}},"95":{"start":{"line":103,"column":0},"end":{"line":107,"column":0}},"96":{"start":{"line":106,"column":12},"end":{"line":106,"column":31}},"97":{"start":{"line":105,"column":13},"end":{"line":107,"column":1}},"98":{"start":{"line":107,"column":0},"end":{"line":107,"column":1}},"99":{"start":{"line":105,"column":13},"end":{"line":105,"column":19}},"100":{"start":{"line":111,"column":0},"end":{"line":111,"column":42}},"101":{"start":{"line":111,"column":29},"end":{"line":111,"column":42}},"102":{"start":{"line":109,"column":0},"end":{"line":113,"column":0}},"103":{"start":{"line":112,"column":12},"end":{"line":112,"column":32}},"104":{"start":{"line":111,"column":13},"end":{"line":113,"column":1}},"105":{"start":{"line":113,"column":0},"end":{"line":113,"column":1}},"106":{"start":{"line":111,"column":13},"end":{"line":111,"column":20}},"107":{"start":{"line":117,"column":0},"end":{"line":117,"column":43}},"108":{"start":{"line":117,"column":30},"end":{"line":117,"column":43}},"109":{"start":{"line":115,"column":0},"end":{"line":119,"column":0}},"110":{"start":{"line":118,"column":12},"end":{"line":118,"column":33}},"111":{"start":{"line":117,"column":13},"end":{"line":119,"column":1}},"112":{"start":{"line":119,"column":0},"end":{"line":119,"column":1}},"113":{"start":{"line":117,"column":13},"end":{"line":117,"column":21}},"114":{"start":{"line":123,"column":0},"end":{"line":123,"column":41}},"115":{"start":{"line":123,"column":28},"end":{"line":123,"column":41}},"116":{"start":{"line":121,"column":0},"end":{"line":125,"column":0}},"117":{"start":{"line":124,"column":12},"end":{"line":124,"column":31}},"118":{"start":{"line":123,"column":13},"end":{"line":125,"column":1}},"119":{"start":{"line":125,"column":0},"end":{"line":125,"column":1}},"120":{"start":{"line":123,"column":13},"end":{"line":123,"column":19}},"121":{"start":{"line":129,"column":0},"end":{"line":129,"column":41}},"122":{"start":{"line":129,"column":28},"end":{"line":129,"column":41}},"123":{"start":{"line":127,"column":0},"end":{"line":131,"column":0}},"124":{"start":{"line":130,"column":12},"end":{"line":130,"column":31}},"125":{"start":{"line":129,"column":13},"end":{"line":131,"column":1}},"126":{"start":{"line":131,"column":0},"end":{"line":131,"column":1}},"127":{"start":{"line":129,"column":13},"end":{"line":129,"column":19}},"128":{"start":{"line":135,"column":0},"end":{"line":135,"column":41}},"129":{"start":{"line":135,"column":28},"end":{"line":135,"column":41}},"130":{"start":{"line":133,"column":0},"end":{"line":147,"column":0}},"131":{"start":{"line":136,"column":12},"end":{"line":136,"column":31}},"132":{"start":{"line":137,"column":12},"end":{"line":137,"column":28}},"133":{"start":{"line":139,"column":12},"end":{"line":142,"column":3}},"134":{"start":{"line":140,"column":4},"end":{"line":140,"column":17}},"135":{"start":{"line":141,"column":4},"end":{"line":141,"column":24}},"136":{"start":{"line":144,"column":12},"end":{"line":146,"column":3}},"137":{"start":{"line":145,"column":5},"end":{"line":145,"column":81}},"138":{"start":{"line":135,"column":13},"end":{"line":147,"column":1}},"139":{"start":{"line":147,"column":0},"end":{"line":147,"column":1}},"140":{"start":{"line":135,"column":13},"end":{"line":135,"column":19}},"141":{"start":{"line":151,"column":0},"end":{"line":151,"column":42}},"142":{"start":{"line":151,"column":29},"end":{"line":151,"column":42}},"143":{"start":{"line":149,"column":0},"end":{"line":154,"column":0}},"144":{"start":{"line":152,"column":12},"end":{"line":152,"column":32}},"145":{"start":{"line":153,"column":12},"end":{"line":153,"column":28}},"146":{"start":{"line":151,"column":13},"end":{"line":154,"column":1}},"147":{"start":{"line":154,"column":0},"end":{"line":154,"column":1}},"148":{"start":{"line":151,"column":13},"end":{"line":151,"column":20}},"149":{"start":{"line":158,"column":0},"end":{"line":158,"column":43}},"150":{"start":{"line":158,"column":30},"end":{"line":158,"column":43}},"151":{"start":{"line":156,"column":0},"end":{"line":160,"column":0}},"152":{"start":{"line":159,"column":12},"end":{"line":159,"column":33}},"153":{"start":{"line":158,"column":13},"end":{"line":160,"column":1}},"154":{"start":{"line":160,"column":0},"end":{"line":160,"column":1}},"155":{"start":{"line":158,"column":13},"end":{"line":158,"column":21}}},"fnMap":{"0":{"name":"(anonymous_8)","decl":{"start":{"line":11,"column":0},"end":{"line":null,"column":-1}},"loc":{"start":{"line":11,"column":0},"end":{"line":11,"column":-1}}},"1":{"name":"BaseAttribute","decl":{"start":{"line":17,"column":2},"end":{"line":17,"column":23}},"loc":{"start":{"line":17,"column":40},"end":{"line":17,"column":44}}},"2":{"name":"(anonymous_10)","decl":{"start":{"line":19,"column":2},"end":{"line":null,"column":-1}},"loc":{"start":{"line":19,"column":2},"end":{"line":21,"column":3}}},"3":{"name":"(anonymous_11)","decl":{"start":{"line":23,"column":2},"end":{"line":null,"column":-1}},"loc":{"start":{"line":23,"column":2},"end":{"line":25,"column":3}}},"4":{"name":"(anonymous_12)","decl":{"start":{"line":27,"column":2},"end":{"line":null,"column":-1}},"loc":{"start":{"line":27,"column":2},"end":{"line":46,"column":3}}},"5":{"name":"(anonymous_13)","decl":{"start":{"line":35,"column":41},"end":{"line":35,"column":40}},"loc":{"start":{"line":35,"column":42},"end":{"line":35,"column":96}}},"6":{"name":"(anonymous_14)","decl":{"start":{"line":41,"column":38},"end":{"line":41,"column":37}},"loc":{"start":{"line":41,"column":39},"end":{"line":41,"column":90}}},"7":{"name":"(anonymous_15)","decl":{"start":{"line":51,"column":0},"end":{"line":null,"column":-1}},"loc":{"start":{"line":51,"column":0},"end":{"line":51,"column":-1}}},"8":{"name":"UITheme","decl":{"start":{"line":49,"column":0},"end":{"line":null,"column":-1}},"loc":{"start":{"line":49,"column":0},"end":{"line":53,"column":1}}},"9":{"name":"(anonymous_17)","decl":{"start":{"line":57,"column":0},"end":{"line":null,"column":-1}},"loc":{"start":{"line":57,"column":0},"end":{"line":57,"column":-1}}},"10":{"name":"UIBg","decl":{"start":{"line":55,"column":0},"end":{"line":null,"column":-1}},"loc":{"start":{"line":55,"column":0},"end":{"line":59,"column":1}}},"11":{"name":"(anonymous_19)","decl":{"start":{"line":63,"column":0},"end":{"line":null,"column":-1}},"loc":{"start":{"line":63,"column":0},"end":{"line":63,"column":-1}}},"12":{"name":"UIColor","decl":{"start":{"line":61,"column":0},"end":{"line":null,"column":-1}},"loc":{"start":{"line":61,"column":0},"end":{"line":65,"column":1}}},"13":{"name":"(anonymous_21)","decl":{"start":{"line":69,"column":0},"end":{"line":null,"column":-1}},"loc":{"start":{"line":69,"column":0},"end":{"line":69,"column":-1}}},"14":{"name":"UIHover","decl":{"start":{"line":67,"column":0},"end":{"line":null,"column":-1}},"loc":{"start":{"line":67,"column":0},"end":{"line":71,"column":1}}},"15":{"name":"(anonymous_23)","decl":{"start":{"line":75,"column":0},"end":{"line":null,"column":-1}},"loc":{"start":{"line":75,"column":0},"end":{"line":75,"column":-1}}},"16":{"name":"UIPadding","decl":{"start":{"line":73,"column":0},"end":{"line":null,"column":-1}},"loc":{"start":{"line":73,"column":0},"end":{"line":77,"column":1}}},"17":{"name":"(anonymous_25)","decl":{"start":{"line":81,"column":0},"end":{"line":null,"column":-1}},"loc":{"start":{"line":81,"column":0},"end":{"line":81,"column":-1}}},"18":{"name":"UIMargin","decl":{"start":{"line":79,"column":0},"end":{"line":null,"column":-1}},"loc":{"start":{"line":79,"column":0},"end":{"line":83,"column":1}}},"19":{"name":"(anonymous_27)","decl":{"start":{"line":87,"column":0},"end":{"line":null,"column":-1}},"loc":{"start":{"line":87,"column":0},"end":{"line":87,"column":-1}}},"20":{"name":"UIBorder","decl":{"start":{"line":85,"column":0},"end":{"line":null,"column":-1}},"loc":{"start":{"line":85,"column":0},"end":{"line":89,"column":1}}},"21":{"name":"(anonymous_29)","decl":{"start":{"line":93,"column":0},"end":{"line":null,"column":-1}},"loc":{"start":{"line":93,"column":0},"end":{"line":93,"column":-1}}},"22":{"name":"UIFont","decl":{"start":{"line":91,"column":0},"end":{"line":null,"column":-1}},"loc":{"start":{"line":91,"column":0},"end":{"line":95,"column":1}}},"23":{"name":"(anonymous_31)","decl":{"start":{"line":99,"column":0},"end":{"line":null,"column":-1}},"loc":{"start":{"line":99,"column":0},"end":{"line":99,"column":-1}}},"24":{"name":"UIWeight","decl":{"start":{"line":97,"column":0},"end":{"line":null,"column":-1}},"loc":{"start":{"line":97,"column":0},"end":{"line":101,"column":1}}},"25":{"name":"(anonymous_33)","decl":{"start":{"line":105,"column":0},"end":{"line":null,"column":-1}},"loc":{"start":{"line":105,"column":0},"end":{"line":105,"column":-1}}},"26":{"name":"UIText","decl":{"start":{"line":103,"column":0},"end":{"line":null,"column":-1}},"loc":{"start":{"line":103,"column":0},"end":{"line":107,"column":1}}},"27":{"name":"(anonymous_35)","decl":{"start":{"line":111,"column":0},"end":{"line":null,"column":-1}},"loc":{"start":{"line":111,"column":0},"end":{"line":111,"column":-1}}},"28":{"name":"UIAlign","decl":{"start":{"line":109,"column":0},"end":{"line":null,"column":-1}},"loc":{"start":{"line":109,"column":0},"end":{"line":113,"column":1}}},"29":{"name":"(anonymous_37)","decl":{"start":{"line":117,"column":0},"end":{"line":null,"column":-1}},"loc":{"start":{"line":117,"column":0},"end":{"line":117,"column":-1}}},"30":{"name":"UIGutter","decl":{"start":{"line":115,"column":0},"end":{"line":null,"column":-1}},"loc":{"start":{"line":115,"column":0},"end":{"line":119,"column":1}}},"31":{"name":"(anonymous_39)","decl":{"start":{"line":123,"column":0},"end":{"line":null,"column":-1}},"loc":{"start":{"line":123,"column":0},"end":{"line":123,"column":-1}}},"32":{"name":"UIHide","decl":{"start":{"line":121,"column":0},"end":{"line":null,"column":-1}},"loc":{"start":{"line":121,"column":0},"end":{"line":125,"column":1}}},"33":{"name":"(anonymous_41)","decl":{"start":{"line":129,"column":0},"end":{"line":null,"column":-1}},"loc":{"start":{"line":129,"column":0},"end":{"line":129,"column":-1}}},"34":{"name":"UIShow","decl":{"start":{"line":127,"column":0},"end":{"line":null,"column":-1}},"loc":{"start":{"line":127,"column":0},"end":{"line":131,"column":1}}},"35":{"name":"(anonymous_43)","decl":{"start":{"line":135,"column":0},"end":{"line":null,"column":-1}},"loc":{"start":{"line":135,"column":0},"end":{"line":135,"column":-1}}},"36":{"name":"UIClip","decl":{"start":{"line":133,"column":0},"end":{"line":null,"column":-1}},"loc":{"start":{"line":133,"column":0},"end":{"line":147,"column":1}}},"37":{"name":"(anonymous_45)","decl":{"start":{"line":139,"column":2},"end":{"line":null,"column":-1}},"loc":{"start":{"line":139,"column":2},"end":{"line":142,"column":3}}},"38":{"name":"(anonymous_46)","decl":{"start":{"line":144,"column":2},"end":{"line":null,"column":-1}},"loc":{"start":{"line":144,"column":2},"end":{"line":146,"column":3}}},"39":{"name":"(anonymous_47)","decl":{"start":{"line":151,"column":0},"end":{"line":null,"column":-1}},"loc":{"start":{"line":151,"column":0},"end":{"line":151,"column":-1}}},"40":{"name":"UIPaper","decl":{"start":{"line":149,"column":0},"end":{"line":null,"column":-1}},"loc":{"start":{"line":149,"column":0},"end":{"line":154,"column":1}}},"41":{"name":"(anonymous_49)","decl":{"start":{"line":158,"column":0},"end":{"line":null,"column":-1}},"loc":{"start":{"line":158,"column":0},"end":{"line":158,"column":-1}}},"42":{"name":"UIScroll","decl":{"start":{"line":156,"column":0},"end":{"line":null,"column":-1}},"loc":{"start":{"line":156,"column":0},"end":{"line":160,"column":1}}}},"branchMap":{"0":{"loc":{"start":{"line":30,"column":4},"end":{"line":32,"column":5}},"type":"if","locations":[{"start":{"line":30,"column":4},"end":{"line":32,"column":5}},{"start":{"line":30,"column":4},"end":{"line":32,"column":5}}]},"1":{"loc":{"start":{"line":30,"column":8},"end":{"line":30,"column":10}},"type":"binary-expr","locations":[{"start":{"line":30,"column":8},"end":{"line":30,"column":10}},{"start":{"line":30,"column":14},"end":{"line":30,"column":26}}]},"2":{"loc":{"start":{"line":33,"column":4},"end":{"line":45,"column":5}},"type":"if","locations":[{"start":{"line":33,"column":4},"end":{"line":45,"column":5}},{"start":{"line":33,"column":4},"end":{"line":45,"column":5}}]},"3":{"loc":{"start":{"line":34,"column":6},"end":{"line":38,"column":7}},"type":"if","locations":[{"start":{"line":34,"column":6},"end":{"line":38,"column":7}},{"start":{"line":34,"column":6},"end":{"line":38,"column":7}}]},"4":{"loc":{"start":{"line":34,"column":10},"end":{"line":34,"column":23}},"type":"binary-expr","locations":[{"start":{"line":34,"column":10},"end":{"line":34,"column":23}},{"start":{"line":34,"column":27},"end":{"line":34,"column":41}}]},"5":{"loc":{"start":{"line":40,"column":6},"end":{"line":44,"column":7}},"type":"if","locations":[{"start":{"line":40,"column":6},"end":{"line":44,"column":7}},{"start":{"line":40,"column":6},"end":{"line":44,"column":7}}]},"6":{"loc":{"start":{"line":40,"column":10},"end":{"line":40,"column":20}},"type":"binary-expr","locations":[{"start":{"line":40,"column":10},"end":{"line":40,"column":20}},{"start":{"line":40,"column":24},"end":{"line":40,"column":38}}]},"7":{"loc":{"start":{"line":42,"column":13},"end":{"line":44,"column":7}},"type":"if","locations":[{"start":{"line":42,"column":13},"end":{"line":44,"column":7}},{"start":{"line":42,"column":13},"end":{"line":44,"column":7}}]},"8":{"loc":{"start":{"line":49,"column":0},"end":{"line":53,"column":0}},"type":"binary-expr","locations":[{"start":{"line":49,"column":0},"end":{"line":53,"column":0}},{"start":{"line":49,"column":0},"end":{"line":53,"column":0}},{"start":{"line":49,"column":0},"end":{"line":53,"column":0}}]},"9":{"loc":{"start":{"line":55,"column":0},"end":{"line":59,"column":0}},"type":"binary-expr","locations":[{"start":{"line":55,"column":0},"end":{"line":59,"column":0}},{"start":{"line":55,"column":0},"end":{"line":59,"column":0}},{"start":{"line":55,"column":0},"end":{"line":59,"column":0}}]},"10":{"loc":{"start":{"line":61,"column":0},"end":{"line":65,"column":0}},"type":"binary-expr","locations":[{"start":{"line":61,"column":0},"end":{"line":65,"column":0}},{"start":{"line":61,"column":0},"end":{"line":65,"column":0}},{"start":{"line":61,"column":0},"end":{"line":65,"column":0}}]},"11":{"loc":{"start":{"line":67,"column":0},"end":{"line":71,"column":0}},"type":"binary-expr","locations":[{"start":{"line":67,"column":0},"end":{"line":71,"column":0}},{"start":{"line":67,"column":0},"end":{"line":71,"column":0}},{"start":{"line":67,"column":0},"end":{"line":71,"column":0}}]},"12":{"loc":{"start":{"line":73,"column":0},"end":{"line":77,"column":0}},"type":"binary-expr","locations":[{"start":{"line":73,"column":0},"end":{"line":77,"column":0}},{"start":{"line":73,"column":0},"end":{"line":77,"column":0}},{"start":{"line":73,"column":0},"end":{"line":77,"column":0}}]},"13":{"loc":{"start":{"line":79,"column":0},"end":{"line":83,"column":0}},"type":"binary-expr","locations":[{"start":{"line":79,"column":0},"end":{"line":83,"column":0}},{"start":{"line":79,"column":0},"end":{"line":83,"column":0}},{"start":{"line":79,"column":0},"end":{"line":83,"column":0}}]},"14":{"loc":{"start":{"line":85,"column":0},"end":{"line":89,"column":0}},"type":"binary-expr","locations":[{"start":{"line":85,"column":0},"end":{"line":89,"column":0}},{"start":{"line":85,"column":0},"end":{"line":89,"column":0}},{"start":{"line":85,"column":0},"end":{"line":89,"column":0}}]},"15":{"loc":{"start":{"line":91,"column":0},"end":{"line":95,"column":0}},"type":"binary-expr","locations":[{"start":{"line":91,"column":0},"end":{"line":95,"column":0}},{"start":{"line":91,"column":0},"end":{"line":95,"column":0}},{"start":{"line":91,"column":0},"end":{"line":95,"column":0}}]},"16":{"loc":{"start":{"line":97,"column":0},"end":{"line":101,"column":0}},"type":"binary-expr","locations":[{"start":{"line":97,"column":0},"end":{"line":101,"column":0}},{"start":{"line":97,"column":0},"end":{"line":101,"column":0}},{"start":{"line":97,"column":0},"end":{"line":101,"column":0}}]},"17":{"loc":{"start":{"line":103,"column":0},"end":{"line":107,"column":0}},"type":"binary-expr","locations":[{"start":{"line":103,"column":0},"end":{"line":107,"column":0}},{"start":{"line":103,"column":0},"end":{"line":107,"column":0}},{"start":{"line":103,"column":0},"end":{"line":107,"column":0}}]},"18":{"loc":{"start":{"line":109,"column":0},"end":{"line":113,"column":0}},"type":"binary-expr","locations":[{"start":{"line":109,"column":0},"end":{"line":113,"column":0}},{"start":{"line":109,"column":0},"end":{"line":113,"column":0}},{"start":{"line":109,"column":0},"end":{"line":113,"column":0}}]},"19":{"loc":{"start":{"line":115,"column":0},"end":{"line":119,"column":0}},"type":"binary-expr","locations":[{"start":{"line":115,"column":0},"end":{"line":119,"column":0}},{"start":{"line":115,"column":0},"end":{"line":119,"column":0}},{"start":{"line":115,"column":0},"end":{"line":119,"column":0}}]},"20":{"loc":{"start":{"line":121,"column":0},"end":{"line":125,"column":0}},"type":"binary-expr","locations":[{"start":{"line":121,"column":0},"end":{"line":125,"column":0}},{"start":{"line":121,"column":0},"end":{"line":125,"column":0}},{"start":{"line":121,"column":0},"end":{"line":125,"column":0}}]},"21":{"loc":{"start":{"line":127,"column":0},"end":{"line":131,"column":0}},"type":"binary-expr","locations":[{"start":{"line":127,"column":0},"end":{"line":131,"column":0}},{"start":{"line":127,"column":0},"end":{"line":131,"column":0}},{"start":{"line":127,"column":0},"end":{"line":131,"column":0}}]},"22":{"loc":{"start":{"line":133,"column":0},"end":{"line":147,"column":0}},"type":"binary-expr","locations":[{"start":{"line":133,"column":0},"end":{"line":147,"column":0}},{"start":{"line":133,"column":0},"end":{"line":147,"column":0}},{"start":{"line":133,"column":0},"end":{"line":147,"column":0}}]},"23":{"loc":{"start":{"line":149,"column":0},"end":{"line":154,"column":0}},"type":"binary-expr","locations":[{"start":{"line":149,"column":0},"end":{"line":154,"column":0}},{"start":{"line":149,"column":0},"end":{"line":154,"column":0}},{"start":{"line":149,"column":0},"end":{"line":154,"column":0}}]},"24":{"loc":{"start":{"line":156,"column":0},"end":{"line":160,"column":0}},"type":"binary-expr","locations":[{"start":{"line":156,"column":0},"end":{"line":160,"column":0}},{"start":{"line":156,"column":0},"end":{"line":160,"column":0}},{"start":{"line":156,"column":0},"end":{"line":160,"column":0}}]}},"s":{"0":11,"1":11,"2":32,"3":32,"4":32,"5":32,"6":32,"7":11,"8":32,"9":11,"10":2,"11":11,"12":34,"13":34,"14":34,"15":34,"16":1,"17":34,"18":31,"19":28,"20":28,"21":3,"22":31,"23":31,"24":27,"25":30,"26":4,"27":3,"28":11,"29":11,"30":11,"31":11,"32":5,"33":5,"34":11,"35":11,"36":11,"37":11,"38":11,"39":2,"40":2,"41":11,"42":11,"43":11,"44":11,"45":11,"46":4,"47":4,"48":11,"49":11,"50":11,"51":11,"52":11,"53":1,"54":1,"55":11,"56":11,"57":11,"58":11,"59":11,"60":1,"61":1,"62":11,"63":11,"64":11,"65":11,"66":11,"67":1,"68":1,"69":11,"70":11,"71":11,"72":11,"73":11,"74":1,"75":1,"76":11,"77":11,"78":11,"79":11,"80":11,"81":8,"82":8,"83":11,"84":11,"85":11,"86":11,"87":11,"88":1,"89":1,"90":11,"91":11,"92":11,"93":11,"94":11,"95":1,"96":1,"97":11,"98":11,"99":11,"100":11,"101":11,"102":1,"103":1,"104":11,"105":11,"106":11,"107":11,"108":11,"109":1,"110":1,"111":11,"112":11,"113":11,"114":11,"115":11,"116":1,"117":1,"118":11,"119":11,"120":11,"121":11,"122":11,"123":1,"124":1,"125":11,"126":11,"127":11,"128":11,"129":11,"130":1,"131":1,"132":1,"133":11,"134":1,"135":1,"136":11,"137":1,"138":11,"139":11,"140":11,"141":11,"142":11,"143":1,"144":1,"145":1,"146":11,"147":11,"148":11,"149":11,"150":11,"151":1,"152":1,"153":11,"154":11,"155":11},"f":{"0":11,"1":32,"2":32,"3":2,"4":34,"5":28,"6":30,"7":11,"8":5,"9":11,"10":2,"11":11,"12":4,"13":11,"14":1,"15":11,"16":1,"17":11,"18":1,"19":11,"20":1,"21":11,"22":8,"23":11,"24":1,"25":11,"26":1,"27":11,"28":1,"29":11,"30":1,"31":11,"32":1,"33":11,"34":1,"35":11,"36":1,"37":1,"38":1,"39":11,"40":1,"41":11,"42":1},"b":{"0":[1,33],"1":[34,15],"2":[31,3],"3":[28,3],"4":[31,30],"5":[27,4],"6":[31,29],"7":[3,1],"8":[5,5,5],"9":[2,2,2],"10":[4,4,4],"11":[1,1,1],"12":[1,1,1],"13":[1,1,1],"14":[1,1,1],"15":[8,8,8],"16":[1,1,1],"17":[1,1,1],"18":[1,1,1],"19":[1,1,1],"20":[1,1,1],"21":[1,1,1],"22":[1,1,1],"23":[1,1,1],"24":[1,1,1]}}
,"/Users/adarshpastakia/Workspace/Personal/aurelia-ui-framework/source/src/attributes/ui-tooltip.ts": {"path":"/Users/adarshpastakia/Workspace/Personal/aurelia-ui-framework/source/src/attributes/ui-tooltip.ts","statementMap":{"0":{"start":{"line":7,"column":0},"end":{"line":7,"column":73}},"1":{"start":{"line":8,"column":0},"end":{"line":8,"column":45}},"2":{"start":{"line":12,"column":0},"end":{"line":79,"column":0}},"3":{"start":{"line":25,"column":2},"end":{"line":25,"column":41}},"4":{"start":{"line":25,"column":22},"end":{"line":25,"column":38}},"5":{"start":{"line":14,"column":9},"end":{"line":14,"column":20}},"6":{"start":{"line":16,"column":9},"end":{"line":16,"column":20}},"7":{"start":{"line":18,"column":9},"end":{"line":18,"column":23}},"8":{"start":{"line":77,"column":10},"end":{"line":77,"column":37}},"9":{"start":{"line":77,"column":25},"end":{"line":77,"column":36}},"10":{"start":{"line":78,"column":10},"end":{"line":78,"column":37}},"11":{"start":{"line":78,"column":25},"end":{"line":78,"column":36}},"12":{"start":{"line":27,"column":12},"end":{"line":52,"column":3}},"13":{"start":{"line":28,"column":4},"end":{"line":30,"column":5}},"14":{"start":{"line":29,"column":6},"end":{"line":29,"column":35}},"15":{"start":{"line":31,"column":4},"end":{"line":33,"column":5}},"16":{"start":{"line":32,"column":6},"end":{"line":32,"column":58}},"17":{"start":{"line":35,"column":4},"end":{"line":35,"column":52}},"18":{"start":{"line":36,"column":4},"end":{"line":38,"column":13}},"19":{"start":{"line":39,"column":4},"end":{"line":48,"column":6}},"20":{"start":{"line":50,"column":4},"end":{"line":50,"column":62}},"21":{"start":{"line":51,"column":4},"end":{"line":51,"column":62}},"22":{"start":{"line":54,"column":12},"end":{"line":62,"column":3}},"23":{"start":{"line":55,"column":4},"end":{"line":55,"column":16}},"24":{"start":{"line":56,"column":4},"end":{"line":56,"column":65}},"25":{"start":{"line":57,"column":4},"end":{"line":57,"column":65}},"26":{"start":{"line":58,"column":4},"end":{"line":60,"column":5}},"27":{"start":{"line":59,"column":6},"end":{"line":59,"column":28}},"28":{"start":{"line":61,"column":4},"end":{"line":61,"column":23}},"29":{"start":{"line":64,"column":12},"end":{"line":70,"column":3}},"30":{"start":{"line":64,"column":2},"end":{"line":70,"column":2}},"31":{"start":{"line":65,"column":4},"end":{"line":67,"column":5}},"32":{"start":{"line":66,"column":6},"end":{"line":66,"column":13}},"33":{"start":{"line":68,"column":4},"end":{"line":68,"column":33}},"34":{"start":{"line":69,"column":4},"end":{"line":69,"column":79}},"35":{"start":{"line":69,"column":34},"end":{"line":69,"column":72}},"36":{"start":{"line":72,"column":12},"end":{"line":75,"column":3}},"37":{"start":{"line":73,"column":4},"end":{"line":73,"column":29}},"38":{"start":{"line":74,"column":4},"end":{"line":74,"column":42}},"39":{"start":{"line":14,"column":2},"end":{"line":14,"column":20}},"40":{"start":{"line":16,"column":2},"end":{"line":16,"column":20}},"41":{"start":{"line":18,"column":2},"end":{"line":18,"column":23}},"42":{"start":{"line":12,"column":13},"end":{"line":79,"column":1}},"43":{"start":{"line":79,"column":0},"end":{"line":79,"column":1}},"44":{"start":{"line":12,"column":13},"end":{"line":12,"column":22}}},"fnMap":{"0":{"name":"(anonymous_2)","decl":{"start":{"line":12,"column":0},"end":{"line":null,"column":-1}},"loc":{"start":{"line":12,"column":0},"end":{"line":12,"column":-1}}},"1":{"name":"UITooltip","decl":{"start":{"line":25,"column":2},"end":{"line":25,"column":21}},"loc":{"start":{"line":25,"column":38},"end":{"line":25,"column":42}}},"2":{"name":"(anonymous_4)","decl":{"start":{"line":77,"column":19},"end":{"line":77,"column":24}},"loc":{"start":{"line":77,"column":19},"end":{"line":77,"column":36}}},"3":{"name":"(anonymous_5)","decl":{"start":{"line":78,"column":19},"end":{"line":78,"column":24}},"loc":{"start":{"line":78,"column":19},"end":{"line":78,"column":36}}},"4":{"name":"(anonymous_6)","decl":{"start":{"line":27,"column":2},"end":{"line":null,"column":-1}},"loc":{"start":{"line":27,"column":2},"end":{"line":52,"column":3}}},"5":{"name":"(anonymous_7)","decl":{"start":{"line":54,"column":2},"end":{"line":null,"column":-1}},"loc":{"start":{"line":54,"column":2},"end":{"line":62,"column":3}}},"6":{"name":"(anonymous_8)","decl":{"start":{"line":64,"column":2},"end":{"line":null,"column":-1}},"loc":{"start":{"line":64,"column":2},"end":{"line":70,"column":3}}},"7":{"name":"(anonymous_9)","decl":{"start":{"line":69,"column":28},"end":{"line":69,"column":33}},"loc":{"start":{"line":69,"column":28},"end":{"line":69,"column":72}}},"8":{"name":"(anonymous_10)","decl":{"start":{"line":72,"column":2},"end":{"line":null,"column":-1}},"loc":{"start":{"line":72,"column":2},"end":{"line":75,"column":3}}}},"branchMap":{"0":{"loc":{"start":{"line":28,"column":4},"end":{"line":30,"column":5}},"type":"if","locations":[{"start":{"line":28,"column":4},"end":{"line":30,"column":5}},{"start":{"line":28,"column":4},"end":{"line":30,"column":5}}]},"1":{"loc":{"start":{"line":31,"column":4},"end":{"line":33,"column":5}},"type":"if","locations":[{"start":{"line":31,"column":4},"end":{"line":33,"column":5}},{"start":{"line":31,"column":4},"end":{"line":33,"column":5}}]},"2":{"loc":{"start":{"line":58,"column":4},"end":{"line":60,"column":5}},"type":"if","locations":[{"start":{"line":58,"column":4},"end":{"line":60,"column":5}},{"start":{"line":58,"column":4},"end":{"line":60,"column":5}}]},"3":{"loc":{"start":{"line":65,"column":4},"end":{"line":67,"column":5}},"type":"if","locations":[{"start":{"line":65,"column":4},"end":{"line":67,"column":5}},{"start":{"line":65,"column":4},"end":{"line":67,"column":5}}]}},"s":{"0":11,"1":11,"2":11,"3":0,"4":0,"5":0,"6":0,"7":0,"8":0,"9":0,"10":0,"11":0,"12":11,"13":0,"14":0,"15":0,"16":0,"17":0,"18":0,"19":0,"20":0,"21":0,"22":11,"23":0,"24":0,"25":0,"26":0,"27":0,"28":0,"29":11,"30":0,"31":0,"32":0,"33":0,"34":0,"35":0,"36":11,"37":0,"38":0,"39":11,"40":11,"41":11,"42":11,"43":11,"44":11},"f":{"0":11,"1":0,"2":0,"3":0,"4":0,"5":0,"6":0,"7":0,"8":0},"b":{"0":[0,0],"1":[0,0],"2":[0,0],"3":[0,0]}}
,"/Users/adarshpastakia/Workspace/Personal/aurelia-ui-framework/source/src/buttons/ui-badge.ts": {"path":"/Users/adarshpastakia/Workspace/Personal/aurelia-ui-framework/source/src/buttons/ui-badge.ts","statementMap":{"0":{"start":{"line":8,"column":0},"end":{"line":15,"column":26}},"1":{"start":{"line":16,"column":0},"end":{"line":16,"column":49}},"2":{"start":{"line":29,"column":0},"end":{"line":78,"column":0}},"3":{"start":{"line":44,"column":24},"end":{"line":44,"column":40}},"4":{"start":{"line":31,"column":9},"end":{"line":31,"column":28}},"5":{"start":{"line":33,"column":9},"end":{"line":33,"column":27}},"6":{"start":{"line":35,"column":9},"end":{"line":35,"column":27}},"7":{"start":{"line":37,"column":9},"end":{"line":37,"column":29}},"8":{"start":{"line":41,"column":10},"end":{"line":41,"column":35}},"9":{"start":{"line":42,"column":10},"end":{"line":42,"column":37}},"10":{"start":{"line":45,"column":4},"end":{"line":47,"column":5}},"11":{"start":{"line":46,"column":6},"end":{"line":46,"column":27}},"12":{"start":{"line":48,"column":4},"end":{"line":48,"column":55}},"13":{"start":{"line":50,"column":4},"end":{"line":50,"column":23}},"14":{"start":{"line":53,"column":9},"end":{"line":55,"column":3}},"15":{"start":{"line":53,"column":2},"end":{"line":55,"column":2}},"16":{"start":{"line":54,"column":4},"end":{"line":54,"column":97}},"17":{"start":{"line":54,"column":64},"end":{"line":54,"column":95}},"18":{"start":{"line":57,"column":12},"end":{"line":65,"column":3}},"19":{"start":{"line":58,"column":4},"end":{"line":64,"column":5}},"20":{"start":{"line":59,"column":6},"end":{"line":63,"column":7}},"21":{"start":{"line":60,"column":8},"end":{"line":60,"column":40}},"22":{"start":{"line":61,"column":13},"end":{"line":63,"column":7}},"23":{"start":{"line":62,"column":8},"end":{"line":62,"column":58}},"24":{"start":{"line":67,"column":12},"end":{"line":72,"column":3}},"25":{"start":{"line":68,"column":4},"end":{"line":71,"column":5}},"26":{"start":{"line":69,"column":6},"end":{"line":69,"column":25}},"27":{"start":{"line":70,"column":6},"end":{"line":70,"column":85}},"28":{"start":{"line":74,"column":10},"end":{"line":77,"column":3}},"29":{"start":{"line":74,"column":2},"end":{"line":77,"column":2}},"30":{"start":{"line":75,"column":4},"end":{"line":75,"column":64}},"31":{"start":{"line":76,"column":4},"end":{"line":76,"column":63}},"32":{"start":{"line":76,"column":31},"end":{"line":76,"column":61}},"33":{"start":{"line":31,"column":2},"end":{"line":31,"column":28}},"34":{"start":{"line":33,"column":2},"end":{"line":33,"column":27}},"35":{"start":{"line":35,"column":2},"end":{"line":35,"column":27}},"36":{"start":{"line":37,"column":2},"end":{"line":37,"column":29}},"37":{"start":{"line":29,"column":13},"end":{"line":78,"column":1}},"38":{"start":{"line":78,"column":0},"end":{"line":78,"column":1}},"39":{"start":{"line":29,"column":13},"end":{"line":29,"column":20}}},"fnMap":{"0":{"name":"(anonymous_2)","decl":{"start":{"line":29,"column":0},"end":{"line":null,"column":-1}},"loc":{"start":{"line":29,"column":0},"end":{"line":29,"column":-1}}},"1":{"name":"UIBadge","decl":{"start":{"line":44,"column":2},"end":{"line":44,"column":23}},"loc":{"start":{"line":44,"column":40},"end":{"line":51,"column":3}}},"2":{"name":"(anonymous_4)","decl":{"start":{"line":53,"column":2},"end":{"line":null,"column":-1}},"loc":{"start":{"line":53,"column":2},"end":{"line":55,"column":3}}},"3":{"name":"(anonymous_5)","decl":{"start":{"line":54,"column":59},"end":{"line":54,"column":58}},"loc":{"start":{"line":54,"column":60},"end":{"line":54,"column":95}}},"4":{"name":"(anonymous_6)","decl":{"start":{"line":57,"column":2},"end":{"line":null,"column":-1}},"loc":{"start":{"line":57,"column":2},"end":{"line":65,"column":3}}},"5":{"name":"(anonymous_7)","decl":{"start":{"line":67,"column":2},"end":{"line":67,"column":21}},"loc":{"start":{"line":67,"column":40},"end":{"line":72,"column":3}}},"6":{"name":"(anonymous_8)","decl":{"start":{"line":74,"column":2},"end":{"line":null,"column":-1}},"loc":{"start":{"line":74,"column":2},"end":{"line":77,"column":3}}},"7":{"name":"(anonymous_9)","decl":{"start":{"line":76,"column":25},"end":{"line":76,"column":30}},"loc":{"start":{"line":76,"column":25},"end":{"line":76,"column":61}}}},"branchMap":{"0":{"loc":{"start":{"line":45,"column":4},"end":{"line":47,"column":5}},"type":"if","locations":[{"start":{"line":45,"column":4},"end":{"line":47,"column":5}},{"start":{"line":45,"column":4},"end":{"line":47,"column":5}}]},"1":{"loc":{"start":{"line":54,"column":69},"end":{"line":54,"column":82}},"type":"cond-expr","locations":[{"start":{"line":54,"column":69},"end":{"line":54,"column":82}},{"start":{"line":54,"column":85},"end":{"line":54,"column":94}}]},"2":{"loc":{"start":{"line":58,"column":4},"end":{"line":64,"column":5}},"type":"if","locations":[{"start":{"line":58,"column":4},"end":{"line":64,"column":5}},{"start":{"line":58,"column":4},"end":{"line":64,"column":5}}]},"3":{"loc":{"start":{"line":59,"column":6},"end":{"line":63,"column":7}},"type":"if","locations":[{"start":{"line":59,"column":6},"end":{"line":63,"column":7}},{"start":{"line":59,"column":6},"end":{"line":63,"column":7}}]},"4":{"loc":{"start":{"line":61,"column":13},"end":{"line":63,"column":7}},"type":"if","locations":[{"start":{"line":61,"column":13},"end":{"line":63,"column":7}},{"start":{"line":61,"column":13},"end":{"line":63,"column":7}}]},"5":{"loc":{"start":{"line":68,"column":4},"end":{"line":71,"column":5}},"type":"if","locations":[{"start":{"line":68,"column":4},"end":{"line":71,"column":5}},{"start":{"line":68,"column":4},"end":{"line":71,"column":5}}]}},"s":{"0":11,"1":11,"2":11,"3":0,"4":0,"5":0,"6":0,"7":0,"8":0,"9":0,"10":0,"11":0,"12":0,"13":0,"14":11,"15":0,"16":0,"17":0,"18":11,"19":0,"20":0,"21":0,"22":0,"23":0,"24":11,"25":0,"26":0,"27":0,"28":11,"29":0,"30":0,"31":0,"32":0,"33":11,"34":11,"35":11,"36":11,"37":11,"38":11,"39":11},"f":{"0":11,"1":0,"2":0,"3":0,"4":0,"5":0,"6":0,"7":0},"b":{"0":[0,0],"1":[0,0],"2":[0,0],"3":[0,0],"4":[0,0],"5":[0,0]}}
,"/Users/adarshpastakia/Workspace/Personal/aurelia-ui-framework/source/src/buttons/ui-button-group.ts": {"path":"/Users/adarshpastakia/Workspace/Personal/aurelia-ui-framework/source/src/buttons/ui-button-group.ts","statementMap":{"0":{"start":{"line":8,"column":0},"end":{"line":16,"column":26}},"1":{"start":{"line":17,"column":0},"end":{"line":17,"column":49}},"2":{"start":{"line":18,"column":0},"end":{"line":18,"column":38}},"3":{"start":{"line":25,"column":0},"end":{"line":81,"column":0}},"4":{"start":{"line":38,"column":24},"end":{"line":38,"column":40}},"5":{"start":{"line":27,"column":9},"end":{"line":27,"column":28}},"6":{"start":{"line":29,"column":9},"end":{"line":29,"column":32}},"7":{"start":{"line":36,"column":10},"end":{"line":36,"column":34}},"8":{"start":{"line":39,"column":4},"end":{"line":41,"column":5}},"9":{"start":{"line":40,"column":6},"end":{"line":40,"column":51}},"10":{"start":{"line":42,"column":4},"end":{"line":44,"column":5}},"11":{"start":{"line":43,"column":6},"end":{"line":43,"column":54}},"12":{"start":{"line":45,"column":4},"end":{"line":45,"column":49}},"13":{"start":{"line":48,"column":12},"end":{"line":55,"column":3}},"14":{"start":{"line":48,"column":2},"end":{"line":55,"column":2}},"15":{"start":{"line":49,"column":4},"end":{"line":51,"column":5}},"16":{"start":{"line":50,"column":6},"end":{"line":50,"column":66}},"17":{"start":{"line":52,"column":4},"end":{"line":54,"column":5}},"18":{"start":{"line":53,"column":6},"end":{"line":53,"column":68}},"19":{"start":{"line":53,"column":33},"end":{"line":53,"column":66}},"20":{"start":{"line":57,"column":12},"end":{"line":59,"column":3}},"21":{"start":{"line":57,"column":2},"end":{"line":59,"column":2}},"22":{"start":{"line":58,"column":4},"end":{"line":58,"column":95}},"23":{"start":{"line":58,"column":30},"end":{"line":58,"column":93}},"24":{"start":{"line":61,"column":12},"end":{"line":73,"column":3}},"25":{"start":{"line":62,"column":4},"end":{"line":72,"column":5}},"26":{"start":{"line":63,"column":18},"end":{"line":63,"column":62}},"27":{"start":{"line":63,"column":41},"end":{"line":63,"column":61}},"28":{"start":{"line":64,"column":6},"end":{"line":71,"column":7}},"29":{"start":{"line":65,"column":8},"end":{"line":67,"column":9}},"30":{"start":{"line":66,"column":10},"end":{"line":66,"column":46}},"31":{"start":{"line":68,"column":8},"end":{"line":68,"column":51}},"32":{"start":{"line":70,"column":8},"end":{"line":70,"column":30}},"33":{"start":{"line":75,"column":10},"end":{"line":80,"column":3}},"34":{"start":{"line":76,"column":4},"end":{"line":76,"column":23}},"35":{"start":{"line":77,"column":4},"end":{"line":79,"column":5}},"36":{"start":{"line":78,"column":6},"end":{"line":78,"column":33}},"37":{"start":{"line":27,"column":2},"end":{"line":27,"column":28}},"38":{"start":{"line":29,"column":2},"end":{"line":29,"column":32}},"39":{"start":{"line":32,"column":2},"end":{"line":32,"column":36}},"40":{"start":{"line":34,"column":2},"end":{"line":34,"column":30}},"41":{"start":{"line":25,"column":13},"end":{"line":81,"column":1}},"42":{"start":{"line":81,"column":0},"end":{"line":81,"column":1}},"43":{"start":{"line":25,"column":13},"end":{"line":25,"column":26}}},"fnMap":{"0":{"name":"(anonymous_2)","decl":{"start":{"line":25,"column":0},"end":{"line":null,"column":-1}},"loc":{"start":{"line":25,"column":0},"end":{"line":25,"column":-1}}},"1":{"name":"UIButtonGroup","decl":{"start":{"line":38,"column":2},"end":{"line":38,"column":23}},"loc":{"start":{"line":38,"column":40},"end":{"line":46,"column":3}}},"2":{"name":"(anonymous_4)","decl":{"start":{"line":48,"column":2},"end":{"line":null,"column":-1}},"loc":{"start":{"line":48,"column":2},"end":{"line":55,"column":3}}},"3":{"name":"(anonymous_5)","decl":{"start":{"line":53,"column":27},"end":{"line":53,"column":32}},"loc":{"start":{"line":53,"column":27},"end":{"line":53,"column":66}}},"4":{"name":"(anonymous_6)","decl":{"start":{"line":57,"column":2},"end":{"line":null,"column":-1}},"loc":{"start":{"line":57,"column":2},"end":{"line":59,"column":3}}},"5":{"name":"(anonymous_7)","decl":{"start":{"line":58,"column":25},"end":{"line":58,"column":24}},"loc":{"start":{"line":58,"column":26},"end":{"line":58,"column":93}}},"6":{"name":"(anonymous_8)","decl":{"start":{"line":61,"column":2},"end":{"line":61,"column":24}},"loc":{"start":{"line":61,"column":43},"end":{"line":73,"column":3}}},"7":{"name":"(anonymous_9)","decl":{"start":{"line":63,"column":36},"end":{"line":63,"column":35}},"loc":{"start":{"line":63,"column":37},"end":{"line":63,"column":61}}},"8":{"name":"(anonymous_10)","decl":{"start":{"line":75,"column":2},"end":{"line":75,"column":23}},"loc":{"start":{"line":75,"column":43},"end":{"line":80,"column":3}}}},"branchMap":{"0":{"loc":{"start":{"line":39,"column":4},"end":{"line":41,"column":5}},"type":"if","locations":[{"start":{"line":39,"column":4},"end":{"line":41,"column":5}},{"start":{"line":39,"column":4},"end":{"line":41,"column":5}}]},"1":{"loc":{"start":{"line":42,"column":4},"end":{"line":44,"column":5}},"type":"if","locations":[{"start":{"line":42,"column":4},"end":{"line":44,"column":5}},{"start":{"line":42,"column":4},"end":{"line":44,"column":5}}]},"2":{"loc":{"start":{"line":49,"column":4},"end":{"line":51,"column":5}},"type":"if","locations":[{"start":{"line":49,"column":4},"end":{"line":51,"column":5}},{"start":{"line":49,"column":4},"end":{"line":51,"column":5}}]},"3":{"loc":{"start":{"line":52,"column":4},"end":{"line":54,"column":5}},"type":"if","locations":[{"start":{"line":52,"column":4},"end":{"line":54,"column":5}},{"start":{"line":52,"column":4},"end":{"line":54,"column":5}}]},"4":{"loc":{"start":{"line":62,"column":4},"end":{"line":72,"column":5}},"type":"if","locations":[{"start":{"line":62,"column":4},"end":{"line":72,"column":5}},{"start":{"line":62,"column":4},"end":{"line":72,"column":5}}]},"5":{"loc":{"start":{"line":64,"column":6},"end":{"line":71,"column":7}},"type":"if","locations":[{"start":{"line":64,"column":6},"end":{"line":71,"column":7}},{"start":{"line":64,"column":6},"end":{"line":71,"column":7}}]},"6":{"loc":{"start":{"line":65,"column":8},"end":{"line":67,"column":9}},"type":"if","locations":[{"start":{"line":65,"column":8},"end":{"line":67,"column":9}},{"start":{"line":65,"column":8},"end":{"line":67,"column":9}}]},"7":{"loc":{"start":{"line":77,"column":4},"end":{"line":79,"column":5}},"type":"if","locations":[{"start":{"line":77,"column":4},"end":{"line":79,"column":5}},{"start":{"line":77,"column":4},"end":{"line":79,"column":5}}]},"8":{"loc":{"start":{"line":77,"column":8},"end":{"line":77,"column":21}},"type":"binary-expr","locations":[{"start":{"line":77,"column":8},"end":{"line":77,"column":21}},{"start":{"line":77,"column":25},"end":{"line":77,"column":36}}]}},"s":{"0":11,"1":11,"2":11,"3":11,"4":0,"5":0,"6":0,"7":0,"8":0,"9":0,"10":0,"11":0,"12":0,"13":11,"14":0,"15":0,"16":0,"17":0,"18":0,"19":0,"20":11,"21":0,"22":0,"23":0,"24":11,"25":0,"26":0,"27":0,"28":0,"29":0,"30":0,"31":0,"32":0,"33":11,"34":0,"35":0,"36":0,"37":11,"38":11,"39":11,"40":11,"41":11,"42":11,"43":11},"f":{"0":11,"1":0,"2":0,"3":0,"4":0,"5":0,"6":0,"7":0,"8":0},"b":{"0":[0,0],"1":[0,0],"2":[0,0],"3":[0,0],"4":[0,0],"5":[0,0],"6":[0,0],"7":[0,0],"8":[0,0]}}
,"/Users/adarshpastakia/Workspace/Personal/aurelia-ui-framework/source/src/buttons/ui-button.ts": {"path":"/Users/adarshpastakia/Workspace/Personal/aurelia-ui-framework/source/src/buttons/ui-button.ts","statementMap":{"0":{"start":{"line":8,"column":0},"end":{"line":8,"column":80}},"1":{"start":{"line":10,"column":0},"end":{"line":10,"column":49}},"2":{"start":{"line":13,"column":0},"end":{"line":114,"column":0}},"3":{"start":{"line":45,"column":21},"end":{"line":45,"column":37}},"4":{"start":{"line":15,"column":9},"end":{"line":15,"column":27}},"5":{"start":{"line":17,"column":9},"end":{"line":17,"column":27}},"6":{"start":{"line":19,"column":9},"end":{"line":19,"column":28}},"7":{"start":{"line":21,"column":9},"end":{"line":21,"column":29}},"8":{"start":{"line":23,"column":9},"end":{"line":23,"column":34}},"9":{"start":{"line":25,"column":9},"end":{"line":25,"column":28}},"10":{"start":{"line":28,"column":9},"end":{"line":28,"column":31}},"11":{"start":{"line":30,"column":9},"end":{"line":30,"column":33}},"12":{"start":{"line":32,"column":9},"end":{"line":32,"column":35}},"13":{"start":{"line":36,"column":12},"end":{"line":36,"column":37}},"14":{"start":{"line":41,"column":12},"end":{"line":41,"column":35}},"15":{"start":{"line":43,"column":10},"end":{"line":43,"column":38}},"16":{"start":{"line":46,"column":4},"end":{"line":48,"column":5}},"17":{"start":{"line":47,"column":6},"end":{"line":47,"column":53}},"18":{"start":{"line":49,"column":4},"end":{"line":51,"column":5}},"19":{"start":{"line":50,"column":6},"end":{"line":50,"column":49}},"20":{"start":{"line":52,"column":4},"end":{"line":54,"column":5}},"21":{"start":{"line":53,"column":6},"end":{"line":53,"column":49}},"22":{"start":{"line":55,"column":4},"end":{"line":57,"column":5}},"23":{"start":{"line":56,"column":6},"end":{"line":56,"column":51}},"24":{"start":{"line":58,"column":4},"end":{"line":60,"column":5}},"25":{"start":{"line":59,"column":6},"end":{"line":59,"column":45}},"26":{"start":{"line":61,"column":4},"end":{"line":61,"column":47}},"27":{"start":{"line":65,"column":2},"end":{"line":67,"column":3}},"28":{"start":{"line":66,"column":4},"end":{"line":66,"column":44}},"29":{"start":{"line":69,"column":9},"end":{"line":71,"column":3}},"30":{"start":{"line":70,"column":4},"end":{"line":70,"column":31}},"31":{"start":{"line":73,"column":12},"end":{"line":83,"column":3}},"32":{"start":{"line":73,"column":2},"end":{"line":83,"column":2}},"33":{"start":{"line":74,"column":4},"end":{"line":80,"column":7}},"34":{"start":{"line":75,"column":6},"end":{"line":75,"column":39}},"35":{"start":{"line":76,"column":6},"end":{"line":79,"column":7}},"36":{"start":{"line":77,"column":8},"end":{"line":77,"column":66}},"37":{"start":{"line":78,"column":8},"end":{"line":78,"column":41}},"38":{"start":{"line":82,"column":4},"end":{"line":82,"column":23}},"39":{"start":{"line":85,"column":12},"end":{"line":93,"column":3}},"40":{"start":{"line":86,"column":4},"end":{"line":92,"column":5}},"41":{"start":{"line":87,"column":6},"end":{"line":91,"column":7}},"42":{"start":{"line":88,"column":8},"end":{"line":88,"column":38}},"43":{"start":{"line":89,"column":13},"end":{"line":91,"column":7}},"44":{"start":{"line":90,"column":8},"end":{"line":90,"column":56}},"45":{"start":{"line":95,"column":12},"end":{"line":104,"column":3}},"46":{"start":{"line":96,"column":4},"end":{"line":103,"column":5}},"47":{"start":{"line":97,"column":6},"end":{"line":101,"column":7}},"48":{"start":{"line":98,"column":8},"end":{"line":98,"column":26}},"49":{"start":{"line":100,"column":8},"end":{"line":100,"column":87}},"50":{"start":{"line":102,"column":6},"end":{"line":102,"column":19}},"51":{"start":{"line":106,"column":10},"end":{"line":113,"column":3}},"52":{"start":{"line":107,"column":24},"end":{"line":107,"column":73}},"53":{"start":{"line":108,"column":23},"end":{"line":108,"column":60}},"54":{"start":{"line":109,"column":4},"end":{"line":112,"column":5}},"55":{"start":{"line":110,"column":6},"end":{"line":110,"column":31}},"56":{"start":{"line":111,"column":6},"end":{"line":111,"column":69}},"57":{"start":{"line":15,"column":2},"end":{"line":15,"column":27}},"58":{"start":{"line":17,"column":2},"end":{"line":17,"column":27}},"59":{"start":{"line":19,"column":2},"end":{"line":19,"column":28}},"60":{"start":{"line":21,"column":2},"end":{"line":21,"column":29}},"61":{"start":{"line":23,"column":2},"end":{"line":23,"column":34}},"62":{"start":{"line":25,"column":2},"end":{"line":25,"column":28}},"63":{"start":{"line":28,"column":2},"end":{"line":28,"column":31}},"64":{"start":{"line":30,"column":2},"end":{"line":30,"column":33}},"65":{"start":{"line":32,"column":2},"end":{"line":32,"column":35}},"66":{"start":{"line":35,"column":2},"end":{"line":35,"column":32}},"67":{"start":{"line":13,"column":13},"end":{"line":114,"column":1}},"68":{"start":{"line":114,"column":0},"end":{"line":114,"column":1}},"69":{"start":{"line":13,"column":13},"end":{"line":13,"column":21}}},"fnMap":{"0":{"name":"(anonymous_2)","decl":{"start":{"line":13,"column":0},"end":{"line":null,"column":-1}},"loc":{"start":{"line":13,"column":0},"end":{"line":13,"column":-1}}},"1":{"name":"UIButton","decl":{"start":{"line":45,"column":2},"end":{"line":45,"column":20}},"loc":{"start":{"line":45,"column":37},"end":{"line":62,"column":3}}},"2":{"name":"(anonymous_4)","decl":{"start":{"line":65,"column":2},"end":{"line":null,"column":-1}},"loc":{"start":{"line":65,"column":2},"end":{"line":67,"column":3}}},"3":{"name":"(anonymous_5)","decl":{"start":{"line":69,"column":2},"end":{"line":69,"column":16}},"loc":{"start":{"line":69,"column":34},"end":{"line":71,"column":3}}},"4":{"name":"(anonymous_6)","decl":{"start":{"line":73,"column":2},"end":{"line":null,"column":-1}},"loc":{"start":{"line":73,"column":2},"end":{"line":83,"column":3}}},"5":{"name":"(anonymous_7)","decl":{"start":{"line":74,"column":25},"end":{"line":null,"column":-1}},"loc":{"start":{"line":74,"column":25},"end":{"line":80,"column":5}}},"6":{"name":"(anonymous_8)","decl":{"start":{"line":85,"column":2},"end":{"line":null,"column":-1}},"loc":{"start":{"line":85,"column":2},"end":{"line":93,"column":3}}},"7":{"name":"(anonymous_9)","decl":{"start":{"line":95,"column":2},"end":{"line":95,"column":21}},"loc":{"start":{"line":95,"column":40},"end":{"line":104,"column":3}}},"8":{"name":"(anonymous_10)","decl":{"start":{"line":106,"column":2},"end":{"line":null,"column":-1}},"loc":{"start":{"line":106,"column":2},"end":{"line":113,"column":3}}}},"branchMap":{"0":{"loc":{"start":{"line":46,"column":4},"end":{"line":48,"column":5}},"type":"if","locations":[{"start":{"line":46,"column":4},"end":{"line":48,"column":5}},{"start":{"line":46,"column":4},"end":{"line":48,"column":5}}]},"1":{"loc":{"start":{"line":49,"column":4},"end":{"line":51,"column":5}},"type":"if","locations":[{"start":{"line":49,"column":4},"end":{"line":51,"column":5}},{"start":{"line":49,"column":4},"end":{"line":51,"column":5}}]},"2":{"loc":{"start":{"line":52,"column":4},"end":{"line":54,"column":5}},"type":"if","locations":[{"start":{"line":52,"column":4},"end":{"line":54,"column":5}},{"start":{"line":52,"column":4},"end":{"line":54,"column":5}}]},"3":{"loc":{"start":{"line":55,"column":4},"end":{"line":57,"column":5}},"type":"if","locations":[{"start":{"line":55,"column":4},"end":{"line":57,"column":5}},{"start":{"line":55,"column":4},"end":{"line":57,"column":5}}]},"4":{"loc":{"start":{"line":58,"column":4},"end":{"line":60,"column":5}},"type":"if","locations":[{"start":{"line":58,"column":4},"end":{"line":60,"column":5}},{"start":{"line":58,"column":4},"end":{"line":60,"column":5}}]},"5":{"loc":{"start":{"line":66,"column":11},"end":{"line":66,"column":24}},"type":"binary-expr","locations":[{"start":{"line":66,"column":11},"end":{"line":66,"column":24}},{"start":{"line":66,"column":28},"end":{"line":66,"column":43}}]},"6":{"loc":{"start":{"line":76,"column":6},"end":{"line":79,"column":7}},"type":"if","locations":[{"start":{"line":76,"column":6},"end":{"line":79,"column":7}},{"start":{"line":76,"column":6},"end":{"line":79,"column":7}}]},"7":{"loc":{"start":{"line":86,"column":4},"end":{"line":92,"column":5}},"type":"if","locations":[{"start":{"line":86,"column":4},"end":{"line":92,"column":5}},{"start":{"line":86,"column":4},"end":{"line":92,"column":5}}]},"8":{"loc":{"start":{"line":87,"column":6},"end":{"line":91,"column":7}},"type":"if","locations":[{"start":{"line":87,"column":6},"end":{"line":91,"column":7}},{"start":{"line":87,"column":6},"end":{"line":91,"column":7}}]},"9":{"loc":{"start":{"line":89,"column":13},"end":{"line":91,"column":7}},"type":"if","locations":[{"start":{"line":89,"column":13},"end":{"line":91,"column":7}},{"start":{"line":89,"column":13},"end":{"line":91,"column":7}}]},"10":{"loc":{"start":{"line":96,"column":4},"end":{"line":103,"column":5}},"type":"if","locations":[{"start":{"line":96,"column":4},"end":{"line":103,"column":5}},{"start":{"line":96,"column":4},"end":{"line":103,"column":5}}]},"11":{"loc":{"start":{"line":97,"column":6},"end":{"line":101,"column":7}},"type":"if","locations":[{"start":{"line":97,"column":6},"end":{"line":101,"column":7}},{"start":{"line":97,"column":6},"end":{"line":101,"column":7}}]},"12":{"loc":{"start":{"line":97,"column":10},"end":{"line":97,"column":22}},"type":"binary-expr","locations":[{"start":{"line":97,"column":10},"end":{"line":97,"column":22}},{"start":{"line":97,"column":26},"end":{"line":97,"column":37}}]},"13":{"loc":{"start":{"line":107,"column":45},"end":{"line":107,"column":57}},"type":"cond-expr","locations":[{"start":{"line":107,"column":45},"end":{"line":107,"column":57}},{"start":{"line":107,"column":60},"end":{"line":107,"column":73}}]},"14":{"loc":{"start":{"line":108,"column":44},"end":{"line":108,"column":51}},"type":"cond-expr","locations":[{"start":{"line":108,"column":44},"end":{"line":108,"column":51}},{"start":{"line":108,"column":54},"end":{"line":108,"column":60}}]},"15":{"loc":{"start":{"line":109,"column":4},"end":{"line":112,"column":5}},"type":"if","locations":[{"start":{"line":109,"column":4},"end":{"line":112,"column":5}},{"start":{"line":109,"column":4},"end":{"line":112,"column":5}}]}},"s":{"0":11,"1":11,"2":11,"3":5,"4":5,"5":5,"6":5,"7":5,"8":5,"9":5,"10":5,"11":5,"12":5,"13":5,"14":5,"15":5,"16":5,"17":0,"18":5,"19":0,"20":5,"21":0,"22":5,"23":0,"24":5,"25":0,"26":5,"27":22,"28":10,"29":11,"30":0,"31":11,"32":5,"33":5,"34":1,"35":1,"36":0,"37":0,"38":5,"39":11,"40":5,"41":5,"42":0,"43":5,"44":0,"45":11,"46":0,"47":0,"48":0,"49":0,"50":0,"51":11,"52":0,"53":0,"54":0,"55":0,"56":0,"57":11,"58":11,"59":11,"60":11,"61":11,"62":11,"63":11,"64":11,"65":11,"66":11,"67":11,"68":11,"69":11},"f":{"0":11,"1":5,"2":10,"3":0,"4":5,"5":1,"6":5,"7":0,"8":0},"b":{"0":[0,5],"1":[0,5],"2":[0,5],"3":[0,5],"4":[0,5],"5":[10,10],"6":[0,1],"7":[5,0],"8":[0,5],"9":[0,5],"10":[0,0],"11":[0,0],"12":[0,0],"13":[0,0],"14":[0,0],"15":[0,0]}}
,"/Users/adarshpastakia/Workspace/Personal/aurelia-ui-framework/source/src/core/ui-drop.ts": {"path":"/Users/adarshpastakia/Workspace/Personal/aurelia-ui-framework/source/src/core/ui-drop.ts","statementMap":{"0":{"start":{"line":8,"column":0},"end":{"line":8,"column":98}},"1":{"start":{"line":9,"column":0},"end":{"line":9,"column":49}},"2":{"start":{"line":10,"column":0},"end":{"line":10,"column":45}},"3":{"start":{"line":20,"column":0},"end":{"line":108,"column":0}},"4":{"start":{"line":38,"column":22},"end":{"line":38,"column":38}},"5":{"start":{"line":22,"column":9},"end":{"line":22,"column":28}},"6":{"start":{"line":26,"column":9},"end":{"line":26,"column":33}},"7":{"start":{"line":27,"column":9},"end":{"line":27,"column":38}},"8":{"start":{"line":28,"column":9},"end":{"line":28,"column":43}},"9":{"start":{"line":39,"column":4},"end":{"line":39,"column":84}},"10":{"start":{"line":40,"column":4},"end":{"line":40,"column":88}},"11":{"start":{"line":41,"column":4},"end":{"line":41,"column":73}},"12":{"start":{"line":42,"column":4},"end":{"line":42,"column":79}},"13":{"start":{"line":45,"column":9},"end":{"line":51,"column":3}},"14":{"start":{"line":46,"column":4},"end":{"line":50,"column":7}},"15":{"start":{"line":53,"column":9},"end":{"line":55,"column":3}},"16":{"start":{"line":54,"column":4},"end":{"line":54,"column":36}},"17":{"start":{"line":57,"column":9},"end":{"line":71,"column":3}},"18":{"start":{"line":57,"column":2},"end":{"line":71,"column":2}},"19":{"start":{"line":58,"column":4},"end":{"line":58,"column":28}},"20":{"start":{"line":59,"column":4},"end":{"line":59,"column":42}},"21":{"start":{"line":60,"column":4},"end":{"line":60,"column":59}},"22":{"start":{"line":61,"column":4},"end":{"line":70,"column":5}},"23":{"start":{"line":62,"column":6},"end":{"line":62,"column":96}},"24":{"start":{"line":62,"column":78},"end":{"line":62,"column":94}},"25":{"start":{"line":63,"column":6},"end":{"line":65,"column":8}},"26":{"start":{"line":64,"column":8},"end":{"line":64,"column":29}},"27":{"start":{"line":66,"column":6},"end":{"line":69,"column":9}},"28":{"start":{"line":67,"column":8},"end":{"line":67,"column":40}},"29":{"start":{"line":68,"column":8},"end":{"line":68,"column":45}},"30":{"start":{"line":73,"column":9},"end":{"line":77,"column":3}},"31":{"start":{"line":74,"column":4},"end":{"line":74,"column":24}},"32":{"start":{"line":75,"column":4},"end":{"line":75,"column":28}},"33":{"start":{"line":76,"column":4},"end":{"line":76,"column":64}},"34":{"start":{"line":79,"column":12},"end":{"line":86,"column":3}},"35":{"start":{"line":80,"column":4},"end":{"line":82,"column":5}},"36":{"start":{"line":81,"column":6},"end":{"line":81,"column":29}},"37":{"start":{"line":83,"column":4},"end":{"line":85,"column":5}},"38":{"start":{"line":84,"column":6},"end":{"line":84,"column":30}},"39":{"start":{"line":88,"column":12},"end":{"line":93,"column":3}},"40":{"start":{"line":89,"column":4},"end":{"line":89,"column":28}},"41":{"start":{"line":90,"column":4},"end":{"line":92,"column":5}},"42":{"start
[...]
-1}}},"3":{"name":"(anonymous_7)","decl":{"start":{"line":15,"column":2},"end":{"line":15,"column":15}},"loc":{"start":{"line":15,"column":33},"end":{"line":22,"column":3}}},"4":{"name":"(anonymous_8)","decl":{"start":{"line":20,"column":19},"end":{"line":20,"column":19}},"loc":{"start":{"line":20,"column":48},"end":{"line":20,"column":72}}},"5":{"name":"(anonymous_9)","decl":{"start":{"line":25,"column":0},"end":{"line":null,"column":-1}},"loc":{"start":{"line":25,"column":0},"end":{"line":25,"column":-1}}},"6":{"name":"(anonymous_11)","decl":{"start":{"line":26,"column":2},"end":{"line":26,"column":15}},"loc":{"start":{"line":26,"column":52},"end":{"line":28,"column":3}}},"7":{"name":"(anonymous_12)","decl":{"start":{"line":32,"column":0},"end":{"line":null,"column":-1}},"loc":{"start":{"line":32,"column":0},"end":{"line":32,"column":-1}}},"8":{"name":"(anonymous_14)","decl":{"start":{"line":33,"column":2},"end":{"line":34,"column":3}},"loc":{"start":{"line":36,"column":24},"end":{"line":63,"column":3}}},"9":{"name":"(anonymous_15)","decl":{"start":{"line":46,"column":20},"end":{"line":46,"column":20}},"loc":{"start":{"line":46,"column":25},"end":{"line":53,"column":7}}},"10":{"name":"(anonymous_16)","decl":{"start":{"line":57,"column":8},"end":{"line":57,"column":7}},"loc":{"start":{"line":57,"column":9},"end":{"line":60,"column":53}}},"11":{"name":"(anonymous_17)","decl":{"start":{"line":66,"column":0},"end":{"line":null,"column":-1}},"loc":{"start":{"line":66,"column":0},"end":{"line":66,"column":-1}}},"12":{"name":"(anonymous_19)","decl":{"start":{"line":67,"column":2},"end":{"line":68,"column":3}},"loc":{"start":{"line":70,"column":31},"end":{"line":79,"column":3}}}},"branchMap":{"0":{"loc":{"start":{"line":9,"column":32},"end":{"line":9,"column":42}},"type":"if","locations":[{"start":{"line":9,"column":32},"end":{"line":9,"column":42}},{"start":{"line":9,"column":32},"end":{"line":9,"column":42}}]},"1":{"loc":{"start":{"line":10,"column":12},"end":{"line":10,"column":18}},"type":"binary-expr","locations":[{"start":{"line":10,"column":12},"end":{"line":10,"column":18}},{"start":{"line":10,"column":22},"end":{"line":10,"column":24}}]},"2":{"loc":{"start":{"line":16,"column":4},"end":{"line":18,"column":5}},"type":"if","locations":[{"start":{"line":16,"column":4},"end":{"line":18,"column":5}},{"start":{"line":16,"column":4},"end":{"line":18,"column":5}}]},"3":{"loc":{"start":{"line":38,"column":4},"end":{"line":40,"column":5}},"type":"if","locations":[{"start":{"line":38,"column":4},"end":{"line":40,"column":5}},{"start":{"line":38,"column":4},"end":{"line":40,"column":5}}]},"4":{"loc":{"start":{"line":41,"column":4},"end":{"line":43,"column":5}},"type":"if","locations":[{"start":{"line":41,"column":4},"end":{"line":43,"column":5}},{"start":{"line":41,"column":4},"end":{"line":43,"column":5}}]},"5":{"loc":{"start":{"line":44,"column":4},"end":{"line":62,"column":5}},"type":"if","locations":[{"start":{"line":44,"column":4},"end":{"line":62,"column":5}},{"start":{"line":44,"column":4},"end":{"line":62,"column":5}}]},"6":{"loc":{"start":{"line":51,"column":12},"end":{"line":51,"column":25}},"type":"cond-expr","locations":[{"start":{"line":51,"column":12},"end":{"line":51,"column":25}},{"start":{"line":52,"column":12},"end":{"line":52,"column":16}}]},"7":{"loc":{"start":{"line":47,"column":8},"end":{"line":47,"column":36}},"type":"binary-expr","locations":[{"start":{"line":47,"column":8},"end":{"line":47,"column":36}},{"start":{"line":48,"column":9},"end":{"line":50,"column":51}}]},"8":{"loc":{"start":{"line":49,"column":12},"end":{"line":49,"column":61}},"type":"cond-expr","locations":[{"start":{"line":49,"column":12},"end":{"line":49,"column":61}},{"start":{"line":50,"column":12},"end":{"line":50,"column":51}}]},"9":{"loc":{"start":{"line":59,"column":14},"end":{"line":59,"column":63}},"type":"cond-expr","locations":[{"start":{"line":59,"column":14},"end":{"line":59,"column":63}},{"start":{"line":60,"column":14},"end":{"line":60,"column":53}}]},"10":{"loc":{"start":{"line":70,"column":4},"end":{"line":70,"column":31}},"type":"if","locations":[{"start":{"line":70,"column":4},"end":{"line":70,"column":31}},{"start":{"line":70,"column":4},"end":{"line":70,"column":31}}]},"11":{"loc":{"start":{"line":72,"column":4},"end":{"line":74,"column":5}},"type":"if","locations":[{"start":{"line":72,"column":4},"end":{"line":74,"column":5}},{"start":{"line":72,"column":4},"end":{"line":74,"column":5}}]},"12":{"loc":{"start":{"line":75,"column":4},"end":{"line":77,"column":5}},"type":"if","locations":[{"start":{"line":75,"column":4},"end":{"line":77,"column":5}},{"start":{"line":75,"column":4},"end":{"line":77,"column":5}}]},"13":{"loc":{"start":{"line":78,"column":39},"end":{"line":78,"column":50}},"type":"binary-expr","locations":[{"start":{"line":78,"column":39},"end":{"line":78,"column":50}},{"start":{"line":78,"column":54},"end":{"line":78,"column":74}}]}},"s":{"0":11,"1":11,"2":5,"3":3,"4":11,"5":11,"6":11,"7":11,"8":2,"9":1,"10":1,"11":1,"12":3,"13":1,"14":11,"15":11,"16":11,"17":11,"18":1,"19":11,"20":11,"21":11,"22":11,"23":6,"24":1,"25":5,"26":1,"27":4,"28":2,"29":2,"30":6,"31":2,"32":2,"33":6,"34":11,"35":11,"36":11,"37":11,"38":7,"39":4,"40":1,"41":3,"42":1,"43":2,"44":11,"45":11},"f":{"0":22,"1":3,"2":22,"3":2,"4":3,"5":22,"6":1,"7":22,"8":6,"9":6,"10":6,"11":22,"12":4},"b":{"0":[2,1],"1":[3,1],"2":[1,1],"3":[1,5],"4":[1,4],"5":[2,2],"6":[4,2],"7":[6,5],"8":[3,2],"9":[3,3],"10":[3,1],"11":[1,3],"12":[1,2],"13":[2,2]}}
,"/Users/adarshpastakia/Workspace/Personal/aurelia-ui-framework/source/src/value-converters/ui-text.ts": {"path":"/Users/adarshpastakia/Workspace/Personal/aurelia-ui-framework/source/src/value-converters/ui-text.ts","statementMap":{"0":{"start":{"line":8,"column":0},"end":{"line":8,"column":45}},"1":{"start":{"line":10,"column":0},"end":{"line":14,"column":0}},"2":{"start":{"line":11,"column":9},"end":{"line":13,"column":3}},"3":{"start":{"line":12,"column":4},"end":{"line":12,"column":33}},"4":{"start":{"line":14,"column":0},"end":{"line":14,"column":1}},"5":{"start":{"line":10,"column":13},"end":{"line":10,"column":31}},"6":{"start":{"line":16,"column":0},"end":{"line":20,"column":0}},"7":{"start":{"line":17,"column":9},"end":{"line":19,"column":3}},"8":{"start":{"line":18,"column":4},"end":{"line":18,"column":40}},"9":{"start":{"line":20,"column":0},"end":{"line":20,"column":1}},"10":{"start":{"line":16,"column":13},"end":{"line":16,"column":35}},"11":{"start":{"line":22,"column":0},"end":{"line":26,"column":0}},"12":{"start":{"line":23,"column":9},"end":{"line":25,"column":3}},"13":{"start":{"line":23,"column":31},"end":{"line":23,"column":43}},"14":{"start":{"line":24,"column":4},"end":{"line":24,"column":80}},"15":{"start":{"line":26,"column":0},"end":{"line":26,"column":1}},"16":{"start":{"line":22,"column":13},"end":{"line":22,"column":32}},"17":{"start":{"line":28,"column":0},"end":{"line":32,"column":0}},"18":{"start":{"line":29,"column":9},"end":{"line":31,"column":3}},"19":{"start":{"line":29,"column":31},"end":{"line":29,"column":45}},"20":{"start":{"line":30,"column":4},"end":{"line":30,"column":75}},"21":{"start":{"line":32,"column":0},"end":{"line":32,"column":1}},"22":{"start":{"line":28,"column":13},"end":{"line":28,"column":37}},"23":{"start":{"line":34,"column":0},"end":{"line":39,"column":0}},"24":{"start":{"line":35,"column":9},"end":{"line":38,"column":3}},"25":{"start":{"line":35,"column":31},"end":{"line":35,"column":43}},"26":{"start":{"line":36,"column":17},"end":{"line":36,"column":59}},"27":{"start":{"line":37,"column":4},"end":{"line":37,"column":128}},"28":{"start":{"line":39,"column":0},"end":{"line":39,"column":1}},"29":{"start":{"line":34,"column":13},"end":{"line":34,"column":36}},"30":{"start":{"line":41,"column":0},"end":{"line":46,"column":0}},"31":{"start":{"line":42,"column":9},"end":{"line":45,"column":3}},"32":{"start":{"line":42,"column":31},"end":{"line":42,"column":45}},"33":{"start":{"line":43,"column":17},"end":{"line":43,"column":59}},"34":{"start":{"line":44,"column":4},"end":{"line":44,"column":123}},"35":{"start":{"line":46,"column":0},"end":{"line":46,"column":1}},"36":{"start":{"line":41,"column":13},"end":{"line":41,"column":41}},"37":{"start":{"line":49,"column":0},"end":{"line":53,"column":0}},"38":{"start":{"line":50,"column":9},"end":{"line":52,"column":3}},"39":{"start":{"line":51,"column":4},"end":{"line":51,"column":40}},"40":{"start":{"line":53,"column":0},"end":{"line":53,"column":1}},"41":{"start":{"line":49,"column":13},"end":{"line":49,"column":31}},"42":{"start":{"line":54,"column":0},"end":{"line":58,"column":0}},"43":{"start":{"line":55,"column":9},"end":{"line":57,"column":3}},"44":{"start":{"line":56,"column":4},"end":{"line":56,"column":40}},"45":{"start":{"line":58,"column":0},"end":{"line":58,"column":1}},"46":{"start":{"line":54,"column":13},"end":{"line":54,"column":31}},"47":{"start":{"line":59,"column":0},"end":{"line":63,"column":0}},"48":{"start":{"line":60,"column":9},"end":{"line":62,"column":3}},"49":{"start":{"line":61,"column":4},"end":{"line":61,"column":44}},"50":{"start":{"line":63,"column":0},"end":{"line":63,"column":1}},"51":{"start":{"line":59,"column":13},"end":{"line":59,"column":35}},"52":{"start":{"line":64,"column":0},"end":{"line":68,"column":0}},"53":{"start":{"line":65,"column":9},"end":{"line":67,"column":3}},"54":{"start":{"line":66,"column":4},"end":{"line":66,"column":35}},"55":{"start":{"line":68,"column":0},"end":{"line":68,"column":1}},"56":{"start":{"line":64,"column":13},"end":{"line":64,"column":34}},"57":{"start":{"line":69,"column":0},"end":{"line":73,"column":0}},"58":{"start":{"line":70,"column":9},"end":{"line":72,"column":3}},"59":{"start":{"line":71,"column":4},"end":{"line":71,"column":31}},"60":{"start":{"line":73,"column":0},"end":{"line":73,"column":1}},"61":{"start":{"line":69,"column":13},"end":{"line":69,"column":30}},"62":{"start":{"line":74,"column":0},"end":{"line":78,"column":0}},"63":{"start":{"line":75,"column":9},"end":{"line":77,"column":3}},"64":{"start":{"line":76,"column":4},"end":{"line":76,"column":35}},"65":{"start":{"line":78,"column":0},"end":{"line":78,"column":1}},"66":{"start":{"line":74,"column":13},"end":{"line":74,"column":30}},"67":{"start":{"line":81,"column":0},"end":{"line":85,"column":0}},"68":{"start":{"line":82,"column":9},"end":{"line":84,"column":3}},"69":{"start":{"line":83,"column":4},"end":{"line":83,"column":42}},"70":{"start":{"line":85,"column":0},"end":{"line":85,"column":1}},"71":{"start":{"line":81,"column":13},"end":{"line":81,"column":33}},"72":{"start":{"line":86,"column":0},"end":{"line":90,"column":0}},"73":{"start":{"line":87,"column":9},"end":{"line":89,"column":3}},"74":{"start":{"line":88,"column":4},"end":{"line":88,"column":52}},"75":{"start":{"line":90,"column":0},"end":{"line":90,"column":1}},"76":{"start":{"line":86,"column":13},"end":{"line":86,"column":35}},"77":{"start":{"line":91,"column":0},"end":{"line":95,"column":0}},"78":{"start":{"line":92,"column":9},"end":{"line":94,"column":3}},"79":{"start":{"line":93,"column":4},"end":{"line":93,"column":35}},"80":{"start":{"line":95,"column":0},"end":{"line":95,"column":1}},"81":{"start":{"line":91,"column":13},"end":{"line":91,"column":34}}},"fnMap":{"0":{"name":"(anonymous_0)","decl":{"start":{"line":10,"column":0},"end":{"line":null,"column":-1}},"loc":{"start":{"line":10,"column":0},"end":{"line":10,"column":-1}}},"1":{"name":"(anonymous_2)","decl":{"start":{"line":11,"column":2},"end":{"line":11,"column":15}},"loc":{"start":{"line":11,"column":32},"end":{"line":13,"column":3}}},"2":{"name":"(anonymous_3)","decl":{"start":{"line":16,"column":0},"end":{"line":null,"column":-1}},"loc":{"start":{"line":16,"column":0},"end":{"line":16,"column":-1}}},"3":{"name":"(anonymous_5)","decl":{"start":{"line":17,"column":2},"end":{"line":17,"column":15}},"loc":{"start":{"line":17,"column":29},"end":{"line":19,"column":3}}},"4":{"name":"(anonymous_6)","decl":{"start":{"line":22,"column":0},"end":{"line":null,"column":-1}},"loc":{"start":{"line":22,"column":0},"end":{"line":22,"column":-1}}},"5":{"name":"(anonymous_8)","decl":{"start":{"line":23,"column":2},"end":{"line":23,"column":15}},"loc":{"start":{"line":23,"column":43},"end":{"line":25,"column":3}}},"6":{"name":"(anonymous_9)","decl":{"start":{"line":28,"column":0},"end":{"line":null,"column":-1}},"loc":{"start":{"line":28,"column":0},"end":{"line":28,"column":-1}}},"7":{"name":"(anonymous_11)","decl":{"start":{"line":29,"column":2},"end":{"line":29,"column":15}},"loc":{"start":{"line":29,"column":45},"end":{"line":31,"column":3}}},"8":{"name":"(anonymous_12)","decl":{"start":{"line":34,"column":0},"end":{"line":null,"column":-1}},"loc":{"start":{"line":34,"column":0},"end":{"line":34,"column":-1}}},"9":{"name":"(anonymous_14)","decl":{"start":{"line":35,"column":2},"end":{"line":35,"column":15}},"loc":{"start":{"line":35,"column":43},"end":{"line":38,"column":3}}},"10":{"name":"(anonymous_15)","decl":{"start":{"line":41,"column":0},"end":{"line":null,"column":-1}},"loc":{"start":{"line":41,"column":0},"end":{"line":41,"column":-1}}},"11":{"name":"(anonymous_17)","decl":{"start":{"line":42,"column":2},"end":{"line":42,"column":15}},"loc":{"start":{"line":42,"column":45},"end":{"line":45,"column":3}}},"12":{"name":"(anonymous_18)","decl":{"start":{"line":49,"column":0},"end":{"line":null,"column":-1}},"loc":{"start":{"line":49,"column":0},"end":{"line":49,"column":-1}}},"13":{"name":"(anonymous_20)","decl":{"start":{"line":50,"column":2},"end":{"line":50,"column":15}},"loc":{"start":{"line":50,"column":46},"end":{"line":52,"column":3}}},"14":{"name":"(anonymous_21)","decl":{"start":{"line":54,"column":0},"end":{"line":null,"column":-1}},"loc":{"start":{"line":54,"column":0},"end":{"line":54,"column":-1}}},"15":{"name":"(anonymous_23)","decl":{"start":{"line":55,"column":2},"end":{"line":55,"column":15}},"loc":{"start":{"line":55,"column":46},"end":{"line":57,"column":3}}},"16":{"name":"(anonymous_24)","decl":{"start":{"line":59,"column":0},"end":{"line":null,"column":-1}},"loc":{"start":{"line":59,"column":0},"end":{"line":59,"column":-1}}},"17":{"name":"(anonymous_26)","decl":{"start":{"line":60,"column":2},"end":{"line":60,"column":15}},"loc":{"start":{"line":60,"column":46},"end":{"line":62,"column":3}}},"18":{"name":"(anonymous_27)","decl":{"start":{"line":64,"column":0},"end":{"line":null,"column":-1}},"loc":{"start":{"line":64,"column":0},"end":{"line":64,"column":-1}}},"19":{"name":"(anonymous_29)","decl":{"start":{"line":65,"column":2},"end":{"line":65,"column":15}},"loc":{"start":{"line":65,"column":29},"end":{"line":67,"column":3}}},"20":{"name":"(anonymous_30)","decl":{"start":{"line":69,"column":0},"end":{"line":null,"column":-1}},"loc":{"start":{"line":69,"column":0},"end":{"line":69,"column":-1}}},"21":{"name":"(anonymous_32)","decl":{"start":{"line":70,"column":2},"end":{"line":70,"column":15}},"loc":{"start":{"line":70,"column":29},"end":{"line":72,"column":3}}},"22":{"name":"(anonymous_33)","decl":{"start":{"line":74,"column":0},"end":{"line":null,"column":-1}},"loc":{"start":{"line":74,"column":0},"end":{"line":74,"column":-1}}},"23":{"name":"(anonymous_35)","decl":{"start":{"line":75,"column":2},"end":{"line":75,"column":15}},"loc":{"start":{"line":75,"column":29},"end":{"line":77,"column":3}}},"24":{"name":"(anonymous_36)","decl":{"start":{"line":81,"column":0},"end":{"line":null,"column":-1}},"loc":{"start":{"line":81,"column":0},"end":{"line":81,"column":-1}}},"25":{"name":"(anonymous_38)","decl":{"start":{"line":82,"column":2},"end":{"line":82,"column":15}},"loc":{"start":{"line":82,"column":46},"end":{"line":84,"column":3}}},"26":{"name":"(anonymous_39)","decl":{"start":{"line":86,"column":0},"end":{"line":null,"column":-1}},"loc":{"start":{"line":86,"column":0},"end":{"line":86,"column":-1}}},"27":{"name":"(anonymous_41)","decl":{"start":{"line":87,"column":2},"end":{"line":87,"column":15}},"loc":{"start":{"line":87,"column":63},"end":{"line":89,"column":3}}},"28":{"name":"(anonymous_42)","decl":{"start":{"line":91,"column":0},"end":{"line":null,"column":-1}},"loc":{"start":{"line":91,"column":0},"end":{"line":91,"column":-1}}},"29":{"name":"(anonymous_44)","decl":{"start":{"line":92,"column":2},"end":{"line":92,"column":15}},"loc":{"start":{"line":92,"column":29},"end":{"line":94,"column":3}}}},"branchMap":{"0":{"loc":{"start":{"line":18,"column":27},"end":{"line":18,"column":32}},"type":"binary-expr","locations":[{"start":{"line":18,"column":27},"end":{"line":18,"column":32}},{"start":{"line":18,"column":36},"end":{"line":18,"column":38}}]},"1":{"loc":{"start":{"line":23,"column":31},"end":{"line":23,"column":43}},"type":"if","locations":[{"start":{"line":23,"column":31},"end":{"line":23,"column":43}},{"start":{"line":23,"column":31},"end":{"line":23,"column":43}}]},"2":{"loc":{"start":{"line":24,"column":27},"end":{"line":24,"column":32}},"type":"binary-expr","locations":[{"start":{"line":24,"column":27},"end":{"line":24,"column":32}},{"start":{"line":24,"column":36},"end":{"line":24,"column":38}}]},"3":{"loc":{"start":{"line":29,"column":31},"end":{"line":29,"column":45}},"type":"if","locations":[{"start":{"line":29,"column":31},"end":{"line":29,"column":45}},{"start":{"line":29,"column":31},"end":{"line":29,"column":45}}]},"4":{"loc":{"start":{"line":30,"column":27},"end":{"line":30,"column":32}},"type":"binary-expr","locations":[{"start":{"line":30,"column":27},"end":{"line":30,"column":32}},{"start":{"line":30,"column":36},"end":{"line":30,"column":38}}]},"5":{"loc":{"start":{"line":35,"column":31},"end":{"line":35,"column":43}},"type":"if","locations":[{"start":{"line":35,"column":31},"end":{"line":35,"column":43}},{"start":{"line":35,"column":31},"end":{"line":35,"column":43}}]},"6":{"loc":{"start":{"line":36,"column":38},"end":{"line":36,"column":43}},"type":"binary-expr","locations":[{"start":{"line":36,"column":38},"end":{"line":36,"column":43}},{"start":{"line":36,"column":47},"end":{"line":36,"column":49}}]},"7":{"loc":{"start":{"line":37,"column":73},"end":{"line":37,"column":78}},"type":"binary-expr","locations":[{"start":{"line":37,"column":73},"end":{"line":37,"column":78}},{"start":{"line":37,"column":82},"end":{"line":37,"column":84}}]},"8":{"loc":{"start":{"line":42,"column":31},"end":{"line":42,"column":45}},"type":"if","locations":[{"start":{"line":42,"column":31},"end":{"line":42,"column":45}},{"start":{"line":42,"column":31},"end":{"line":42,"column":45}}]},"9":{"loc":{"start":{"line":43,"column":38},"end":{"line":43,"column":43}},"type":"binary-expr","locations":[{"start":{"line":43,"column":38},"end":{"line":43,"column":43}},{"start":{"line":43,"column":47},"end":{"line":43,"column":49}}]},"10":{"loc":{"start":{"line":44,"column":73},"end":{"line":44,"column":78}},"type":"binary-expr","locations":[{"start":{"line":44,"column":73},"end":{"line":44,"column":78}},{"start":{"line":44,"column":82},"end":{"line":44,"column":84}}]}},"s":{"0":11,"1":11,"2":11,"3":1,"4":11,"5":11,"6":11,"7":11,"8":2,"9":11,"10":11,"11":11,"12":11,"13":5,"14":3,"15":11,"16":11,"17":11,"18":11,"19":5,"20":3,"21":11,"22":11,"23":11,"24":11,"25":5,"26":3,"27":3,"28":11,"29":11,"30":11,"31":11,"32":5,"33":3,"34":3,"35":11,"36":11,"37":11,"38":11,"39":1,"40":11,"41":11,"42":11,"43":11,"44":1,"45":11,"46":11,"47":11,"48":11,"49":1,"50":11,"51":11,"52":11,"53":11,"54":1,"55":11,"56":11,"57":11,"58":11,"59":1,"60":11,"61":11,"62":11,"63":11,"64":1,"65":11,"66":11,"67":11,"68":11,"69":1,"70":11,"71":11,"72":11,"73":11,"74":1,"75":11,"76":11,"77":11,"78":11,"79":1,"80":11,"81":11},"f":{"0":22,"1":1,"2":22,"3":2,"4":22,"5":3,"6":22,"7":3,"8":22,"9":3,"10":22,"11":3,"12":22,"13":1,"14":22,"15":1,"16":22,"17":1,"18":22,"19":1,"20":22,"21":1,"22":22,"23":1,"24":22,"25":1,"26":22,"27":1,"28":22,"29":1},"b":{"0":[2,1],"1":[2,1],"2":[3,1],"3":[2,1],"4":[3,1],"5":[2,1],"6":[3,1],"7":[3,1],"8":[2,1],"9":[3,1],"10":[3,1]}}
}
