TN:
SF:/Users/adarshpastakia/Workspace/Personal/aurelia-ui-framework/source/src/aurelia-ui-framework.ts
FN:24,(anonymous_1)
FN:42,(anonymous_2)
FN:105,UIFrameworkConfig
FN:44,(anonymous_4)
FN:53,(anonymous_5)
FN:62,(anonymous_6)
FN:80,(anonymous_7)
FN:91,(anonymous_8)
FN:98,(anonymous_9)
FN:118,(anonymous_10)
FN:122,(anonymous_11)
FN:126,(anonymous_12)
FN:131,(anonymous_13)
FN:135,(anonymous_14)
FN:140,(anonymous_15)
FN:145,configure
FNF:16
FNH:16
FNDA:7,(anonymous_1)
FNDA:12,(anonymous_2)
FNDA:11,UIFrameworkConfig
FNDA:11,(anonymous_4)
FNDA:11,(anonymous_5)
FNDA:11,(anonymous_6)
FNDA:11,(anonymous_7)
FNDA:11,(anonymous_8)
FNDA:11,(anonymous_9)
FNDA:1,(anonymous_10)
FNDA:1,(anonymous_11)
FNDA:1,(anonymous_12)
FNDA:1,(anonymous_13)
FNDA:1,(anonymous_14)
FNDA:429,(anonymous_15)
FNDA:11,configure
DA:8,12
DA:9,12
DA:10,12
DA:11,12
DA:12,12
DA:13,12
DA:15,12
DA:16,12
DA:17,12
DA:18,12
DA:19,12
DA:20,12
DA:21,12
DA:22,12
DA:24,12
DA:27,12
DA:28,12
DA:29,12
DA:30,12
DA:31,12
DA:42,12
DA:43,11
DA:45,11
DA:54,11
DA:55,11
DA:56,11
DA:57,11
DA:58,11
DA:59,11
DA:63,11
DA:64,11
DA:65,11
DA:66,11
DA:67,11
DA:68,11
DA:69,11
DA:70,11
DA:71,11
DA:72,11
DA:73,11
DA:74,11
DA:75,11
DA:76,11
DA:77,11
DA:81,11
DA:82,11
DA:83,11
DA:84,11
DA:85,11
DA:86,11
DA:87,11
DA:88,11
DA:92,11
DA:93,11
DA:94,11
DA:95,11
DA:99,11
DA:100,11
DA:101,11
DA:105,11
DA:106,11
DA:107,11
DA:108,11
DA:109,11
DA:110,11
DA:112,11
DA:114,11
DA:115,11
DA:118,12
DA:119,1
DA:120,1
DA:122,12
DA:123,1
DA:124,1
DA:126,12
DA:127,1
DA:128,1
DA:131,12
DA:132,1
DA:133,1
DA:135,12
DA:136,1
DA:137,1
DA:140,12
DA:141,429
DA:143,12
DA:145,12
DA:149,11
DA:151,11
DA:152,11
DA:153,1
DA:155,10
DA:158,11
LF:93
LH:93
BRDA:152,0,0,1
BRDA:152,0,1,10
BRF:2
BRH:2
end_of_record
TN:
SF:/Users/adarshpastakia/Workspace/Personal/aurelia-ui-framework/source/src/appbars/ui-sidebar.ts
FN:20,(anonymous_2)
FN:45,UISidebar
FN:48,(anonymous_4)
FN:51,(anonymous_5)
FN:58,(anonymous_6)
FNF:5
FNH:1
FNDA:11,(anonymous_2)
FNDA:0,UISidebar
FNDA:0,(anonymous_4)
FNDA:0,(anonymous_5)
FNDA:0,(anonymous_6)
DA:8,11
DA:16,11
DA:20,11
DA:22,11
DA:24,11
DA:26,11
DA:28,11
DA:31,11
DA:33,11
DA:35,11
DA:38,11
DA:40,0
DA:41,0
DA:45,0
DA:46,0
DA:48,0
DA:51,11
DA:52,0
DA:53,0
DA:58,22
DA:59,0
DA:61,11
LF:22
LH:14
BRDA:52,0,0,0
BRDA:52,0,1,0
BRDA:59,1,0,0
BRDA:59,1,1,0
BRF:4
BRH:0
end_of_record
TN:
SF:/Users/adarshpastakia/Workspace/Personal/aurelia-ui-framework/source/src/appbars/ui-toolbar.ts
FN:13,(anonymous_2)
FN:14,UIToolbar
FNF:2
FNH:2
FNDA:11,(anonymous_2)
FNDA:1,UIToolbar
DA:8,11
DA:13,11
DA:14,1
DA:15,11
LF:4
LH:4
BRF:0
BRH:0
end_of_record
TN:
SF:/Users/adarshpastakia/Workspace/Personal/aurelia-ui-framework/source/src/attributes/ui-badge.ts
FN:12,(anonymous_2)
FN:22,UIBadge
FN:24,(anonymous_4)
FNF:3
FNH:1
FNDA:11,(anonymous_2)
FNDA:0,UIBadge
FNDA:0,(anonymous_4)
DA:7,11
DA:8,11
DA:12,11
DA:14,11
DA:16,11
DA:18,11
DA:20,11
DA:22,0
DA:24,11
DA:25,0
DA:26,0
DA:27,0
DA:33,0
DA:34,0
DA:37,11
LF:15
LH:9
BRDA:25,0,0,0
BRDA:25,0,1,0
BRDA:25,1,0,0
BRDA:25,1,1,0
BRDA:33,2,0,0
BRDA:33,2,1,0
BRDA:33,3,0,0
BRDA:33,3,1,0
BRDA:33,4,0,0
BRDA:33,4,1,0
BRF:10
BRH:0
end_of_record
TN:
SF:/Users/adarshpastakia/Workspace/Personal/aurelia-ui-framework/source/src/attributes/ui-helpers.ts
FN:11,(anonymous_8)
FN:17,BaseAttribute
FN:19,(anonymous_10)
FN:23,(anonymous_11)
FN:27,(anonymous_12)
FN:35,(anonymous_13)
FN:41,(anonymous_14)
FN:51,(anonymous_15)
FN:49,UITheme
FN:57,(anonymous_17)
FN:55,UIBg
FN:63,(anonymous_19)
FN:61,UIColor
FN:69,(anonymous_21)
FN:67,UIHover
FN:75,(anonymous_23)
FN:73,UIPadding
FN:81,(anonymous_25)
FN:79,UIMargin
FN:87,(anonymous_27)
FN:85,UIBorder
FN:93,(anonymous_29)
FN:91,UIFont
FN:99,(anonymous_31)
FN:97,UIWeight
FN:105,(anonymous_33)
FN:103,UIText
FN:111,(anonymous_35)
FN:109,UIAlign
FN:117,(anonymous_37)
FN:115,UIGutter
FN:123,(anonymous_39)
FN:121,UIHide
FN:129,(anonymous_41)
FN:127,UIShow
FN:135,(anonymous_43)
FN:133,UIClip
FN:139,(anonymous_45)
FN:144,(anonymous_46)
FN:151,(anonymous_47)
FN:149,UIPaper
FN:158,(anonymous_49)
FN:156,UIScroll
FNF:43
FNH:43
FNDA:11,(anonymous_8)
FNDA:32,BaseAttribute
FNDA:32,(anonymous_10)
FNDA:2,(anonymous_11)
FNDA:34,(anonymous_12)
FNDA:28,(anonymous_13)
FNDA:30,(anonymous_14)
FNDA:11,(anonymous_15)
FNDA:5,UITheme
FNDA:11,(anonymous_17)
FNDA:2,UIBg
FNDA:11,(anonymous_19)
FNDA:4,UIColor
FNDA:11,(anonymous_21)
FNDA:1,UIHover
FNDA:11,(anonymous_23)
FNDA:1,UIPadding
FNDA:11,(anonymous_25)
FNDA:1,UIMargin
FNDA:11,(anonymous_27)
FNDA:1,UIBorder
FNDA:11,(anonymous_29)
FNDA:8,UIFont
FNDA:11,(anonymous_31)
FNDA:1,UIWeight
FNDA:11,(anonymous_33)
FNDA:1,UIText
FNDA:11,(anonymous_35)
FNDA:1,UIAlign
FNDA:11,(anonymous_37)
FNDA:1,UIGutter
FNDA:11,(anonymous_39)
FNDA:1,UIHide
FNDA:11,(anonymous_41)
FNDA:1,UIShow
FNDA:11,(anonymous_43)
FNDA:1,UIClip
FNDA:1,(anonymous_45)
FNDA:1,(anonymous_46)
FNDA:11,(anonymous_47)
FNDA:1,UIPaper
FNDA:11,(anonymous_49)
FNDA:1,UIScroll
DA:8,11
DA:11,11
DA:12,32
DA:13,32
DA:14,32
DA:15,32
DA:17,32
DA:19,11
DA:20,32
DA:23,11
DA:24,2
DA:27,34
DA:28,34
DA:29,34
DA:30,34
DA:31,1
DA:33,34
DA:34,31
DA:35,28
DA:37,3
DA:39,31
DA:40,31
DA:41,30
DA:42,4
DA:43,3
DA:47,11
DA:49,5
DA:51,11
DA:52,5
DA:53,11
DA:55,2
DA:57,11
DA:58,2
DA:59,11
DA:61,4
DA:63,11
DA:64,4
DA:65,11
DA:67,1
DA:69,11
DA:70,1
DA:71,11
DA:73,1
DA:75,11
DA:76,1
DA:77,11
DA:79,1
DA:81,11
DA:82,1
DA:83,11
DA:85,1
DA:87,11
DA:88,1
DA:89,11
DA:91,8
DA:93,11
DA:94,8
DA:95,11
DA:97,1
DA:99,11
DA:100,1
DA:101,11
DA:103,1
DA:105,11
DA:106,1
DA:107,11
DA:109,1
DA:111,11
DA:112,1
DA:113,11
DA:115,1
DA:117,11
DA:118,1
DA:119,11
DA:121,1
DA:123,11
DA:124,1
DA:125,11
DA:127,1
DA:129,11
DA:130,1
DA:131,11
DA:133,1
DA:135,11
DA:136,1
DA:137,1
DA:139,11
DA:140,1
DA:141,1
DA:144,11
DA:145,1
DA:147,11
DA:149,1
DA:151,11
DA:152,1
DA:153,1
DA:154,11
DA:156,1
DA:158,11
DA:159,1
DA:160,11
LF:101
LH:101
BRDA:30,0,0,1
BRDA:30,0,1,33
BRDA:30,1,0,34
BRDA:30,1,1,15
BRDA:33,2,0,31
BRDA:33,2,1,3
BRDA:34,3,0,28
BRDA:34,3,1,3
BRDA:34,4,0,31
BRDA:34,4,1,30
BRDA:40,5,0,27
BRDA:40,5,1,4
BRDA:40,6,0,31
BRDA:40,6,1,29
BRDA:42,7,0,3
BRDA:42,7,1,1
BRDA:49,8,0,5
BRDA:49,8,1,5
BRDA:49,8,2,5
BRDA:55,9,0,2
BRDA:55,9,1,2
BRDA:55,9,2,2
BRDA:61,10,0,4
BRDA:61,10,1,4
BRDA:61,10,2,4
BRDA:67,11,0,1
BRDA:67,11,1,1
BRDA:67,11,2,1
BRDA:73,12,0,1
BRDA:73,12,1,1
BRDA:73,12,2,1
BRDA:79,13,0,1
BRDA:79,13,1,1
BRDA:79,13,2,1
BRDA:85,14,0,1
BRDA:85,14,1,1
BRDA:85,14,2,1
BRDA:91,15,0,8
BRDA:91,15,1,8
BRDA:91,15,2,8
BRDA:97,16,0,1
BRDA:97,16,1,1
BRDA:97,16,2,1
BRDA:103,17,0,1
BRDA:103,17,1,1
BRDA:103,17,2,1
BRDA:109,18,0,1
BRDA:109,18,1,1
BRDA:109,18,2,1
BRDA:115,19,0,1
BRDA:115,19,1,1
BRDA:115,19,2,1
BRDA:121,20,0,1
BRDA:121,20,1,1
BRDA:121,20,2,1
BRDA:127,21,0,1
BRDA:127,21,1,1
BRDA:127,21,2,1
BRDA:133,22,0,1
BRDA:133,22,1,1
BRDA:133,22,2,1
BRDA:149,23,0,1
BRDA:149,23,1,1
BRDA:149,23,2,1
BRDA:156,24,0,1
BRDA:156,24,1,1
BRDA:156,24,2,1
BRF:67
BRH:67
end_of_record
TN:
SF:/Users/adarshpastakia/Workspace/Personal/aurelia-ui-framework/source/src/attributes/ui-tooltip.ts
FN:12,(anonymous_2)
FN:25,UITooltip
FN:77,(anonymous_4)
FN:78,(anonymous_5)
FN:27,(anonymous_6)
FN:54,(anonymous_7)
FN:64,(anonymous_8)
FN:69,(anonymous_9)
FN:72,(anonymous_10)
FNF:9
FNH:1
FNDA:11,(anonymous_2)
FNDA:0,UITooltip
FNDA:0,(anonymous_4)
FNDA:0,(anonymous_5)
FNDA:0,(anonymous_6)
FNDA:0,(anonymous_7)
FNDA:0,(anonymous_8)
FNDA:0,(anonymous_9)
FNDA:0,(anonymous_10)
DA:7,11
DA:8,11
DA:12,11
DA:14,11
DA:16,11
DA:18,11
DA:25,0
DA:27,11
DA:28,0
DA:29,0
DA:31,0
DA:32,0
DA:35,0
DA:36,0
DA:39,0
DA:50,0
DA:51,0
DA:54,11
DA:55,0
DA:56,0
DA:57,0
DA:58,0
DA:59,0
DA:61,0
DA:64,11
DA:65,0
DA:66,0
DA:68,0
DA:69,0
DA:72,11
DA:73,0
DA:74,0
DA:77,0
DA:78,0
DA:79,11
LF:35
LH:11
BRDA:28,0,0,0
BRDA:28,0,1,0
BRDA:31,1,0,0
BRDA:31,1,1,0
BRDA:58,2,0,0
BRDA:58,2,1,0
BRDA:65,3,0,0
BRDA:65,3,1,0
BRF:8
BRH:0
end_of_record
TN:
SF:/Users/adarshpastakia/Workspace/Personal/aurelia-ui-framework/source/src/buttons/ui-badge.ts
FN:29,(anonymous_2)
FN:44,UIBadge
FN:53,(anonymous_4)
FN:54,(anonymous_5)
FN:57,(anonymous_6)
FN:67,(anonymous_7)
FN:74,(anonymous_8)
FN:76,(anonymous_9)
FNF:8
FNH:1
FNDA:11,(anonymous_2)
FNDA:0,UIBadge
FNDA:0,(anonymous_4)
FNDA:0,(anonymous_5)
FNDA:0,(anonymous_6)
FNDA:0,(anonymous_7)
FNDA:0,(anonymous_8)
FNDA:0,(anonymous_9)
DA:8,11
DA:16,11
DA:29,11
DA:31,11
DA:33,11
DA:35,11
DA:37,11
DA:41,0
DA:42,0
DA:44,0
DA:45,0
DA:46,0
DA:48,0
DA:50,0
DA:53,11
DA:54,0
DA:57,11
DA:58,0
DA:59,0
DA:60,0
DA:61,0
DA:62,0
DA:67,11
DA:68,0
DA:69,0
DA:70,0
DA:74,11
DA:75,0
DA:76,0
DA:78,11
LF:30
LH:12
BRDA:45,0,0,0
BRDA:45,0,1,0
BRDA:54,1,0,0
BRDA:54,1,1,0
BRDA:58,2,0,0
BRDA:58,2,1,0
BRDA:59,3,0,0
BRDA:59,3,1,0
BRDA:61,4,0,0
BRDA:61,4,1,0
BRDA:68,5,0,0
BRDA:68,5,1,0
BRF:12
BRH:0
end_of_record
TN:
SF:/Users/adarshpastakia/Workspace/Personal/aurelia-ui-framework/source/src/buttons/ui-button-group.ts
FN:25,(anonymous_2)
FN:38,UIButtonGroup
FN:48,(anonymous_4)
FN:53,(anonymous_5)
FN:57,(anonymous_6)
FN:58,(anonymous_7)
FN:61,(anonymous_8)
FN:63,(anonymous_9)
FN:75,(anonymous_10)
FNF:9
FNH:1
FNDA:11,(anonymous_2)
FNDA:0,UIButtonGroup
FNDA:0,(anonymous_4)
FNDA:0,(anonymous_5)
FNDA:0,(anonymous_6)
FNDA:0,(anonymous_7)
FNDA:0,(anonymous_8)
FNDA:0,(anonymous_9)
FNDA:0,(anonymous_10)
DA:8,11
DA:17,11
DA:18,11
DA:25,11
DA:27,11
DA:29,11
DA:32,11
DA:34,11
DA:36,0
DA:38,0
DA:39,0
DA:40,0
DA:42,0
DA:43,0
DA:45,0
DA:48,11
DA:49,0
DA:50,0
DA:52,0
DA:53,0
DA:57,11
DA:58,0
DA:61,11
DA:62,0
DA:63,0
DA:64,0
DA:65,0
DA:66,0
DA:68,0
DA:70,0
DA:75,11
DA:76,0
DA:77,0
DA:78,0
DA:81,11
LF:35
LH:13
BRDA:39,0,0,0
BRDA:39,0,1,0
BRDA:42,1,0,0
BRDA:42,1,1,0
BRDA:49,2,0,0
BRDA:49,2,1,0
BRDA:52,3,0,0
BRDA:52,3,1,0
BRDA:62,4,0,0
BRDA:62,4,1,0
BRDA:64,5,0,0
BRDA:64,5,1,0
BRDA:65,6,0,0
BRDA:65,6,1,0
BRDA:77,7,0,0
BRDA:77,7,1,0
BRDA:77,8,0,0
BRDA:77,8,1,0
BRF:18
BRH:0
end_of_record
TN:
SF:/Users/adarshpastakia/Workspace/Personal/aurelia-ui-framework/source/src/buttons/ui-button.ts
FN:13,(anonymous_2)
FN:45,UIButton
FN:65,(anonymous_4)
FN:69,(anonymous_5)
FN:73,(anonymous_6)
FN:74,(anonymous_7)
FN:85,(anonymous_8)
FN:95,(anonymous_9)
FN:106,(anonymous_10)
FNF:9
FNH:6
FNDA:11,(anonymous_2)
FNDA:5,UIButton
FNDA:10,(anonymous_4)
FNDA:0,(anonymous_5)
FNDA:5,(anonymous_6)
FNDA:1,(anonymous_7)
FNDA:5,(anonymous_8)
FNDA:0,(anonymous_9)
FNDA:0,(anonymous_10)
DA:8,11
DA:10,11
DA:13,11
DA:15,11
DA:17,11
DA:19,11
DA:21,11
DA:23,11
DA:25,11
DA:28,11
DA:30,11
DA:32,11
DA:35,11
DA:36,5
DA:41,5
DA:43,5
DA:45,5
DA:46,5
DA:47,0
DA:49,5
DA:50,0
DA:52,5
DA:53,0
DA:55,5
DA:56,0
DA:58,5
DA:59,0
DA:61,5
DA:65,22
DA:66,10
DA:69,11
DA:70,0
DA:73,11
DA:74,5
DA:75,1
DA:76,1
DA:77,0
DA:78,0
DA:82,5
DA:85,11
DA:86,5
DA:87,5
DA:88,0
DA:89,5
DA:90,0
DA:95,11
DA:96,0
DA:97,0
DA:98,0
DA:100,0
DA:102,0
DA:106,11
DA:107,0
DA:108,0
DA:109,0
DA:110,0
DA:111,0
DA:114,11
LF:58
LH:38
BRDA:46,0,0,0
BRDA:46,0,1,5
BRDA:49,1,0,0
BRDA:49,1,1,5
BRDA:52,2,0,0
BRDA:52,2,1,5
BRDA:55,3,0,0
BRDA:55,3,1,5
BRDA:58,4,0,0
BRDA:58,4,1,5
BRDA:66,5,0,10
BRDA:66,5,1,10
BRDA:76,6,0,0
BRDA:76,6,1,1
BRDA:86,7,0,5
BRDA:86,7,1,0
BRDA:87,8,0,0
BRDA:87,8,1,5
BRDA:89,9,0,0
BRDA:89,9,1,5
BRDA:96,10,0,0
BRDA:96,10,1,0
BRDA:97,11,0,0
BRDA:97,11,1,0
BRDA:97,12,0,0
BRDA:97,12,1,0
BRDA:107,13,0,0
BRDA:107,13,1,0
BRDA:108,14,0,0
BRDA:108,14,1,0
BRDA:109,15,0,0
BRDA:109,15,1,0
BRF:32
BRH:11
end_of_record
TN:
SF:/Users/adarshpastakia/Workspace/Personal/aurelia-ui-framework/source/src/core/ui-drop.ts
FN:20,(anonymous_2)
FN:38,UIDrop
FN:45,(anonymous_4)
FN:53,(anonymous_5)
FN:57,(anonymous_6)
FN:62,(anonymous_7)
FN:63,(anonymous_8)
FN:66,(anonymous_9)
FN:73,(anonymous_10)
FN:79,(anonymous_11)
FN:88,(anonymous_12)
FN:95,(anonymous_13)
FN:101,(anonymous_14)
FNF:13
FNH:1
FNDA:11,(anonymous_2)
FNDA:0,UIDrop
FNDA:0,(anonymous_4)
FNDA:0,(anonymous_5)
FNDA:0,(anonymous_6)
FNDA:0,(anonymous_7)
FNDA:0,(anonymous_8)
FNDA:0,(anonymous_9)
FNDA:0,(anonymous_10)
FNDA:0,(anonymous_11)
FNDA:0,(anonymous_12)
FNDA:0,(anonymous_13)
FNDA:0,(anonymous_14)
DA:8,11
DA:9,11
DA:10,11
DA:20,11
DA:22,11
DA:26,0
DA:27,0
DA:28,0
DA:38,0
DA:39,0
DA:40,0
DA:41,0
DA:42,0
DA:45,11
DA:46,0
DA:53,11
DA:54,0
DA:57,11
DA:58,0
DA:59,0
DA:60,0
DA:61,0
DA:62,0
DA:63,0
DA:64,0
DA:66,0
DA:67,0
DA:68,0
DA:73,11
DA:74,0
DA:75,0
DA:76,0
DA:79,11
DA:80,0
DA:81,0
DA:83,0
DA:84,0
DA:88,11
DA:89,0
DA:90,0
DA:91,0
DA:95,11
DA:96,0
DA:97,0
DA:101,11
DA:102,0
DA:104,0
DA:105,0
DA:108,11
LF:49
LH:14
BRDA:39,0,0,0
BRDA:39,0,1,0
BRDA:40,1,0,0
BRDA:40,1,1,0
BRDA:60,2,0,0
BRDA:60,2,1,0
BRDA:61,3,0,0
BRDA:61,3,1,0
BRDA:80,4,0,0
BRDA:80,4,1,0
BRDA:83,5,0,0
BRDA:83,5,1,0
BRDA:90,6,0,0
BRDA:90,6,1,0
BRDA:96,7,0,0
BRDA:96,7,1,0
BRDA:96,8,0,0
BRDA:96,8,1,0
BRDA:104,9,0,0
BRDA:104,9,1,0
BRF:20
BRH:0
end_of_record
TN:
SF:/Users/adarshpastakia/Workspace/Personal/aurelia-ui-framework/source/src/core/ui-icon.ts
FN:12,(anonymous_3)
FN:18,UIIcon
FN:23,(anonymous_5)
FN:21,UIFlag
FN:35,(anonymous_7)
FN:30,UISvgIcon
FN:43,(anonymous_9)
FN:47,(anonymous_10)
FNF:8
FNH:8
FNDA:11,(anonymous_3)
FNDA:6,UIIcon
FNDA:11,(anonymous_5)
FNDA:1,UIFlag
FNDA:11,(anonymous_7)
FNDA:6,UISvgIcon
FNDA:6,(anonymous_9)
FNDA:6,(anonymous_10)
DA:7,11
DA:8,11
DA:12,11
DA:14,11
DA:16,11
DA:18,6
DA:19,11
DA:23,11
DA:25,11
DA:27,11
DA:28,11
DA:35,11
DA:37,11
DA:39,11
DA:41,6
DA:43,11
DA:44,6
DA:47,11
DA:48,6
DA:50,6
DA:51,1
DA:54,11
LF:22
LH:22
BRDA:50,0,0,1
BRDA:50,0,1,5
BRF:2
BRH:2
end_of_record
TN:
SF:/Users/adarshpastakia/Workspace/Personal/aurelia-ui-framework/source/src/core/ui-page.ts
FN:15,(anonymous_2)
FN:9,UIPage
FN:23,(anonymous_4)
FN:24,UISection
FN:34,(anonymous_6)
FN:39,(anonymous_8)
FN:44,(anonymous_10)
FNF:7
FNH:7
FNDA:11,(anonymous_2)
FNDA:1,UIPage
FNDA:11,(anonymous_4)
FNDA:2,UISection
FNDA:12,(anonymous_6)
FNDA:12,(anonymous_8)
FNDA:15,(anonymous_10)
DA:7,11
DA:15,11
DA:17,11
DA:18,11
DA:23,11
DA:25,2
DA:26,1
DA:29,11
DA:34,11
DA:39,11
DA:44,11
LF:11
LH:11
BRDA:25,0,0,1
BRDA:25,0,1,1
BRF:2
BRH:2
end_of_record
TN:
SF:/Users/adarshpastakia/Workspace/Personal/aurelia-ui-framework/source/src/core/ui-responsive.ts
FN:13,(anonymous_2)
FN:14,UIContainer
FN:24,(anonymous_4)
FN:28,UIGrid
FN:34,(anonymous_6)
FN:40,UIRow
FN:54,(anonymous_8)
FN:72,(anonymous_9)
FN:84,UIColumn
FN:86,(anonymous_11)
FN:89,(anonymous_12)
FN:94,(anonymous_13)
FNF:12
FNH:12
FNDA:11,(anonymous_2)
FNDA:2,UIContainer
FNDA:11,(anonymous_4)
FNDA:1,UIGrid
FNDA:11,(anonymous_6)
FNDA:4,UIRow
FNDA:8,(anonymous_8)
FNDA:11,(anonymous_9)
FNDA:6,UIColumn
FNDA:6,(anonymous_11)
FNDA:8,(anonymous_12)
FNDA:12,(anonymous_13)
DA:8,11
DA:13,11
DA:14,2
DA:15,2
DA:16,1
DA:19,11
DA:24,11
DA:26,11
DA:28,1
DA:29,11
DA:34,11
DA:36,11
DA:38,11
DA:40,4
DA:41,4
DA:42,1
DA:43,3
DA:44,1
DA:45,2
DA:46,1
DA:48,4
DA:49,1
DA:54,22
DA:55,8
DA:56,8
DA:57,6
DA:59,8
DA:60,6
DA:63,8
DA:65,11
DA:72,11
DA:74,11
DA:76,11
DA:78,11
DA:80,11
DA:82,11
DA:84,6
DA:86,11
DA:87,6
DA:89,8
DA:94,22
DA:95,12
DA:96,12
DA:97,2
DA:99,12
DA:100,6
DA:103,12
DA:105,11
LF:48
LH:48
BRDA:15,0,0,1
BRDA:15,0,1,1
BRDA:41,1,0,1
BRDA:41,1,1,3
BRDA:41,2,0,4
BRDA:41,2,1,2
BRDA:43,3,0,1
BRDA:43,3,1,2
BRDA:45,4,0,1
BRDA:45,4,1,1
BRDA:48,5,0,1
BRDA:48,5,1,3
BRDA:56,6,0,6
BRDA:56,6,1,2
BRDA:59,7,0,6
BRDA:59,7,1,2
BRDA:96,8,0,2
BRDA:96,8,1,10
BRDA:99,9,0,6
BRDA:99,9,1,6
BRF:20
BRH:20
end_of_record
TN:
SF:/Users/adarshpastakia/Workspace/Personal/aurelia-ui-framework/source/src/core/ui-viewport.ts
FN:21,(anonymous_2)
FN:25,UIViewport
FN:26,(anonymous_4)
FN:27,(anonymous_5)
FN:30,(anonymous_6)
FN:38,(anonymous_7)
FN:51,(anonymous_8)
FN:59,(anonymous_10)
FN:67,(anonymous_12)
FN:72,(anonymous_14)
FN:77,(anonymous_16)
FN:84,(anonymous_18)
FN:79,UILoader
FNF:13
FNH:13
FNDA:11,(anonymous_2)
FNDA:7,UIViewport
FNDA:1,(anonymous_4)
FNDA:2,(anonymous_5)
FNDA:7,(anonymous_6)
FNDA:2,(anonymous_7)
FNDA:13,(anonymous_8)
FNDA:12,(anonymous_10)
FNDA:11,(anonymous_12)
FNDA:12,(anonymous_14)
FNDA:11,(anonymous_16)
FNDA:11,(anonymous_18)
FNDA:7,UILoader
DA:7,11
DA:15,11
DA:16,11
DA:17,11
DA:21,11
DA:25,7
DA:26,7
DA:27,7
DA:30,11
DA:31,7
DA:32,7
DA:34,7
DA:35,7
DA:38,11
DA:39,2
DA:40,1
DA:43,11
DA:51,11
DA:59,11
DA:67,11
DA:72,11
DA:77,11
DA:84,11
DA:86,11
DA:87,11
LF:25
LH:25
BRDA:39,0,0,1
BRDA:39,0,1,1
BRF:2
BRH:2
end_of_record
TN:
SF:/Users/adarshpastakia/Workspace/Personal/aurelia-ui-framework/source/src/forms/base-input.ts
FN:10,(anonymous_2)
FN:26,BaseInput
FN:31,(anonymous_4)
FN:35,(anonymous_5)
FN:40,(anonymous_6)
FN:54,(anonymous_7)
FN:59,(anonymous_8)
FN:64,(anonymous_9)
FN:72,(anonymous_10)
FNF:9
FNH:1
FNDA:11,(anonymous_2)
FNDA:0,BaseInput
FNDA:0,(anonymous_4)
FNDA:0,(anonymous_5)
FNDA:0,(anonymous_6)
FNDA:0,(anonymous_7)
FNDA:0,(anonymous_8)
FNDA:0,(anonymous_9)
FNDA:0,(anonymous_10)
DA:7,11
DA:8,11
DA:10,11
DA:16,0
DA:17,0
DA:18,0
DA:20,0
DA:21,0
DA:22,0
DA:26,0
DA:27,0
DA:28,0
DA:31,11
DA:32,0
DA:35,11
DA:36,0
DA:40,22
DA:41,0
DA:42,0
DA:43,0
DA:45,0
DA:46,0
DA:48,0
DA:49,0
DA:51,0
DA:54,11
DA:55,0
DA:56,0
DA:59,11
DA:60,0
DA:61,0
DA:64,11
DA:65,0
DA:66,0
DA:67,0
DA:69,0
DA:72,11
DA:73,0
DA:75,11
LF:39
LH:11
BRDA:42,0,0,0
BRDA:42,0,1,0
BRDA:42,1,0,0
BRDA:42,1,1,0
BRDA:45,2,0,0
BRDA:45,2,1,0
BRDA:48,3,0,0
BRDA:48,3,1,0
BRDA:48,4,0,0
BRDA:48,4,1,0
BRDA:65,5,0,0
BRDA:65,5,1,0
BRDA:73,6,0,0
BRDA:73,6,1,0
BRDA:73,6,2,0
BRF:15
BRH:0
end_of_record
TN:
SF:/Users/adarshpastakia/Workspace/Personal/aurelia-ui-framework/source/src/forms/input-wrapper.ts
FN:27,(anonymous_1)
FN:23,(anonymous_3)
FNF:2
FNH:2
FNDA:11,(anonymous_1)
FNDA:44,(anonymous_3)
DA:7,11
DA:24,44
DA:25,44
DA:27,11
LF:4
LH:4
BRF:0
BRH:0
end_of_record
TN:
SF:/Users/adarshpastakia/Workspace/Personal/aurelia-ui-framework/source/src/forms/list-maker.ts
FN:24,(anonymous_22)
FN:61,(anonymous_24)
FN:74,(anonymous_25)
FN:76,(anonymous_26)
FN:84,(anonymous_27)
FN:101,(anonymous_28)
FN:109,(anonymous_29)
FN:114,(anonymous_30)
FN:125,(anonymous_31)
FN:147,(anonymous_32)
FN:150,(anonymous_33)
FN:152,(anonymous_34)
FN:153,(anonymous_35)
FN:154,(anonymous_36)
FN:157,(anonymous_37)
FN:169,(anonymous_38)
FN:179,(anonymous_39)
FN:185,(anonymous_40)
FN:187,(anonymous_41)
FN:205,(anonymous_42)
FN:213,(anonymous_43)
FN:223,(anonymous_44)
FN:229,(anonymous_47)
FN:234,(anonymous_48)
FN:238,(anonymous_49)
FN:240,(anonymous_50)
FN:241,(anonymous_51)
FN:247,(anonymous_52)
FN:254,(anonymous_53)
FN:259,(anonymous_54)
FN:280,(anonymous_55)
FN:300,(anonymous_56)
FNF:32
FNH:1
FNDA:11,(anonymous_22)
FNDA:0,(anonymous_24)
FNDA:0,(anonymous_25)
FNDA:0,(anonymous_26)
FNDA:0,(anonymous_27)
FNDA:0,(anonymous_28)
FNDA:0,(anonymous_29)
FNDA:0,(anonymous_30)
FNDA:0,(anonymous_31)
FNDA:0,(anonymous_32)
FNDA:0,(anonymous_33)
FNDA:0,(anonymous_34)
FNDA:0,(anonymous_35)
FNDA:0,(anonymous_36)
FNDA:0,(anonymous_37)
FNDA:0,(anonymous_38)
FNDA:0,(anonymous_39)
FNDA:0,(anonymous_40)
FNDA:0,(anonymous_41)
FNDA:0,(anonymous_42)
FNDA:0,(anonymous_43)
FNDA:0,(anonymous_44)
FNDA:0,(anonymous_47)
FNDA:0,(anonymous_48)
FNDA:0,(anonymous_49)
FNDA:0,(anonymous_50)
FNDA:0,(anonymous_51)
FNDA:0,(anonymous_52)
FNDA:0,(anonymous_53)
FNDA:0,(anonymous_54)
FNDA:0,(anonymous_55)
FNDA:0,(anonymous_56)
DA:9,11
DA:10,11
DA:19,11
DA:20,11
DA:21,11
DA:22,11
DA:24,11
DA:25,0
DA:26,0
DA:30,0
DA:31,0
DA:33,0
DA:34,0
DA:35,0
DA:37,0
DA:39,0
DA:40,0
DA:42,0
DA:47,0
DA:53,0
DA:54,0
DA:55,0
DA:56,0
DA:57,0
DA:61,11
DA:62,0
DA:63,0
DA:65,0
DA:66,0
DA:67,0
DA:68,0
DA:70,0
DA:72,0
DA:73,0
DA:74,0
DA:75,0
DA:76,0
DA:77,0
DA:80,0
DA:84,0
DA:85,0
DA:86,0
DA:88,0
DA:91,0
DA:94,0
DA:95,0
DA:96,0
DA:101,11
DA:102,0
DA:103,0
DA:104,0
DA:105,0
DA:109,11
DA:110,0
DA:111,0
DA:113,0
DA:114,0
DA:115,0
DA:121,0
DA:125,11
DA:126,0
DA:127,0
DA:128,0
DA:131,0
DA:132,0
DA:133,0
DA:135,0
DA:136,0
DA:138,0
DA:139,0
DA:140,0
DA:142,0
DA:143,0
DA:145,0
DA:146,0
DA:147,0
DA:150,11
DA:151,0
DA:152,0
DA:153,0
DA:154,0
DA:157,11
DA:158,0
DA:159,0
DA:160,0
DA:161,0
DA:164,0
DA:165,0
DA:167,0
DA:168,0
DA:169,0
DA:170,0
DA:172,0
DA:173,0
DA:176,0
DA:179,11
DA:180,0
DA:181,0
DA:185,11
DA:186,0
DA:187,0
DA:188,0
DA:190,0
DA:191,0
DA:192,0
DA:193,0
DA:194,0
DA:195,0
DA:196,0
DA:197,0
DA:199,0
DA:201,0
DA:205,11
DA:206,0
DA:207,0
DA:209,0
DA:213,11
DA:214,0
DA:215,0
DA:217,0
DA:223,11
DA:224,0
DA:225,0
DA:226,0
DA:229,11
DA:230,0
DA:231,0
DA:232,0
DA:233,0
DA:234,0
DA:238,11
DA:239,0
DA:240,0
DA:241,0
DA:242,0
DA:243,0
DA:246,0
DA:247,0
DA:248,0
DA:249,0
DA:250,0
DA:253,0
DA:254,0
DA:259,11
DA:260,0
DA:261,0
DA:262,0
DA:265,0
DA:266,0
DA:267,0
DA:268,0
DA:269,0
DA:277,0
DA:280,11
DA:281,0
DA:282,0
DA:283,0
DA:286,0
DA:291,0
DA:292,0
DA:294,0
DA:295,0
DA:297,0
DA:300,11
DA:301,0
DA:302,0
DA:303,0
DA:304,0
DA:305,0
DA:306,0
DA:307,0
DA:308,0
DA:311,0
DA:313,0
DA:315,11
LF:175
LH:24
BRDA:24,0,0,0
BRDA:24,0,1,0
BRDA:24,0,2,0
BRDA:62,1,0,0
BRDA:62,1,1,0
BRDA:65,2,0,0
BRDA:65,2,1,0
BRDA:67,3,0,0
BRDA:67,3,1,0
BRDA:72,4,0,0
BRDA:72,4,1,0
BRDA:72,5,0,0
BRDA:72,5,1,0
BRDA:73,6,0,0
BRDA:73,6,1,0
BRDA:75,7,0,0
BRDA:75,7,1,0
BRDA:80,8,0,0
BRDA:80,8,1,0
BRDA:85,9,0,0
BRDA:85,9,1,0
BRDA:88,10,0,0
BRDA:88,10,1,0
BRDA:95,11,0,0
BRDA:95,11,1,0
BRDA:110,12,0,0
BRDA:110,12,1,0
BRDA:115,13,0,0
BRDA:115,13,1,0
BRDA:127,14,0,0
BRDA:127,14,1,0
BRDA:129,15,0,0
BRDA:129,15,1,0
BRDA:129,16,0,0
BRDA:129,16,1,0
BRDA:130,17,0,0
BRDA:130,17,1,0
BRDA:131,18,0,0
BRDA:131,18,1,0
BRDA:135,19,0,0
BRDA:135,19,1,0
BRDA:136,20,0,0
BRDA:136,20,1,0
BRDA:138,21,0,0
BRDA:138,21,1,0
BRDA:142,22,0,0
BRDA:142,22,1,0
BRDA:142,23,0,0
BRDA:142,23,1,0
BRDA:153,24,0,0
BRDA:153,24,1,0
BRDA:159,25,0,0
BRDA:159,25,1,0
BRDA:160,26,0,0
BRDA:160,26,1,0
BRDA:162,27,0,0
BRDA:162,27,1,0
BRDA:164,28,0,0
BRDA:164,28,1,0
BRDA:164,29,0,0
BRDA:164,29,1,0
BRDA:167,30,0,0
BRDA:167,30,1,0
BRDA:167,31,0,0
BRDA:167,31,1,0
BRDA:168,32,0,0
BRDA:168,32,1,0
BRDA:170,33,0,0
BRDA:170,33,1,0
BRDA:172,34,0,0
BRDA:172,34,1,0
BRDA:172,35,0,0
BRDA:172,35,1,0
BRDA:180,36,0,0
BRDA:180,36,1,0
BRDA:180,37,0,0
BRDA:180,37,1,0
BRDA:186,38,0,0
BRDA:186,38,1,0
BRDA:186,39,0,0
BRDA:186,39,1,0
BRDA:190,40,0,0
BRDA:190,40,1,0
BRDA:190,41,0,0
BRDA:190,41,1,0
BRDA:191,42,0,0
BRDA:191,42,1,0
BRDA:191,43,0,0
BRDA:191,43,1,0
BRDA:192,44,0,0
BRDA:192,44,1,0
BRDA:194,45,0,0
BRDA:194,45,1,0
BRDA:206,46,0,0
BRDA:206,46,1,0
BRDA:214,47,0,0
BRDA:214,47,1,0
BRDA:218,48,0,0
BRDA:218,48,1,0
BRDA:218,49,0,0
BRDA:218,49,1,0
BRDA:226,50,0,0
BRDA:226,50,1,0
BRDA:233,51,0,0
BRDA:233,51,1,0
BRDA:240,52,0,0
BRDA:240,52,1,0
BRDA:244,53,0,0
BRDA:244,53,1,0
BRDA:249,54,0,0
BRDA:249,54,1,0
BRDA:253,55,0,0
BRDA:253,55,1,0
BRDA:260,56,0,0
BRDA:260,56,1,0
BRDA:261,57,0,0
BRDA:261,57,1,0
BRDA:267,58,0,0
BRDA:267,58,1,0
BRDA:280,59,0,0
BRDA:280,59,1,0
BRDA:281,60,0,0
BRDA:281,60,1,0
BRDA:284,61,0,0
BRDA:284,61,1,0
BRDA:287,62,0,0
BRDA:287,62,1,0
BRDA:287,63,0,0
BRDA:287,63,1,0
BRDA:289,64,0,0
BRDA:289,64,1,0
BRDA:291,65,0,0
BRDA:291,65,1,0
BRDA:301,66,0,0
BRDA:301,66,1,0
BRDA:303,67,0,0
BRDA:303,67,1,0
BRDA:303,68,0,0
BRDA:303,68,1,0
BRDA:303,68,2,0
BRDA:305,69,0,0
BRDA:305,69,1,0
BRDA:305,70,0,0
BRDA:305,70,1,0
BRDA:306,71,0,0
BRDA:306,71,1,0
BRDA:306,72,0,0
BRDA:306,72,1,0
BRF:148
BRH:0
end_of_record
TN:
SF:/Users/adarshpastakia/Workspace/Personal/aurelia-ui-framework/source/src/forms/ui-checkbox.ts
FN:13,(anonymous_2)
FN:26,UICheckbox
FN:28,(anonymous_4)
FN:32,(anonymous_5)
FN:38,(anonymous_6)
FNF:5
FNH:1
FNDA:11,(anonymous_2)
FNDA:0,UICheckbox
FNDA:0,(anonymous_4)
FNDA:0,(anonymous_5)
FNDA:0,(anonymous_6)
DA:8,11
DA:9,11
DA:13,11
DA:15,11
DA:17,11
DA:20,11
DA:22,11
DA:24,0
DA:26,0
DA:28,11
DA:29,0
DA:32,11
DA:33,0
DA:34,0
DA:38,11
DA:39,0
DA:40,0
DA:42,11
LF:18
LH:11
BRDA:33,0,0,0
BRDA:33,0,1,0
BRF:2
BRH:0
end_of_record
TN:
SF:/Users/adarshpastakia/Workspace/Personal/aurelia-ui-framework/source/src/forms/ui-date-range.ts
FN:13,(anonymous_2)
FN:37,UIDateRange
FN:39,(anonymous_4)
FN:40,(anonymous_5)
FN:41,(anonymous_6)
FN:47,(anonymous_7)
FN:56,(anonymous_8)
FN:66,(anonymous_9)
FN:84,(anonymous_10)
FNF:9
FNH:1
FNDA:11,(anonymous_2)
FNDA:0,UIDateRange
FNDA:0,(anonymous_4)
FNDA:0,(anonymous_5)
FNDA:0,(anonymous_6)
FNDA:0,(anonymous_7)
FNDA:0,(anonymous_8)
FNDA:0,(anonymous_9)
FNDA:0,(anonymous_10)
DA:8,11
DA:9,11
DA:13,11
DA:15,11
DA:17,11
DA:20,11
DA:22,11
DA:24,11
DA:26,11
DA:29,11
DA:34,0
DA:35,0
DA:37,0
DA:39,11
DA:40,0
DA:41,0
DA:43,0
DA:44,0
DA:47,11
DA:48,0
DA:49,0
DA:50,0
DA:53,0
DA:54,0
DA:56,11
DA:57,0
DA:58,0
DA:59,0
DA:62,0
DA:63,0
DA:66,11
DA:67,0
DA:68,0
DA:69,0
DA:70,0
DA:72,0
DA:73,0
DA:74,0
DA:76,0
DA:77,0
DA:78,0
DA:84,11
DA:85,0
DA:86,0
DA:87,0
DA:90,11
LF:46
LH:16
BRDA:49,0,0,0
BRDA:49,0,1,0
BRDA:49,1,0,0
BRDA:49,1,1,0
BRDA:58,2,0,0
BRDA:58,2,1,0
BRDA:58,3,0,0
BRDA:58,3,1,0
BRDA:67,4,0,0
BRDA:67,4,1,0
BRDA:67,5,0,0
BRDA:67,5,1,0
BRDA:72,6,0,0
BRDA:72,6,1,0
BRDA:77,7,0,0
BRDA:77,7,1,0
BRDA:85,8,0,0
BRDA:85,8,1,0
BRF:18
BRH:0
end_of_record
TN:
SF:/Users/adarshpastakia/Workspace/Personal/aurelia-ui-framework/source/src/forms/ui-date.ts
FN:43,(anonymous_4)
FN:71,UIDate
FN:75,(anonymous_6)
FN:93,(anonymous_7)
FN:96,(anonymous_8)
FN:101,(anonymous_9)
FN:104,(anonymous_10)
FN:109,(anonymous_11)
FN:112,(anonymous_12)
FN:117,(anonymous_13)
FN:120,(anonymous_14)
FN:136,(anonymous_15)
FN:144,(anonymous_16)
FN:147,(anonymous_17)
FN:151,(anonymous_18)
FN:155,(anonymous_19)
FN:189,(anonymous_20)
FN:201,(anonymous_21)
FN:213,(anonymous_22)
FN:218,(anonymous_23)
FN:224,(anonymous_24)
FN:231,(anonymous_25)
FN:235,(anonymous_26)
FN:239,(anonymous_27)
FN:246,(anonymous_28)
FN:251,(anonymous_29)
FN:262,(anonymous_30)
FNF:27
FNH:1
FNDA:11,(anonymous_4)
FNDA:0,UIDate
FNDA:0,(anonymous_6)
FNDA:0,(anonymous_7)
FNDA:0,(anonymous_8)
FNDA:0,(anonymous_9)
FNDA:0,(anonymous_10)
FNDA:0,(anonymous_11)
FNDA:0,(anonymous_12)
FNDA:0,(anonymous_13)
FNDA:0,(anonymous_14)
FNDA:0,(anonymous_15)
FNDA:0,(anonymous_16)
FNDA:0,(anonymous_17)
FNDA:0,(anonymous_18)
FNDA:0,(anonymous_19)
FNDA:0,(anonymous_20)
FNDA:0,(anonymous_21)
FNDA:0,(anonymous_22)
FNDA:0,(anonymous_23)
FNDA:0,(anonymous_24)
FNDA:0,(anonymous_25)
FNDA:0,(anonymous_26)
FNDA:0,(anonymous_27)
FNDA:0,(anonymous_28)
FNDA:0,(anonymous_29)
FNDA:0,(anonymous_30)
DA:8,11
DA:16,11
DA:37,11
DA:39,11
DA:43,11
DA:45,11
DA:47,11
DA:50,11
DA:52,11
DA:54,11
DA:56,11
DA:59,11
DA:62,11
DA:67,0
DA:68,0
DA:69,0
DA:71,0
DA:72,0
DA:75,11
DA:76,0
DA:77,0
DA:78,0
DA:80,0
DA:87,0
DA:93,22
DA:94,0
DA:97,0
DA:98,0
DA:101,22
DA:102,0
DA:105,0
DA:106,0
DA:109,22
DA:110,0
DA:113,0
DA:114,0
DA:117,22
DA:118,0
DA:121,0
DA:122,0
DA:136,22
DA:137,0
DA:138,0
DA:139,0
DA:141,0
DA:144,11
DA:145,0
DA:147,11
DA:148,0
DA:149,0
DA:151,11
DA:152,0
DA:153,0
DA:155,11
DA:156,0
DA:157,0
DA:158,0
DA:159,0
DA:161,0
DA:162,0
DA:164,0
DA:165,0
DA:166,0
DA:168,0
DA:169,0
DA:171,0
DA:178,0
DA:180,0
DA:181,0
DA:183,0
DA:184,0
DA:186,0
DA:189,11
DA:190,0
DA:191,0
DA:192,0
DA:193,0
DA:194,0
DA:195,0
DA:196,0
DA:197,0
DA:201,11
DA:202,0
DA:203,0
DA:204,0
DA:205,0
DA:206,0
DA:207,0
DA:208,0
DA:209,0
DA:213,11
DA:214,0
DA:215,0
DA:218,11
DA:219,0
DA:220,0
DA:224,11
DA:225,0
DA:226,0
DA:227,0
DA:231,11
DA:232,0
DA:235,11
DA:236,0
DA:239,11
DA:240,0
DA:241,0
DA:242,0
DA:246,11
DA:247,0
DA:248,0
DA:251,11
DA:252,0
DA:253,0
DA:258,0
DA:262,11
DA:263,0
DA:264,0
DA:267,11
LF:119
LH:35
BRDA:76,0,0,0
BRDA:76,0,1,0
BRDA:80,1,0,0
BRDA:80,1,1,0
BRDA:81,2,0,0
BRDA:81,2,1,0
BRDA:94,3,0,0
BRDA:94,3,1,0
BRDA:102,4,0,0
BRDA:102,4,1,0
BRDA:110,5,0,0
BRDA:110,5,1,0
BRDA:121,6,0,0
BRDA:121,6,1,0
BRDA:138,7,0,0
BRDA:138,7,1,0
BRDA:158,8,0,0
BRDA:158,8,1,0
BRDA:161,9,0,0
BRDA:161,9,1,0
BRDA:164,10,0,0
BRDA:164,10,1,0
BRDA:165,11,0,0
BRDA:165,11,1,0
BRDA:165,12,0,0
BRDA:165,12,1,0
BRDA:168,13,0,0
BRDA:168,13,1,0
BRDA:168,14,0,0
BRDA:168,14,1,0
BRDA:171,15,0,0
BRDA:171,15,1,0
BRDA:172,16,0,0
BRDA:172,16,1,0
BRDA:172,16,2,0
BRDA:172,16,3,0
BRDA:172,16,4,0
BRDA:180,17,0,0
BRDA:180,17,1,0
BRDA:180,18,0,0
BRDA:180,18,1,0
BRDA:180,18,2,0
BRDA:183,19,0,0
BRDA:183,19,1,0
BRDA:190,20,0,0
BRDA:190,20,1,0
BRDA:193,21,0,0
BRDA:193,21,1,0
BRDA:196,22,0,0
BRDA:196,22,1,0
BRDA:202,23,0,0
BRDA:202,23,1,0
BRDA:205,24,0,0
BRDA:205,24,1,0
BRDA:208,25,0,0
BRDA:208,25,1,0
BRDA:219,26,0,0
BRDA:219,26,1,0
BRDA:225,27,0,0
BRDA:225,27,1,0
BRDA:240,28,0,0
BRDA:240,28,1,0
BRDA:252,29,0,0
BRDA:252,29,1,0
BRDA:263,30,0,0
BRDA:263,30,1,0
BRF:66
BRH:0
end_of_record
TN:
SF:/Users/adarshpastakia/Workspace/Personal/aurelia-ui-framework/source/src/forms/ui-field.ts
FN:16,(anonymous_2)
FN:29,UIField
FN:38,(anonymous_4)
FN:46,(anonymous_5)
FN:63,(anonymous_6)
FN:58,UIFieldWrapper
FN:68,(anonymous_8)
FNF:7
FNH:2
FNDA:11,(anonymous_2)
FNDA:0,UIField
FNDA:0,(anonymous_4)
FNDA:0,(anonymous_5)
FNDA:11,(anonymous_6)
FNDA:0,UIFieldWrapper
FNDA:0,(anonymous_8)
DA:8,11
DA:16,11
DA:18,11
DA:20,11
DA:22,11
DA:24,11
DA:27,11
DA:29,0
DA:30,0
DA:31,0
DA:33,0
DA:34,0
DA:38,11
DA:39,0
DA:40,0
DA:41,0
DA:46,22
DA:47,0
DA:48,0
DA:49,0
DA:51,0
DA:52,0
DA:54,0
DA:56,11
DA:63,11
DA:65,11
DA:68,22
DA:69,0
DA:70,0
DA:71,0
DA:73,0
DA:75,11
LF:32
LH:14
BRDA:30,0,0,0
BRDA:30,0,1,0
BRDA:33,1,0,0
BRDA:33,1,1,0
BRDA:40,2,0,0
BRDA:40,2,1,0
BRDA:48,3,0,0
BRDA:48,3,1,0
BRDA:48,4,0,0
BRDA:48,4,1,0
BRDA:48,4,2,0
BRDA:51,5,0,0
BRDA:51,5,1,0
BRDA:51,6,0,0
BRDA:51,6,1,0
BRDA:51,6,2,0
BRDA:70,7,0,0
BRDA:70,7,1,0
BRDA:70,8,0,0
BRDA:70,8,1,0
BRDA:70,8,2,0
BRF:21
BRH:0
end_of_record
TN:
SF:/Users/adarshpastakia/Workspace/Personal/aurelia-ui-framework/source/src/forms/ui-fieldset.ts
FN:14,(anonymous_2)
FN:29,UIFieldset
FN:33,(anonymous_4)
FN:37,(anonymous_5)
FN:38,(anonymous_6)
FN:46,(anonymous_7)
FN:47,(anonymous_8)
FNF:7
FNH:1
FNDA:11,(anonymous_2)
FNDA:0,UIFieldset
FNDA:0,(anonymous_4)
FNDA:0,(anonymous_5)
FNDA:0,(anonymous_6)
FNDA:0,(anonymous_7)
FNDA:0,(anonymous_8)
DA:8,11
DA:9,11
DA:14,11
DA:16,11
DA:18,11
DA:20,11
DA:22,11
DA:24,0
DA:25,0
DA:30,0
DA:33,11
DA:34,0
DA:37,11
DA:38,0
DA:39,0
DA:42,0
DA:46,11
DA:47,0
DA:49,11
LF:19
LH:11
BRDA:34,0,0,0
BRDA:34,0,1,0
BRF:2
BRH:0
end_of_record
TN:
SF:/Users/adarshpastakia/Workspace/Personal/aurelia-ui-framework/source/src/forms/ui-form.ts
FN:15,(anonymous_2)
FN:23,UIForm
FN:25,(anonymous_4)
FN:26,(anonymous_5)
FN:40,(anonymous_6)
FN:41,(anonymous_7)
FN:44,(anonymous_8)
FNF:7
FNH:1
FNDA:11,(anonymous_2)
FNDA:0,UIForm
FNDA:0,(anonymous_4)
FNDA:0,(anonymous_5)
FNDA:0,(anonymous_6)
FNDA:0,(anonymous_7)
FNDA:0,(anonymous_8)
DA:8,11
DA:9,11
DA:15,11
DA:17,11
DA:19,0
DA:23,0
DA:25,11
DA:26,0
DA:27,0
DA:30,0
DA:31,0
DA:33,0
DA:36,0
DA:40,11
DA:41,0
DA:44,11
DA:45,0
DA:47,11
LF:18
LH:8
BRDA:30,0,0,0
BRDA:30,0,1,0
BRF:2
BRH:0
end_of_record
TN:
SF:/Users/adarshpastakia/Workspace/Personal/aurelia-ui-framework/source/src/forms/ui-input-addons.ts
FN:15,(anonymous_2)
FN:19,UIInputAddon
FN:25,(anonymous_4)
FN:46,(anonymous_5)
FN:47,UIInputInfo
FNF:5
FNH:2
FNDA:11,(anonymous_2)
FNDA:0,UIInputAddon
FNDA:0,(anonymous_4)
FNDA:11,(anonymous_5)
FNDA:0,UIInputInfo
DA:7,11
DA:8,11
DA:15,11
DA:17,11
DA:19,0
DA:20,0
DA:21,0
DA:25,11
DA:26,0
DA:27,0
DA:28,0
DA:29,0
DA:31,0
DA:32,0
DA:33,0
DA:34,0
DA:35,0
DA:41,11
DA:46,11
DA:47,0
DA:48,11
LF:21
LH:8
BRDA:20,0,0,0
BRDA:20,0,1,0
BRDA:28,1,0,0
BRDA:28,1,1,0
BRDA:32,2,0,0
BRDA:32,2,1,0
BRDA:34,3,0,0
BRDA:34,3,1,0
BRF:8
BRH:0
end_of_record
TN:
SF:/Users/adarshpastakia/Workspace/Personal/aurelia-ui-framework/source/src/forms/ui-input.ts
FN:30,(anonymous_8)
FN:53,UIInput
FN:60,(anonymous_10)
FN:65,(anonymous_11)
FN:73,(anonymous_12)
FNF:5
FNH:1
FNDA:11,(anonymous_8)
FNDA:0,UIInput
FNDA:0,(anonymous_10)
FNDA:0,(anonymous_11)
FNDA:0,(anonymous_12)
DA:7,11
DA:17,11
DA:30,11
DA:32,11
DA:34,11
DA:37,11
DA:39,11
DA:41,11
DA:44,11
DA:46,11
DA:49,11
DA:51,11
DA:54,0
DA:55,0
DA:56,0
DA:60,11
DA:61,0
DA:65,22
DA:66,0
DA:67,0
DA:69,0
DA:73,11
DA:74,0
DA:75,0
DA:76,0
DA:77,0
DA:81,11
LF:27
LH:16
BRDA:54,0,0,0
BRDA:54,0,1,0
BRDA:55,1,0,0
BRDA:55,1,1,0
BRDA:55,2,0,0
BRDA:55,2,1,0
BRDA:66,3,0,0
BRDA:66,3,1,0
BRDA:74,4,0,0
BRDA:74,4,1,0
BRDA:76,5,0,0
BRDA:76,5,1,0
BRF:12
BRH:0
end_of_record
TN:
SF:/Users/adarshpastakia/Workspace/Personal/aurelia-ui-framework/source/src/forms/ui-list.ts
FN:20,(anonymous_8)
FN:58,UIList
FN:65,(anonymous_10)
FN:69,(anonymous_11)
FN:77,(anonymous_12)
FNF:5
FNH:1
FNDA:11,(anonymous_8)
FNDA:0,UIList
FNDA:0,(anonymous_10)
FNDA:0,(anonymous_11)
FNDA:0,(anonymous_12)
DA:7,11
DA:15,11
DA:20,11
DA:22,11
DA:24,11
DA:27,11
DA:30,11
DA:32,11
DA:34,11
DA:37,11
DA:39,11
DA:41,11
DA:43,11
DA:45,11
DA:48,11
DA:50,11
DA:53,11
DA:56,11
DA:58,0
DA:59,0
DA:60,0
DA:62,0
DA:65,11
DA:66,0
DA:67,0
DA:68,0
DA:69,0
DA:73,0
DA:74,0
DA:77,11
DA:78,0
DA:80,11
LF:32
LH:21
BRDA:59,0,0,0
BRDA:59,0,1,0
BRDA:66,1,0,0
BRDA:66,1,1,0
BRDA:67,2,0,0
BRDA:67,2,1,0
BRDA:69,3,0,0
BRDA:69,3,1,0
BRDA:69,4,0,0
BRDA:69,4,1,0
BRDA:70,5,0,0
BRDA:70,5,1,0
BRF:12
BRH:0
end_of_record
TN:
SF:/Users/adarshpastakia/Workspace/Personal/aurelia-ui-framework/source/src/forms/ui-option-group.ts
FN:25,(anonymous_2)
FN:20,UIOptionGroup
FN:39,(anonymous_4)
FN:41,(anonymous_5)
FN:51,(anonymous_6)
FN:53,(anonymous_7)
FN:59,(anonymous_8)
FN:61,(anonymous_9)
FN:62,(anonymous_10)
FNF:9
FNH:1
FNDA:11,(anonymous_2)
FNDA:0,UIOptionGroup
FNDA:0,(anonymous_4)
FNDA:0,(anonymous_5)
FNDA:0,(anonymous_6)
FNDA:0,(anonymous_7)
FNDA:0,(anonymous_8)
FNDA:0,(anonymous_9)
FNDA:0,(anonymous_10)
DA:7,11
DA:15,11
DA:17,11
DA:25,11
DA:27,11
DA:30,11
DA:32,11
DA:34,11
DA:37,11
DA:39,11
DA:40,0
DA:41,0
DA:42,0
DA:43,0
DA:45,0
DA:47,0
DA:51,11
DA:52,0
DA:53,0
DA:54,0
DA:59,11
DA:60,0
DA:61,0
DA:62,0
DA:66,11
LF:25
LH:13
BRDA:40,0,0,0
BRDA:40,0,1,0
BRDA:42,1,0,0
BRDA:42,1,1,0
BRDA:52,2,0,0
BRDA:52,2,1,0
BRDA:60,3,0,0
BRDA:60,3,1,0
BRDA:60,4,0,0
BRDA:60,4,1,0
BRF:10
BRH:0
end_of_record
TN:
SF:/Users/adarshpastakia/Workspace/Personal/aurelia-ui-framework/source/src/forms/ui-radio.ts
FN:13,(anonymous_2)
FN:28,UIRadio
FN:30,(anonymous_4)
FN:34,(anonymous_5)
FNF:4
FNH:1
FNDA:11,(anonymous_2)
FNDA:0,UIRadio
FNDA:0,(anonymous_4)
FNDA:0,(anonymous_5)
DA:8,11
DA:9,11
DA:13,11
DA:15,11
DA:17,11
DA:20,11
DA:22,11
DA:24,11
DA:26,0
DA:28,0
DA:30,11
DA:31,0
DA:34,11
DA:35,0
DA:36,0
DA:38,11
LF:16
LH:11
BRF:0
BRH:0
end_of_record
TN:
SF:/Users/adarshpastakia/Workspace/Personal/aurelia-ui-framework/source/src/forms/ui-select.ts
FN:20,(anonymous_8)
FN:56,UISelect
FN:64,(anonymous_10)
FN:70,(anonymous_11)
FN:74,(anonymous_12)
FNF:5
FNH:1
FNDA:11,(anonymous_8)
FNDA:0,UISelect
FNDA:0,(anonymous_10)
FNDA:0,(anonymous_11)
FNDA:0,(anonymous_12)
DA:7,11
DA:15,11
DA:20,11
DA:22,11
DA:24,11
DA:27,11
DA:30,11
DA:32,11
DA:35,11
DA:37,11
DA:39,11
DA:41,11
DA:43,11
DA:46,11
DA:48,11
DA:51,11
DA:54,11
DA:56,0
DA:57,0
DA:58,0
DA:59,0
DA:61,0
DA:64,11
DA:65,0
DA:66,0
DA:67,0
DA:70,11
DA:71,0
DA:72,0
DA:73,0
DA:74,0
DA:78,0
DA:79,0
DA:81,11
LF:34
LH:20
BRDA:57,0,0,0
BRDA:57,0,1,0
BRDA:71,1,0,0
BRDA:71,1,1,0
BRDA:72,2,0,0
BRDA:72,2,1,0
BRDA:74,3,0,0
BRDA:74,3,1,0
BRDA:74,4,0,0
BRDA:74,4,1,0
BRDA:75,5,0,0
BRDA:75,5,1,0
BRF:12
BRH:0
end_of_record
TN:
SF:/Users/adarshpastakia/Workspace/Personal/aurelia-ui-framework/source/src/forms/ui-textarea.ts
FN:29,(anonymous_8)
FN:50,UITextarea
FN:55,(anonymous_10)
FNF:3
FNH:1
FNDA:11,(anonymous_8)
FNDA:0,UITextarea
FNDA:0,(anonymous_10)
DA:7,11
DA:17,11
DA:29,11
DA:31,11
DA:33,11
DA:36,11
DA:39,11
DA:41,11
DA:43,11
DA:46,11
DA:48,11
DA:51,0
DA:55,22
DA:56,0
DA:57,0
DA:59,0
DA:62,11
LF:17
LH:13
BRDA:51,0,0,0
BRDA:51,0,1,0
BRDA:56,1,0,0
BRDA:56,1,1,0
BRF:4
BRH:0
end_of_record
TN:
SF:/Users/adarshpastakia/Workspace/Personal/aurelia-ui-framework/source/src/forms/ui-toggle.ts
FN:20,(anonymous_2)
FN:33,UIToggle
FN:35,(anonymous_4)
FN:39,(anonymous_5)
FN:45,(anonymous_6)
FNF:5
FNH:1
FNDA:11,(anonymous_2)
FNDA:0,UIToggle
FNDA:0,(anonymous_4)
FNDA:0,(anonymous_5)
FNDA:0,(anonymous_6)
DA:8,11
DA:9,11
DA:20,11
DA:22,11
DA:24,11
DA:27,11
DA:29,11
DA:31,0
DA:33,0
DA:35,11
DA:36,0
DA:39,11
DA:40,0
DA:41,0
DA:45,11
DA:46,0
DA:47,0
DA:49,11
LF:18
LH:11
BRDA:40,0,0,0
BRDA:40,0,1,0
BRF:2
BRH:0
end_of_record
TN:
SF:/Users/adarshpastakia/Workspace/Personal/aurelia-ui-framework/source/src/menu/ui-dropdown.ts
FN:13,(anonymous_2)
FN:40,UIDropdown
FN:42,(anonymous_4)
FN:47,(anonymous_5)
FN:49,(anonymous_6)
FN:53,(anonymous_7)
FN:60,(anonymous_8)
FNF:7
FNH:1
FNDA:11,(anonymous_2)
FNDA:0,UIDropdown
FNDA:0,(anonymous_4)
FNDA:0,(anonymous_5)
FNDA:0,(anonymous_6)
FNDA:0,(anonymous_7)
FNDA:0,(anonymous_8)
DA:7,11
DA:9,11
DA:13,11
DA:15,11
DA:18,11
DA:21,11
DA:23,11
DA:26,11
DA:28,11
DA:30,11
DA:32,11
DA:35,11
DA:38,0
DA:40,0
DA:42,11
DA:43,0
DA:44,0
DA:47,11
DA:48,0
DA:49,0
DA:53,11
DA:54,0
DA:55,0
DA:56,0
DA:60,11
DA:61,0
DA:62,0
DA:63,0
DA:64,0
DA:65,0
DA:66,0
DA:69,11
LF:32
LH:17
BRDA:48,0,0,0
BRDA:48,0,1,0
BRDA:49,1,0,0
BRDA:49,1,1,0
BRDA:54,2,0,0
BRDA:54,2,1,0
BRDA:56,3,0,0
BRDA:56,3,1,0
BRDA:62,4,0,0
BRDA:62,4,1,0
BRDA:63,5,0,0
BRDA:63,5,1,0
BRDA:64,6,0,0
BRDA:64,6,1,0
BRF:14
BRH:0
end_of_record
TN:
SF:/Users/adarshpastakia/Workspace/Personal/aurelia-ui-framework/source/src/menu/ui-menu.ts
FN:22,(anonymous_2)
FN:23,UIMenu
FN:25,(anonymous_4)
FN:42,(anonymous_5)
FN:50,UIMenuGroup
FN:52,(anonymous_7)
FN:61,(anonymous_8)
FN:85,UIMenuItem
FN:89,(anonymous_10)
FN:98,(anonymous_11)
FN:108,(anonymous_12)
FN:120,(anonymous_13)
FNF:12
FNH:3
FNDA:11,(anonymous_2)
FNDA:0,UIMenu
FNDA:0,(anonymous_4)
FNDA:11,(anonymous_5)
FNDA:0,UIMenuGroup
FNDA:0,(anonymous_7)
FNDA:11,(anonymous_8)
FNDA:0,UIMenuItem
FNDA:0,(anonymous_10)
FNDA:0,(anonymous_11)
FNDA:0,(anonymous_12)
FNDA:0,(anonymous_13)
DA:8,11
DA:17,11
DA:22,11
DA:23,0
DA:25,11
DA:26,0
DA:27,0
DA:28,0
DA:31,11
DA:42,11
DA:44,11
DA:46,11
DA:50,0
DA:52,11
DA:53,0
DA:54,0
DA:57,11
DA:61,11
DA:63,11
DA:65,11
DA:67,11
DA:69,11
DA:72,11
DA:74,11
DA:79,11
DA:80,0
DA:85,0
DA:86,0
DA:89,11
DA:90,0
DA:91,0
DA:92,0
DA:93,0
DA:95,0
DA:98,11
DA:99,0
DA:100,0
DA:101,0
DA:102,0
DA:103,0
DA:108,11
DA:109,0
DA:110,0
DA:112,0
DA:113,0
DA:114,0
DA:116,0
DA:120,11
DA:121,0
DA:122,0
DA:123,0
DA:124,0
DA:125,0
DA:128,11
LF:54
LH:23
BRDA:27,0,0,0
BRDA:27,0,1,0
BRDA:53,1,0,0
BRDA:53,1,1,0
BRDA:91,2,0,0
BRDA:91,2,1,0
BRDA:99,3,0,0
BRDA:99,3,1,0
BRDA:100,4,0,0
BRDA:100,4,1,0
BRDA:102,5,0,0
BRDA:102,5,1,0
BRDA:109,6,0,0
BRDA:109,6,1,0
BRDA:112,7,0,0
BRDA:112,7,1,0
BRDA:112,8,0,0
BRDA:112,8,1,0
BRDA:121,9,0,0
BRDA:121,9,1,0
BRDA:122,10,0,0
BRDA:122,10,1,0
BRDA:123,11,0,0
BRDA:123,11,1,0
BRF:24
BRH:0
end_of_record
TN:
SF:/Users/adarshpastakia/Workspace/Personal/aurelia-ui-framework/source/src/menu/ui-menubar.ts
FN:20,(anonymous_4)
FN:27,UIMenubar
FN:28,(anonymous_6)
FN:33,(anonymous_7)
FN:34,(anonymous_8)
FN:37,(anonymous_9)
FN:41,(anonymous_10)
FN:46,(anonymous_11)
FN:58,(anonymous_12)
FN:60,(anonymous_13)
FNF:10
FNH:1
FNDA:11,(anonymous_4)
FNDA:0,UIMenubar
FNDA:0,(anonymous_6)
FNDA:0,(anonymous_7)
FNDA:0,(anonymous_8)
FNDA:0,(anonymous_9)
FNDA:0,(anonymous_10)
FNDA:0,(anonymous_11)
FNDA:0,(anonymous_12)
FNDA:0,(anonymous_13)
DA:8,11
DA:9,11
DA:20,11
DA:24,0
DA:27,0
DA:28,0
DA:29,0
DA:33,11
DA:34,0
DA:37,11
DA:38,0
DA:41,11
DA:42,0
DA:43,0
DA:44,0
DA:46,0
DA:47,0
DA:51,0
DA:52,0
DA:55,0
DA:58,11
DA:59,0
DA:60,0
DA:61,0
DA:64,11
LF:25
LH:8
BRDA:47,0,0,0
BRDA:47,0,1,0
BRDA:48,1,0,0
BRDA:48,1,1,0
BRDA:48,1,2,0
BRDA:48,1,3,0
BRF:6
BRH:0
end_of_record
TN:
SF:/Users/adarshpastakia/Workspace/Personal/aurelia-ui-framework/source/src/panels/ui-alert.ts
FN:13,(anonymous_2)
FN:27,UIAlert
FN:31,(anonymous_4)
FN:34,(anonymous_5)
FNF:4
FNH:1
FNDA:11,(anonymous_2)
FNDA:0,UIAlert
FNDA:0,(anonymous_4)
FNDA:0,(anonymous_5)
DA:8,11
DA:9,11
DA:13,11
DA:15,11
DA:17,11
DA:19,11
DA:21,11
DA:23,11
DA:25,0
DA:27,0
DA:28,0
DA:31,11
DA:32,0
DA:33,0
DA:34,0
DA:35,0
DA:39,11
LF:17
LH:10
BRDA:32,0,0,0
BRDA:32,0,1,0
BRF:2
BRH:0
end_of_record
TN:
SF:/Users/adarshpastakia/Workspace/Personal/aurelia-ui-framework/source/src/panels/ui-base.ts
FN:18,(anonymous_2)
FN:24,UIHeader
FN:33,(anonymous_4)
FN:36,UIHeaderIcon
FN:45,(anonymous_6)
FN:46,UIHeaderTitle
FN:52,(anonymous_8)
FN:53,UIHeaderActions
FN:62,(anonymous_10)
FN:63,UIFooter
FNF:10
FNH:10
FNDA:11,(anonymous_2)
FNDA:5,UIHeader
FNDA:11,(anonymous_4)
FNDA:2,UIHeaderIcon
FNDA:11,(anonymous_6)
FNDA:2,UIHeaderTitle
FNDA:11,(anonymous_8)
FNDA:2,UIHeaderActions
FNDA:11,(anonymous_10)
FNDA:2,UIFooter
DA:7,11
DA:18,11
DA:20,11
DA:22,11
DA:24,5
DA:25,11
DA:33,11
DA:35,11
DA:36,2
DA:37,11
DA:45,11
DA:46,2
DA:47,11
DA:52,11
DA:53,2
DA:54,11
DA:62,11
DA:63,2
DA:64,11
LF:19
LH:19
BRF:0
BRH:0
end_of_record
TN:
SF:/Users/adarshpastakia/Workspace/Personal/aurelia-ui-framework/source/src/panels/ui-card-body.ts
FN:12,(anonymous_2)
FN:13,UICardTitle
FN:19,(anonymous_4)
FN:20,UICardMeta
FN:26,(anonymous_6)
FN:27,UICardList
FN:33,(anonymous_8)
FN:34,UICardContent
FN:44,(anonymous_10)
FN:45,UICardMedia
FNF:10
FNH:10
FNDA:11,(anonymous_2)
FNDA:1,UICardTitle
FNDA:11,(anonymous_4)
FNDA:1,UICardMeta
FNDA:11,(anonymous_6)
FNDA:1,UICardList
FNDA:11,(anonymous_8)
FNDA:2,UICardContent
FNDA:11,(anonymous_10)
FNDA:2,UICardMedia
DA:7,11
DA:12,11
DA:13,1
DA:14,11
DA:19,11
DA:20,1
DA:21,11
DA:26,11
DA:27,1
DA:28,11
DA:33,11
DA:34,2
DA:35,2
DA:36,1
DA:39,11
DA:44,11
DA:45,2
DA:46,2
DA:47,1
DA:50,11
LF:20
LH:20
BRDA:35,0,0,1
BRDA:35,0,1,1
BRDA:46,1,0,1
BRDA:46,1,1,1
BRF:4
BRH:4
end_of_record
TN:
SF:/Users/adarshpastakia/Workspace/Personal/aurelia-ui-framework/source/src/panels/ui-card.ts
FN:16,(anonymous_2)
FN:24,UICard
FNF:2
FNH:2
FNDA:11,(anonymous_2)
FNDA:1,UICard
DA:7,11
DA:16,11
DA:18,11
DA:20,11
DA:22,11
DA:24,1
DA:25,11
LF:7
LH:7
BRF:0
BRH:0
end_of_record
TN:
SF:/Users/adarshpastakia/Workspace/Personal/aurelia-ui-framework/source/src/panels/ui-dialog.ts
FN:13,(anonymous_4)
FN:66,UIDialogElement
FN:70,(anonymous_6)
FN:74,(anonymous_7)
FN:78,(anonymous_8)
FN:84,(anonymous_9)
FN:88,(anonymous_10)
FN:94,(anonymous_11)
FN:111,(anonymous_12)
FN:132,(anonymous_13)
FNF:10
FNH:5
FNDA:12,(anonymous_4)
FNDA:1,UIDialogElement
FNDA:0,(anonymous_6)
FNDA:0,(anonymous_7)
FNDA:0,(anonymous_8)
FNDA:0,(anonymous_9)
FNDA:1,(anonymous_10)
FNDA:1,(anonymous_11)
FNDA:0,(anonymous_12)
FNDA:2,(anonymous_13)
DA:8,12
DA:9,12
DA:13,12
DA:15,12
DA:17,12
DA:20,12
DA:22,12
DA:24,12
DA:26,12
DA:28,12
DA:30,12
DA:33,12
DA:35,12
DA:37,12
DA:39,12
DA:41,12
DA:43,12
DA:46,12
DA:50,1
DA:51,1
DA:52,1
DA:56,1
DA:66,1
DA:67,1
DA:70,12
DA:71,0
DA:74,12
DA:75,0
DA:78,12
DA:79,0
DA:80,0
DA:81,0
DA:84,12
DA:85,0
DA:88,12
DA:89,1
DA:90,0
DA:94,12
DA:95,1
DA:96,1
DA:97,1
DA:98,1
DA:99,1
DA:101,1
DA:102,1
DA:104,1
DA:111,12
DA:112,0
DA:113,0
DA:132,24
DA:133,2
DA:143,2
DA:144,0
DA:145,0
DA:148,2
DA:150,12
LF:56
LH:45
BRDA:89,0,0,0
BRDA:89,0,1,1
BRDA:95,1,0,1
BRDA:95,1,1,0
BRDA:98,2,0,1
BRDA:98,2,1,0
BRDA:101,3,0,1
BRDA:101,3,1,0
BRDA:115,4,0,0
BRDA:115,4,1,0
BRDA:116,5,0,0
BRDA:116,5,1,0
BRDA:143,6,0,0
BRDA:143,6,1,2
BRF:14
BRH:5
end_of_record
TN:
SF:/Users/adarshpastakia/Workspace/Personal/aurelia-ui-framework/source/src/panels/ui-panel.ts
FN:20,(anonymous_2)
FN:48,UIPanel
FN:53,(anonymous_4)
FN:55,(anonymous_5)
FN:59,(anonymous_6)
FN:63,(anonymous_7)
FN:65,(anonymous_8)
FN:73,(anonymous_9)
FNF:8
FNH:8
FNDA:11,(anonymous_2)
FNDA:3,UIPanel
FNDA:2,(anonymous_4)
FNDA:2,(anonymous_5)
FNDA:2,(anonymous_6)
FNDA:1,(anonymous_7)
FNDA:1,(anonymous_8)
FNDA:11,(anonymous_9)
DA:8,11
DA:16,11
DA:20,11
DA:22,11
DA:24,11
DA:27,11
DA:30,11
DA:32,11
DA:34,11
DA:36,11
DA:38,11
DA:40,11
DA:43,11
DA:45,3
DA:46,3
DA:48,3
DA:49,3
DA:50,3
DA:53,11
DA:54,2
DA:55,2
DA:59,11
DA:60,2
DA:63,11
DA:64,1
DA:65,1
DA:66,1
DA:68,11
DA:73,11
DA:75,11
LF:30
LH:30
BRDA:55,0,0,1
BRDA:55,0,1,1
BRF:2
BRH:2
end_of_record
TN:
SF:/Users/adarshpastakia/Workspace/Personal/aurelia-ui-framework/source/src/panels/ui-tab-panel.ts
FN:40,(anonymous_16)
FN:64,UITabPanel
FN:68,(anonymous_18)
FN:73,(anonymous_19)
FN:74,(anonymous_22)
FN:85,(anonymous_23)
FN:91,(anonymous_24)
FN:92,(anonymous_27)
FN:101,(anonymous_28)
FN:108,(anonymous_29)
FN:113,(anonymous_30)
FN:116,(anonymous_31)
FN:119,(anonymous_32)
FN:123,(anonymous_33)
FN:128,(anonymous_34)
FN:129,(anonymous_35)
FN:131,(anonymous_36)
FN:137,(anonymous_37)
FN:138,(anonymous_38)
FN:153,(anonymous_39)
FN:154,(anonymous_40)
FN:158,(anonymous_41)
FN:163,(anonymous_42)
FN:168,(anonymous_43)
FN:180,(anonymous_44)
FN:182,(anonymous_45)
FN:193,(anonymous_46)
FN:217,UITab
FN:227,(anonymous_48)
FN:228,UITabbarStart
FN:235,(anonymous_50)
FN:236,UITabbarEnd
FNF:32
FNH:4
FNDA:11,(anonymous_16)
FNDA:0,UITabPanel
FNDA:0,(anonymous_18)
FNDA:0,(anonymous_19)
FNDA:0,(anonymous_22)
FNDA:0,(anonymous_23)
FNDA:0,(anonymous_24)
FNDA:0,(anonymous_27)
FNDA:0,(anonymous_28)
FNDA:0,(anonymous_29)
FNDA:0,(anonymous_30)
FNDA:0,(anonymous_31)
FNDA:0,(anonymous_32)
FNDA:0,(anonymous_33)
FNDA:0,(anonymous_34)
FNDA:0,(anonymous_35)
FNDA:0,(anonymous_36)
FNDA:0,(anonymous_37)
FNDA:0,(anonymous_38)
FNDA:0,(anonymous_39)
FNDA:0,(anonymous_40)
FNDA:0,(anonymous_41)
FNDA:0,(anonymous_42)
FNDA:0,(anonymous_43)
FNDA:0,(anonymous_44)
FNDA:0,(anonymous_45)
FNDA:11,(anonymous_46)
FNDA:0,UITab
FNDA:11,(anonymous_48)
FNDA:0,UITabbarStart
FNDA:11,(anonymous_50)
FNDA:0,UITabbarEnd
DA:8,11
DA:19,11
DA:21,11
DA:40,11
DA:42,11
DA:44,11
DA:47,11
DA:50,11
DA:53,11
DA:61,0
DA:64,0
DA:65,0
DA:66,0
DA:68,0
DA:69,0
DA:73,11
DA:74,0
DA:76,0
DA:77,0
DA:78,0
DA:80,0
DA:81,0
DA:85,0
DA:87,0
DA:91,11
DA:92,0
DA:94,0
DA:95,0
DA:96,0
DA:98,0
DA:99,0
DA:101,0
DA:103,0
DA:108,11
DA:109,0
DA:113,11
DA:114,0
DA:115,0
DA:116,0
DA:119,11
DA:120,0
DA:123,11
DA:124,0
DA:125,0
DA:128,11
DA:129,0
DA:130,0
DA:131,0
DA:132,0
DA:133,0
DA:137,11
DA:138,0
DA:139,0
DA:140,0
DA:142,0
DA:143,0
DA:145,0
DA:146,0
DA:147,0
DA:148,0
DA:150,0
DA:153,11
DA:154,0
DA:155,0
DA:156,0
DA:157,0
DA:158,0
DA:160,0
DA:163,11
DA:164,0
DA:165,0
DA:166,0
DA:168,0
DA:169,0
DA:173,0
DA:174,0
DA:177,0
DA:180,11
DA:181,0
DA:182,0
DA:183,0
DA:186,11
DA:193,11
DA:195,11
DA:197,11
DA:199,11
DA:201,11
DA:203,11
DA:206,11
DA:208,11
DA:210,11
DA:213,11
DA:215,0
DA:217,0
DA:218,0
DA:219,0
DA:221,11
DA:227,11
DA:228,0
DA:229,11
DA:235,11
DA:236,0
DA:237,11
LF:103
LH:36
BRDA:65,0,0,0
BRDA:65,0,1,0
BRDA:80,1,0,0
BRDA:80,1,1,0
BRDA:85,2,0,0
BRDA:85,2,1,0
BRDA:95,3,0,0
BRDA:95,3,1,0
BRDA:98,4,0,0
BRDA:98,4,1,0
BRDA:101,5,0,0
BRDA:101,5,1,0
BRDA:124,6,0,0
BRDA:124,6,1,0
BRDA:129,7,0,0
BRDA:129,7,1,0
BRDA:130,8,0,0
BRDA:130,8,1,0
BRDA:131,9,0,0
BRDA:131,9,1,0
BRDA:139,10,0,0
BRDA:139,10,1,0
BRDA:142,11,0,0
BRDA:142,11,1,0
BRDA:157,12,0,0
BRDA:157,12,1,0
BRDA:169,13,0,0
BRDA:169,13,1,0
BRDA:170,14,0,0
BRDA:170,14,1,0
BRDA:170,14,2,0
BRDA:170,14,3,0
BRF:32
BRH:0
end_of_record
TN:
SF:/Users/adarshpastakia/Workspace/Personal/aurelia-ui-framework/source/src/services/ui-alert.ts
FN:27,(anonymous_4)
FN:28,UIAlertService
FN:34,(anonymous_6)
FN:44,(anonymous_7)
FN:54,(anonymous_8)
FN:62,(anonymous_9)
FN:70,(anonymous_10)
FN:87,(anonymous_11)
FN:88,(anonymous_12)
FN:114,(anonymous_13)
FN:117,(anonymous_14)
FN:130,(anonymous_15)
FN:136,(anonymous_16)
FN:137,(anonymous_17)
FN:165,(anonymous_18)
FN:168,(anonymous_19)
FNF:16
FNH:1
FNDA:12,(anonymous_4)
FNDA:0,UIAlertService
FNDA:0,(anonymous_6)
FNDA:0,(anonymous_7)
FNDA:0,(anonymous_8)
FNDA:0,(anonymous_9)
FNDA:0,(anonymous_10)
FNDA:0,(anonymous_11)
FNDA:0,(anonymous_12)
FNDA:0,(anonymous_13)
FNDA:0,(anonymous_14)
FNDA:0,(anonymous_15)
FNDA:0,(anonymous_16)
FNDA:0,(anonymous_17)
FNDA:0,(anonymous_18)
FNDA:0,(anonymous_19)
DA:7,12
DA:8,12
DA:9,12
DA:27,12
DA:29,0
DA:30,0
DA:31,0
DA:34,12
DA:37,0
DA:39,0
DA:40,0
DA:41,0
DA:44,12
DA:47,0
DA:49,0
DA:50,0
DA:51,0
DA:54,12
DA:57,0
DA:59,0
DA:62,12
DA:65,0
DA:67,0
DA:70,12
DA:73,0
DA:75,0
DA:76,0
DA:78,0
DA:79,0
DA:81,0
DA:82,0
DA:84,0
DA:87,12
DA:88,0
DA:89,0
DA:98,0
DA:99,0
DA:112,0
DA:113,0
DA:114,0
DA:115,0
DA:116,0
DA:117,0
DA:118,0
DA:121,0
DA:122,0
DA:126,0
DA:127,0
DA:130,0
DA:131,0
DA:136,12
DA:137,0
DA:138,0
DA:145,0
DA:163,0
DA:164,0
DA:165,0
DA:166,0
DA:167,0
DA:168,0
DA:169,0
DA:172,0
DA:173,0
DA:174,0
DA:177,12
LF:65
LH:12
BRDA:37,0,0,0
BRDA:37,0,1,0
BRDA:47,1,0,0
BRDA:47,1,1,0
BRDA:57,2,0,0
BRDA:57,2,1,0
BRDA:65,3,0,0
BRDA:65,3,1,0
BRDA:73,4,0,0
BRDA:73,4,1,0
BRDA:75,5,0,0
BRDA:75,5,1,0
BRDA:78,6,0,0
BRDA:78,6,1,0
BRDA:81,7,0,0
BRDA:81,7,1,0
BRDA:98,8,0,0
BRDA:98,8,1,0
BRDA:100,9,0,0
BRDA:100,9,1,0
BRDA:123,10,0,0
BRDA:123,10,1,0
BRDA:126,11,0,0
BRDA:126,11,1,0
BRF:24
BRH:0
end_of_record
TN:
SF:/Users/adarshpastakia/Workspace/Personal/aurelia-ui-framework/source/src/services/ui-application.ts
FN:14,(anonymous_4)
FN:22,UIApplication
FN:24,(anonymous_6)
FN:27,(anonymous_7)
FNF:4
FNH:4
FNDA:12,(anonymous_4)
FNDA:2,UIApplication
FNDA:1,(anonymous_6)
FNDA:1,(anonymous_7)
DA:7,12
DA:8,12
DA:9,12
DA:10,12
DA:14,12
DA:16,2
DA:17,2
DA:18,2
DA:20,2
DA:22,2
DA:24,12
DA:25,1
DA:27,12
DA:28,1
DA:30,12
LF:15
LH:15
BRF:0
BRH:0
end_of_record
TN:
SF:/Users/adarshpastakia/Workspace/Personal/aurelia-ui-framework/source/src/services/ui-dialog.ts
FN:14,(anonymous_4)
FN:32,UIDialogService
FN:38,(anonymous_6)
FN:48,(anonymous_7)
FN:50,(anonymous_8)
FN:53,(anonymous_9)
FN:58,(anonymous_10)
FN:61,(anonymous_11)
FN:79,(anonymous_12)
FN:82,(anonymous_13)
FN:83,(anonymous_14)
FN:84,(anonymous_15)
FN:85,(anonymous_16)
FN:87,(anonymous_17)
FN:88,(anonymous_18)
FN:91,(anonymous_19)
FN:107,(anonymous_20)
FN:120,(anonymous_21)
FN:140,(anonymous_22)
FN:146,(anonymous_23)
FN:149,(anonymous_24)
FN:157,(anonymous_25)
FN:161,(anonymous_26)
FN:172,(anonymous_27)
FN:182,(anonymous_28)
FN:190,(anonymous_29)
FNF:26
FNH:10
FNDA:12,(anonymous_4)
FNDA:1,UIDialogService
FNDA:1,(anonymous_6)
FNDA:1,(anonymous_7)
FNDA:1,(anonymous_8)
FNDA:1,(anonymous_9)
FNDA:1,(anonymous_10)
FNDA:1,(anonymous_11)
FNDA:1,(anonymous_12)
FNDA:0,(anonymous_13)
FNDA:0,(anonymous_14)
FNDA:0,(anonymous_15)
FNDA:0,(anonymous_16)
FNDA:0,(anonymous_17)
FNDA:0,(anonymous_18)
FNDA:0,(anonymous_19)
FNDA:0,(anonymous_20)
FNDA:0,(anonymous_21)
FNDA:0,(anonymous_22)
FNDA:0,(anonymous_23)
FNDA:0,(anonymous_24)
FNDA:0,(anonymous_25)
FNDA:0,(anonymous_26)
FNDA:0,(anonymous_27)
FNDA:0,(anonymous_28)
FNDA:1,(anonymous_29)
DA:7,12
DA:8,12
DA:9,12
DA:10,12
DA:14,12
DA:16,1
DA:17,1
DA:19,1
DA:33,1
DA:34,1
DA:35,1
DA:38,12
DA:39,1
DA:41,1
DA:48,1
DA:49,1
DA:51,1
DA:54,1
DA:59,1
DA:60,1
DA:61,1
DA:63,1
DA:64,1
DA:65,1
DA:66,1
DA:67,1
DA:69,1
DA:71,1
DA:72,0
DA:74,1
DA:79,12
DA:80,1
DA:81,1
DA:82,1
DA:83,1
DA:84,1
DA:85,1
DA:87,1
DA:88,1
DA:90,1
DA:91,1
DA:92,0
DA:93,0
DA:94,0
DA:95,0
DA:97,0
DA:107,12
DA:108,0
DA:120,12
DA:121,0
DA:122,0
DA:123,0
DA:125,0
DA:126,0
DA:128,0
DA:129,0
DA:131,0
DA:132,0
DA:134,0
DA:135,0
DA:140,12
DA:141,0
DA:142,0
DA:146,12
DA:147,0
DA:148,0
DA:149,0
DA:150,0
DA:152,0
DA:157,12
DA:158,0
DA:159,0
DA:160,0
DA:162,0
DA:163,0
DA:164,0
DA:165,0
DA:166,0
DA:168,0
DA:169,0
DA:171,0
DA:172,0
DA:173,0
DA:174,0
DA:182,12
DA:183,0
DA:184,0
DA:186,0
DA:187,0
DA:190,12
DA:191,1
DA:192,0
DA:194,1
DA:196,12
LF:94
LH:50
BRDA:55,0,0,1
BRDA:55,0,1,0
BRDA:66,1,0,1
BRDA:66,1,1,0
BRDA:71,2,0,0
BRDA:71,2,1,1
BRDA:80,3,0,1
BRDA:80,3,1,0
BRDA:90,4,0,1
BRDA:90,4,1,0
BRDA:94,5,0,0
BRDA:94,5,1,0
BRDA:94,6,0,0
BRDA:94,6,1,0
BRDA:121,7,0,0
BRDA:121,7,1,0
BRDA:122,8,0,0
BRDA:122,8,1,0
BRDA:123,9,0,0
BRDA:123,9,1,0
BRDA:125,10,0,0
BRDA:125,10,1,0
BRDA:128,11,0,0
BRDA:128,11,1,0
BRDA:131,12,0,0
BRDA:131,12,1,0
BRDA:134,13,0,0
BRDA:134,13,1,0
BRDA:141,14,0,0
BRDA:141,14,1,0
BRDA:147,15,0,0
BRDA:147,15,1,0
BRDA:148,16,0,0
BRDA:148,16,1,0
BRDA:148,17,0,0
BRDA:148,17,1,0
BRDA:149,18,0,0
BRDA:149,18,1,0
BRDA:149,18,2,0
BRDA:150,19,0,0
BRDA:150,19,1,0
BRDA:158,20,0,0
BRDA:158,20,1,0
BRDA:158,21,0,0
BRDA:158,21,1,0
BRDA:162,22,0,0
BRDA:162,22,1,0
BRDA:165,23,0,0
BRDA:165,23,1,0
BRDA:173,24,0,0
BRDA:173,24,1,0
BRDA:183,25,0,0
BRDA:183,25,1,0
BRDA:191,26,0,0
BRDA:191,26,1,1
BRF:55
BRH:6
end_of_record
TN:
SF:/Users/adarshpastakia/Workspace/Personal/aurelia-ui-framework/source/src/utils/ui-app-config.ts
FN:10,(anonymous_0)
FNF:1
FNH:1
FNDA:12,(anonymous_0)
DA:10,12
DA:25,12
LF:2
LH:2
BRF:0
BRH:0
end_of_record
TN:
SF:/Users/adarshpastakia/Workspace/Personal/aurelia-ui-framework/source/src/utils/ui-format.ts
FN:11,(anonymous_1)
FN:12,toHTML
FN:17,date
FN:21,time
FN:25,datetime
FN:29,dateToISO
FN:33,utcDate
FN:41,age
FN:45,fromNow
FN:50,number
FN:54,currency
FN:62,percent
FNF:12
FNH:12
FNDA:12,(anonymous_1)
FNDA:3,toHTML
FNDA:3,date
FNDA:3,time
FNDA:3,datetime
FNDA:2,dateToISO
FNDA:3,utcDate
FNDA:3,age
FNDA:4,fromNow
FNDA:5,number
FNDA:4,currency
FNDA:4,percent
DA:7,12
DA:8,12
DA:9,12
DA:11,12
DA:12,12
DA:13,3
DA:17,12
DA:18,3
DA:21,12
DA:22,3
DA:25,12
DA:26,3
DA:29,12
DA:30,2
DA:33,12
DA:34,3
DA:41,12
DA:42,3
DA:45,12
DA:46,4
DA:50,12
DA:51,5
DA:54,12
DA:55,4
DA:62,12
DA:63,4
LF:26
LH:26
BRDA:17,0,0,2
BRDA:17,0,1,1
BRDA:18,1,0,1
BRDA:18,1,1,2
BRDA:18,2,0,3
BRDA:18,2,1,3
BRDA:21,3,0,2
BRDA:21,3,1,1
BRDA:22,4,0,1
BRDA:22,4,1,2
BRDA:22,5,0,3
BRDA:22,5,1,3
BRDA:25,6,0,2
BRDA:25,6,1,1
BRDA:26,7,0,1
BRDA:26,7,1,2
BRDA:26,8,0,3
BRDA:26,8,1,3
BRDA:30,9,0,1
BRDA:30,9,1,1
BRDA:30,10,0,2
BRDA:30,10,1,2
BRDA:35,11,0,1
BRDA:35,11,1,2
BRDA:34,12,0,3
BRDA:34,12,1,3
BRDA:42,13,0,1
BRDA:42,13,1,2
BRDA:42,14,0,3
BRDA:42,14,1,3
BRDA:46,15,0,1
BRDA:46,15,1,3
BRDA:46,16,0,4
BRDA:46,16,1,4
BRDA:50,17,0,4
BRDA:50,17,1,1
BRDA:51,18,0,1
BRDA:51,18,1,4
BRDA:51,19,0,5
BRDA:51,19,1,5
BRDA:54,20,0,2
BRDA:54,20,1,2
BRDA:54,21,0,3
BRDA:54,21,1,1
BRDA:56,22,0,1
BRDA:56,22,1,3
BRDA:55,23,0,4
BRDA:55,23,1,4
BRDA:63,24,0,1
BRDA:63,24,1,3
BRDA:63,25,0,4
BRDA:63,25,1,4
BRDA:63,26,0,2
BRDA:63,26,1,1
BRDA:11,27,0,12
BRDA:11,27,1,12
BRF:56
BRH:56
end_of_record
TN:
SF:/Users/adarshpastakia/Workspace/Personal/aurelia-ui-framework/source/src/utils/ui-http.ts
FN:15,(anonymous_2)
FN:18,UIHttpService
FN:22,(anonymous_4)
FN:24,(anonymous_5)
FN:28,(anonymous_6)
FN:43,(anonymous_7)
FN:61,(anonymous_8)
FN:66,(anonymous_9)
FN:78,(anonymous_10)
FN:81,(anonymous_11)
FN:93,(anonymous_12)
FN:96,(anonymous_13)
FN:108,(anonymous_14)
FN:111,(anonymous_15)
FN:124,(anonymous_16)
FN:127,(anonymous_17)
FN:140,(anonymous_18)
FN:143,(anonymous_19)
FN:156,(anonymous_20)
FN:159,(anonymous_21)
FN:170,(anonymous_22)
FN:173,(anonymous_23)
FN:182,(anonymous_24)
FN:191,(anonymous_25)
FN:199,(anonymous_26)
FN:208,(anonymous_27)
FN:236,(anonymous_28)
FN:239,(anonymous_29)
FN:243,(anonymous_30)
FN:252,(anonymous_31)
FNF:30
FNH:1
FNDA:12,(anonymous_2)
FNDA:0,UIHttpService
FNDA:0,(anonymous_4)
FNDA:0,(anonymous_5)
FNDA:0,(anonymous_6)
FNDA:0,(anonymous_7)
FNDA:0,(anonymous_8)
FNDA:0,(anonymous_9)
FNDA:0,(anonymous_10)
FNDA:0,(anonymous_11)
FNDA:0,(anonymous_12)
FNDA:0,(anonymous_13)
FNDA:0,(anonymous_14)
FNDA:0,(anonymous_15)
FNDA:0,(anonymous_16)
FNDA:0,(anonymous_17)
FNDA:0,(anonymous_18)
FNDA:0,(anonymous_19)
FNDA:0,(anonymous_20)
FNDA:0,(anonymous_21)
FNDA:0,(anonymous_22)
FNDA:0,(anonymous_23)
FNDA:0,(anonymous_24)
FNDA:0,(anonymous_25)
FNDA:0,(anonymous_26)
FNDA:0,(anonymous_27)
FNDA:0,(anonymous_28)
FNDA:0,(anonymous_29)
FNDA:0,(anonymous_30)
FNDA:0,(anonymous_31)
DA:8,12
DA:9,12
DA:10,12
DA:11,12
DA:12,12
DA:15,12
DA:18,0
DA:19,0
DA:20,0
DA:22,0
DA:23,0
DA:25,0
DA:26,0
DA:28,0
DA:29,0
DA:31,0
DA:32,0
DA:40,0
DA:41,0
DA:42,0
DA:43,0
DA:44,0
DA:45,0
DA:46,0
DA:48,0
DA:50,0
DA:51,0
DA:52,0
DA:55,0
DA:61,12
DA:62,0
DA:66,12
DA:68,0
DA:69,0
DA:71,0
DA:72,0
DA:78,0
DA:81,12
DA:83,0
DA:84,0
DA:86,0
DA:87,0
DA:93,0
DA:96,12
DA:98,0
DA:99,0
DA:101,0
DA:102,0
DA:108,0
DA:111,12
DA:114,0
DA:116,0
DA:117,0
DA:124,0
DA:127,12
DA:130,0
DA:132,0
DA:133,0
DA:140,0
DA:143,12
DA:146,0
DA:148,0
DA:149,0
DA:156,0
DA:159,12
DA:161,0
DA:163,0
DA:164,0
DA:170,0
DA:173,12
DA:176,0
DA:178,0
DA:179,0
DA:182,12
DA:185,0
DA:187,0
DA:188,0
DA:191,12
DA:192,0
DA:193,0
DA:195,0
DA:200,0
DA:208,12
DA:209,0
DA:210,0
DA:215,0
DA:217,0
DA:218,0
DA:219,0
DA:226,0
DA:229,0
DA:236,0
DA:239,12
DA:240,0
DA:241,0
DA:243,0
DA:244,0
DA:245,0
DA:247,0
DA:252,12
DA:253,0
DA:258,0
DA:260,0
DA:261,0
DA:262,0
DA:264,0
DA:265,0
DA:268,0
DA:269,0
DA:271,0
DA:273,12
LF:111
LH:21
BRDA:31,0,0,0
BRDA:31,0,1,0
BRDA:34,1,0,0
BRDA:34,1,1,0
BRDA:40,2,0,0
BRDA:40,2,1,0
BRDA:40,3,0,0
BRDA:40,3,1,0
BRDA:42,4,0,0
BRDA:42,4,1,0
BRDA:50,5,0,0
BRDA:50,5,1,0
BRDA:50,5,2,0
BRDA:51,6,0,0
BRDA:51,6,1,0
BRDA:51,6,2,0
BRDA:68,7,0,0
BRDA:68,7,1,0
BRDA:69,8,0,0
BRDA:69,8,1,0
BRDA:83,9,0,0
BRDA:83,9,1,0
BRDA:84,10,0,0
BRDA:84,10,1,0
BRDA:98,11,0,0
BRDA:98,11,1,0
BRDA:99,12,0,0
BRDA:99,12,1,0
BRDA:114,13,0,0
BRDA:114,13,1,0
BRDA:130,14,0,0
BRDA:130,14,1,0
BRDA:146,15,0,0
BRDA:146,15,1,0
BRDA:161,16,0,0
BRDA:161,16,1,0
BRDA:176,17,0,0
BRDA:176,17,1,0
BRDA:185,18,0,0
BRDA:185,18,1,0
BRDA:192,19,0,0
BRDA:192,19,1,0
BRDA:202,20,0,0
BRDA:202,20,1,0
BRDA:215,21,0,0
BRDA:215,21,1,0
BRDA:217,22,0,0
BRDA:217,22,1,0
BRDA:220,23,0,0
BRDA:220,23,1,0
BRDA:221,24,0,0
BRDA:221,24,1,0
BRDA:226,25,0,0
BRDA:226,25,1,0
BRDA:240,26,0,0
BRDA:240,26,1,0
BRDA:252,27,0,0
BRDA:252,27,1,0
BRDA:258,28,0,0
BRDA:258,28,1,0
BRDA:260,29,0,0
BRDA:260,29,1,0
BRDA:261,30,0,0
BRDA:261,30,1,0
BRDA:262,31,0,0
BRDA:262,31,1,0
BRDA:264,32,0,0
BRDA:264,32,1,0
BRDA:265,33,0,0
BRDA:265,33,1,0
BRDA:268,34,0,0
BRDA:268,34,1,0
BRDA:269,35,0,0
BRDA:269,35,1,0
BRF:74
BRH:0
end_of_record
TN:
SF:/Users/adarshpastakia/Workspace/Personal/aurelia-ui-framework/source/src/utils/ui-internal.ts
FN:18,(anonymous_0)
FN:23,queueTask
FN:26,queueMicroTask
FN:31,broadcast
FN:34,subscribe
FN:37,subscribeOnce
FN:41,createEvent
FN:49,fireCallbackEvent
FN:64,invokeLifecycle
FN:78,compileTemplate
FNF:10
FNH:10
FNDA:12,(anonymous_0)
FNDA:11,queueTask
FNDA:1,queueMicroTask
FNDA:4,broadcast
FNDA:5,subscribe
FNDA:1,subscribeOnce
FNDA:5,createEvent
FNDA:4,fireCallbackEvent
FNDA:1,invokeLifecycle
FNDA:3,compileTemplate
DA:7,12
DA:8,12
DA:18,12
DA:19,12
DA:20,12
DA:23,12
DA:24,11
DA:26,12
DA:27,1
DA:31,12
DA:32,4
DA:34,12
DA:35,5
DA:37,12
DA:38,1
DA:41,12
DA:42,5
DA:49,12
DA:54,4
DA:57,4
DA:58,1
DA:60,3
DA:64,12
DA:65,1
DA:66,0
DA:67,0
DA:68,0
DA:70,0
DA:71,0
DA:73,0
DA:75,1
DA:78,12
DA:79,3
DA:82,3
DA:83,3
DA:84,3
LF:36
LH:30
BRDA:55,0,0,3
BRDA:55,0,1,1
BRDA:57,1,0,1
BRDA:57,1,1,3
BRDA:65,2,0,0
BRDA:65,2,1,1
BRDA:65,3,0,1
BRDA:65,3,1,1
BRDA:67,4,0,0
BRDA:67,4,1,0
BRDA:70,5,0,0
BRDA:70,5,1,0
BRDA:70,6,0,0
BRDA:70,6,1,0
BRDA:78,7,0,1
BRDA:78,7,1,2
BRDA:18,8,0,12
BRDA:18,8,1,12
BRF:18
BRH:11
end_of_record
TN:
SF:/Users/adarshpastakia/Workspace/Personal/aurelia-ui-framework/source/src/utils/ui-tether.ts
FN:11,(anonymous_3)
FN:23,tether
FN:42,updatePosition
FN:135,scrollHandler
FN:136,(anonymous_7)
FN:139,getParentScroller
FN:156,attach
FN:160,(anonymous_10)
FN:167,(anonymous_11)
FN:177,(anonymous_12)
FN:181,(anonymous_13)
FNF:11
FNH:1
FNDA:11,(anonymous_3)
FNDA:0,tether
FNDA:0,updatePosition
FNDA:0,scrollHandler
FNDA:0,(anonymous_7)
FNDA:0,getParentScroller
FNDA:0,attach
FNDA:0,(anonymous_10)
FNDA:0,(anonymous_11)
FNDA:0,(anonymous_12)
FNDA:0,(anonymous_13)
DA:7,11
DA:8,11
DA:9,11
DA:11,11
DA:23,11
DA:26,0
DA:28,0
DA:32,11
DA:40,11
DA:48,0
DA:49,0
DA:50,0
DA:52,0
DA:53,0
DA:56,0
DA:57,0
DA:58,0
DA:59,0
DA:60,0
DA:61,0
DA:62,0
DA:63,0
DA:65,0
DA:74,0
DA:75,0
DA:76,0
DA:77,0
DA:78,0
DA:81,0
DA:82,0
DA:83,0
DA:84,0
DA:85,0
DA:86,0
DA:88,0
DA:89,0
DA:90,0
DA:91,0
DA:94,0
DA:95,0
DA:97,0
DA:98,0
DA:100,0
DA:101,0
DA:105,0
DA:106,0
DA:107,0
DA:108,0
DA:111,0
DA:112,0
DA:114,0
DA:115,0
DA:119,0
DA:120,0
DA:121,0
DA:122,0
DA:123,0
DA:125,0
DA:129,0
DA:132,0
DA:135,0
DA:136,0
DA:140,0
DA:141,0
DA:142,0
DA:143,0
DA:144,0
DA:149,0
DA:151,0
DA:153,0
DA:158,0
DA:160,0
DA:161,0
DA:162,0
DA:166,0
DA:167,0
DA:168,0
DA:169,0
DA:172,0
DA:173,0
DA:174,0
DA:176,0
DA:178,0
DA:179,0
DA:182,0
LF:85
LH:7
BRDA:26,0,0,0
BRDA:26,0,1,0
BRDA:52,1,0,0
BRDA:52,1,1,0
BRDA:74,2,0,0
BRDA:74,2,1,0
BRDA:81,3,0,0
BRDA:81,3,1,0
BRDA:83,4,0,0
BRDA:83,4,1,0
BRDA:85,5,0,0
BRDA:85,5,1,0
BRDA:88,6,0,0
BRDA:88,6,1,0
BRDA:90,7,0,0
BRDA:90,7,1,0
BRDA:94,8,0,0
BRDA:94,8,1,0
BRDA:97,9,0,0
BRDA:97,9,1,0
BRDA:100,10,0,0
BRDA:100,10,1,0
BRDA:105,11,0,0
BRDA:105,11,1,0
BRDA:106,12,0,0
BRDA:106,12,1,0
BRDA:106,13,0,0
BRDA:106,13,1,0
BRDA:107,14,0,0
BRDA:107,14,1,0
BRDA:108,15,0,0
BRDA:108,15,1,0
BRDA:108,16,0,0
BRDA:108,16,1,0
BRDA:111,17,0,0
BRDA:111,17,1,0
BRDA:113,18,0,0
BRDA:113,18,1,0
BRDA:113,19,0,0
BRDA:113,19,1,0
BRDA:114,20,0,0
BRDA:114,20,1,0
BRDA:116,21,0,0
BRDA:116,21,1,0
BRDA:116,22,0,0
BRDA:116,22,1,0
BRDA:119,23,0,0
BRDA:119,23,1,0
BRDA:125,24,0,0
BRDA:125,24,1,0
BRDA:126,25,0,0
BRDA:126,25,1,0
BRDA:135,26,0,0
BRDA:135,26,1,0
BRDA:144,27,0,0
BRDA:144,27,1,0
BRDA:145,28,0,0
BRDA:145,28,1,0
BRDA:145,28,2,0
BRDA:158,29,0,0
BRDA:158,29,1,0
BRDA:161,30,0,0
BRDA:161,30,1,0
BRDA:166,31,0,0
BRDA:166,31,1,0
BRDA:173,32,0,0
BRDA:173,32,1,0
BRDA:11,33,0,11
BRDA:11,33,1,11
BRF:69
BRH:2
end_of_record
TN:
SF:/Users/adarshpastakia/Workspace/Personal/aurelia-ui-framework/source/src/value-converters/ui-object.ts
FN:8,(anonymous_2)
FN:9,(anonymous_4)
FN:14,(anonymous_5)
FN:15,(anonymous_7)
FN:20,(anonymous_8)
FN:25,(anonymous_9)
FN:26,(anonymous_11)
FN:32,(anonymous_12)
FN:33,(anonymous_14)
FN:46,(anonymous_15)
FN:57,(anonymous_16)
FN:66,(anonymous_17)
FN:67,(anonymous_19)
FNF:13
FNH:13
FNDA:22,(anonymous_2)
FNDA:3,(anonymous_4)
FNDA:22,(anonymous_5)
FNDA:2,(anonymous_7)
FNDA:3,(anonymous_8)
FNDA:22,(anonymous_9)
FNDA:1,(anonymous_11)
FNDA:22,(anonymous_12)
FNDA:6,(anonymous_14)
FNDA:6,(anonymous_15)
FNDA:6,(anonymous_16)
FNDA:22,(anonymous_17)
FNDA:4,(anonymous_19)
DA:8,11
DA:9,11
DA:10,3
DA:12,11
DA:14,11
DA:15,11
DA:16,2
DA:17,1
DA:19,1
DA:20,3
DA:21,1
DA:23,11
DA:25,11
DA:26,11
DA:27,1
DA:29,11
DA:32,11
DA:33,11
DA:38,6
DA:39,1
DA:41,5
DA:42,1
DA:44,4
DA:45,2
DA:46,2
DA:47,6
DA:54,2
DA:56,2
DA:58,6
DA:64,11
DA:66,11
DA:67,11
DA:70,7
DA:72,4
DA:73,1
DA:75,3
DA:76,1
DA:78,2
DA:80,11
LF:39
LH:39
BRDA:9,0,0,2
BRDA:9,0,1,1
BRDA:10,1,0,3
BRDA:10,1,1,1
BRDA:16,2,0,1
BRDA:16,2,1,1
BRDA:38,3,0,1
BRDA:38,3,1,5
BRDA:41,4,0,1
BRDA:41,4,1,4
BRDA:44,5,0,2
BRDA:44,5,1,2
BRDA:51,6,0,4
BRDA:51,6,1,2
BRDA:47,7,0,6
BRDA:47,7,1,5
BRDA:49,8,0,3
BRDA:49,8,1,2
BRDA:59,9,0,3
BRDA:59,9,1,3
BRDA:70,10,0,3
BRDA:70,10,1,1
BRDA:72,11,0,1
BRDA:72,11,1,3
BRDA:75,12,0,1
BRDA:75,12,1,2
BRDA:78,13,0,2
BRDA:78,13,1,2
BRF:28
BRH:28
end_of_record
TN:
SF:/Users/adarshpastakia/Workspace/Personal/aurelia-ui-framework/source/src/value-converters/ui-text.ts
FN:10,(anonymous_0)
FN:11,(anonymous_2)
FN:16,(anonymous_3)
FN:17,(anonymous_5)
FN:22,(anonymous_6)
FN:23,(anonymous_8)
FN:28,(anonymous_9)
FN:29,(anonymous_11)
FN:34,(anonymous_12)
FN:35,(anonymous_14)
FN:41,(anonymous_15)
FN:42,(anonymous_17)
FN:49,(anonymous_18)
FN:50,(anonymous_20)
FN:54,(anonymous_21)
FN:55,(anonymous_23)
FN:59,(anonymous_24)
FN:60,(anonymous_26)
FN:64,(anonymous_27)
FN:65,(anonymous_29)
FN:69,(anonymous_30)
FN:70,(anonymous_32)
FN:74,(anonymous_33)
FN:75,(anonymous_35)
FN:81,(anonymous_36)
FN:82,(anonymous_38)
FN:86,(anonymous_39)
FN:87,(anonymous_41)
FN:91,(anonymous_42)
FN:92,(anonymous_44)
FNF:30
FNH:30
FNDA:22,(anonymous_0)
FNDA:1,(anonymous_2)
FNDA:22,(anonymous_3)
FNDA:2,(anonymous_5)
FNDA:22,(anonymous_6)
FNDA:3,(anonymous_8)
FNDA:22,(anonymous_9)
FNDA:3,(anonymous_11)
FNDA:22,(anonymous_12)
FNDA:3,(anonymous_14)
FNDA:22,(anonymous_15)
FNDA:3,(anonymous_17)
FNDA:22,(anonymous_18)
FNDA:1,(anonymous_20)
FNDA:22,(anonymous_21)
FNDA:1,(anonymous_23)
FNDA:22,(anonymous_24)
FNDA:1,(anonymous_26)
FNDA:22,(anonymous_27)
FNDA:1,(anonymous_29)
FNDA:22,(anonymous_30)
FNDA:1,(anonymous_32)
FNDA:22,(anonymous_33)
FNDA:1,(anonymous_35)
FNDA:22,(anonymous_36)
FNDA:1,(anonymous_38)
FNDA:22,(anonymous_39)
FNDA:1,(anonymous_41)
FNDA:22,(anonymous_42)
FNDA:1,(anonymous_44)
DA:8,11
DA:10,11
DA:11,11
DA:12,1
DA:14,11
DA:16,11
DA:17,11
DA:18,2
DA:20,11
DA:22,11
DA:23,11
DA:24,3
DA:26,11
DA:28,11
DA:29,11
DA:30,3
DA:32,11
DA:34,11
DA:35,11
DA:36,3
DA:37,3
DA:39,11
DA:41,11
DA:42,11
DA:43,3
DA:44,3
DA:46,11
DA:49,11
DA:50,11
DA:51,1
DA:53,11
DA:54,11
DA:55,11
DA:56,1
DA:58,11
DA:59,11
DA:60,11
DA:61,1
DA:63,11
DA:64,11
DA:65,11
DA:66,1
DA:68,11
DA:69,11
DA:70,11
DA:71,1
DA:73,11
DA:74,11
DA:75,11
DA:76,1
DA:78,11
DA:81,11
DA:82,11
DA:83,1
DA:85,11
DA:86,11
DA:87,11
DA:88,1
DA:90,11
DA:91,11
DA:92,11
DA:93,1
DA:95,11
LF:63
LH:63
BRDA:18,0,0,2
BRDA:18,0,1,1
BRDA:23,1,0,2
BRDA:23,1,1,1
BRDA:24,2,0,3
BRDA:24,2,1,1
BRDA:29,3,0,2
BRDA:29,3,1,1
BRDA:30,4,0,3
BRDA:30,4,1,1
BRDA:35,5,0,2
BRDA:35,5,1,1
BRDA:36,6,0,3
BRDA:36,6,1,1
BRDA:37,7,0,3
BRDA:37,7,1,1
BRDA:42,8,0,2
BRDA:42,8,1,1
BRDA:43,9,0,3
BRDA:43,9,1,1
BRDA:44,10,0,3
BRDA:44,10,1,1
BRF:22
BRH:22
end_of_record
